Performing C SOURCE FILE Test HAVE_BROKEN_SS_FAMILY failed with the following output:
Change Dir: /home/code/libxml2-2.9.12/build/CMakeFiles/CMakeTmp

Run Build Command(s):/usr/bin/gmake -f Makefile cmTC_c1ab4/fast && /usr/bin/gmake  -f CMakeFiles/cmTC_c1ab4.dir/build.make CMakeFiles/cmTC_c1ab4.dir/build
gmake[1]: Entering directory '/home/code/libxml2-2.9.12/build/CMakeFiles/CMakeTmp'
Building C object CMakeFiles/cmTC_c1ab4.dir/src.c.o
/usr/bin/cc -DHAVE_BROKEN_SS_FAMILY   -o CMakeFiles/cmTC_c1ab4.dir/src.c.o -c /home/code/libxml2-2.9.12/build/CMakeFiles/CMakeTmp/src.c
/home/code/libxml2-2.9.12/build/CMakeFiles/CMakeTmp/src.c: In function ‘main’:
/home/code/libxml2-2.9.12/build/CMakeFiles/CMakeTmp/src.c:7:48: error: ‘struct sockaddr_storage’ has no member named ‘__ss_family’; did you mean ‘ss_family’?
    7 |   (void)sizeof(((struct sockaddr_storage *)0)->__ss_family);
      |                                                ^~~~~~~~~~~
      |                                                ss_family
gmake[1]: *** [CMakeFiles/cmTC_c1ab4.dir/build.make:78: CMakeFiles/cmTC_c1ab4.dir/src.c.o] Error 1
gmake[1]: Leaving directory '/home/code/libxml2-2.9.12/build/CMakeFiles/CMakeTmp'
gmake: *** [Makefile:127: cmTC_c1ab4/fast] Error 2


Source file was:

#include <sys/socket.h>
#include <sys/types.h>

int main()
{
  (void)sizeof(((struct sockaddr_storage *)0)->__ss_family);
  return 0;
}

Determining if the function class exists failed with the following output:
Change Dir: /home/code/libxml2-2.9.12/build/CMakeFiles/CMakeTmp

Run Build Command(s):/usr/bin/gmake -f Makefile cmTC_c1ab4/fast && /usr/bin/gmake  -f CMakeFiles/cmTC_c1ab4.dir/build.make CMakeFiles/cmTC_c1ab4.dir/build
gmake[1]: Entering directory '/home/code/libxml2-2.9.12/build/CMakeFiles/CMakeTmp'
Building C object CMakeFiles/cmTC_c1ab4.dir/CheckFunctionExists.c.o
/usr/bin/cc   -DCHECK_FUNCTION_EXISTS=class -o CMakeFiles/cmTC_c1ab4.dir/CheckFunctionExists.c.o -c /usr/share/cmake/Modules/CheckFunctionExists.c
Linking C executable cmTC_c1ab4
/usr/bin/cmake -E cmake_link_script CMakeFiles/cmTC_c1ab4.dir/link.txt --verbose=1
/usr/bin/cc  -DCHECK_FUNCTION_EXISTS=class CMakeFiles/cmTC_c1ab4.dir/CheckFunctionExists.c.o -o cmTC_c1ab4  /usr/lib64/liblzma.so /usr/lib64/libz.so 
/usr/bin/ld: CMakeFiles/cmTC_c1ab4.dir/CheckFunctionExists.c.o: in function `main':
CheckFunctionExists.c:(.text+0x10): undefined reference to `class'
collect2: error: ld returned 1 exit status
gmake[1]: *** [CMakeFiles/cmTC_c1ab4.dir/build.make:101: cmTC_c1ab4] Error 1
gmake[1]: Leaving directory '/home/code/libxml2-2.9.12/build/CMakeFiles/CMakeTmp'
gmake: *** [Makefile:127: cmTC_c1ab4/fast] Error 2



Determining if files dl.h exist failed with the following output:
Change Dir: /home/code/libxml2-2.9.12/build/CMakeFiles/CMakeTmp

Run Build Command(s):/usr/bin/gmake -f Makefile cmTC_c1ab7/fast && /usr/bin/gmake  -f CMakeFiles/cmTC_c1ab7.dir/build.make CMakeFiles/cmTC_c1ab7.dir/build
gmake[1]: Entering directory '/home/code/libxml2-2.9.12/build/CMakeFiles/CMakeTmp'
Building C object CMakeFiles/cmTC_c1ab7.dir/HAVE_DL_H.c.o
/usr/bin/cc    -o CMakeFiles/cmTC_c1ab7.dir/HAVE_DL_H.c.o -c /home/code/libxml2-2.9.12/build/CMakeFiles/CheckIncludeFiles/HAVE_DL_H.c
/home/code/libxml2-2.9.12/build/CMakeFiles/CheckIncludeFiles/HAVE_DL_H.c:2:10: fatal error: dl.h: No such file or directory
    2 | #include <dl.h>
      |          ^~~~~~
compilation terminated.
gmake[1]: *** [CMakeFiles/cmTC_c1ab7.dir/build.make:78: CMakeFiles/cmTC_c1ab7.dir/HAVE_DL_H.c.o] Error 1
gmake[1]: Leaving directory '/home/code/libxml2-2.9.12/build/CMakeFiles/CMakeTmp'
gmake: *** [Makefile:127: cmTC_c1ab7/fast] Error 2


Source:
/* */
#include <dl.h>


int main(void){return 0;}

Determining if the function fpclass exists failed with the following output:
Change Dir: /home/code/libxml2-2.9.12/build/CMakeFiles/CMakeTmp

Run Build Command(s):/usr/bin/gmake -f Makefile cmTC_c1ab7/fast && /usr/bin/gmake  -f CMakeFiles/cmTC_c1ab7.dir/build.make CMakeFiles/cmTC_c1ab7.dir/build
gmake[1]: Entering directory '/home/code/libxml2-2.9.12/build/CMakeFiles/CMakeTmp'
Building C object CMakeFiles/cmTC_c1ab7.dir/CheckFunctionExists.c.o
/usr/bin/cc   -DCHECK_FUNCTION_EXISTS=fpclass -o CMakeFiles/cmTC_c1ab7.dir/CheckFunctionExists.c.o -c /usr/share/cmake/Modules/CheckFunctionExists.c
Linking C executable cmTC_c1ab7
/usr/bin/cmake -E cmake_link_script CMakeFiles/cmTC_c1ab7.dir/link.txt --verbose=1
/usr/bin/cc  -DCHECK_FUNCTION_EXISTS=fpclass CMakeFiles/cmTC_c1ab7.dir/CheckFunctionExists.c.o -o cmTC_c1ab7  /usr/lib64/liblzma.so /usr/lib64/libz.so 
/usr/bin/ld: CMakeFiles/cmTC_c1ab7.dir/CheckFunctionExists.c.o: in function `main':
CheckFunctionExists.c:(.text+0x10): undefined reference to `fpclass'
collect2: error: ld returned 1 exit status
gmake[1]: *** [CMakeFiles/cmTC_c1ab7.dir/build.make:101: cmTC_c1ab7] Error 1
gmake[1]: Leaving directory '/home/code/libxml2-2.9.12/build/CMakeFiles/CMakeTmp'
gmake: *** [Makefile:127: cmTC_c1ab7/fast] Error 2



Determining if the function fp_class exists failed with the following output:
Change Dir: /home/code/libxml2-2.9.12/build/CMakeFiles/CMakeTmp

Run Build Command(s):/usr/bin/gmake -f Makefile cmTC_c1ab7/fast && /usr/bin/gmake  -f CMakeFiles/cmTC_c1ab7.dir/build.make CMakeFiles/cmTC_c1ab7.dir/build
gmake[1]: Entering directory '/home/code/libxml2-2.9.12/build/CMakeFiles/CMakeTmp'
Building C object CMakeFiles/cmTC_c1ab7.dir/CheckFunctionExists.c.o
/usr/bin/cc   -DCHECK_FUNCTION_EXISTS=fp_class -o CMakeFiles/cmTC_c1ab7.dir/CheckFunctionExists.c.o -c /usr/share/cmake/Modules/CheckFunctionExists.c
Linking C executable cmTC_c1ab7
/usr/bin/cmake -E cmake_link_script CMakeFiles/cmTC_c1ab7.dir/link.txt --verbose=1
/usr/bin/cc  -DCHECK_FUNCTION_EXISTS=fp_class CMakeFiles/cmTC_c1ab7.dir/CheckFunctionExists.c.o -o cmTC_c1ab7  /usr/lib64/liblzma.so /usr/lib64/libz.so 
/usr/bin/ld: CMakeFiles/cmTC_c1ab7.dir/CheckFunctionExists.c.o: in function `main':
CheckFunctionExists.c:(.text+0x10): undefined reference to `fp_class'
collect2: error: ld returned 1 exit status
gmake[1]: *** [CMakeFiles/cmTC_c1ab7.dir/build.make:101: cmTC_c1ab7] Error 1
gmake[1]: Leaving directory '/home/code/libxml2-2.9.12/build/CMakeFiles/CMakeTmp'
gmake: *** [Makefile:127: cmTC_c1ab7/fast] Error 2



Determining if the function isnand exists failed with the following output:
Change Dir: /home/code/libxml2-2.9.12/build/CMakeFiles/CMakeTmp

Run Build Command(s):/usr/bin/gmake -f Makefile cmTC_c1ab6/fast && /usr/bin/gmake  -f CMakeFiles/cmTC_c1ab6.dir/build.make CMakeFiles/cmTC_c1ab6.dir/build
gmake[1]: Entering directory '/home/code/libxml2-2.9.12/build/CMakeFiles/CMakeTmp'
Building C object CMakeFiles/cmTC_c1ab6.dir/CheckFunctionExists.c.o
/usr/bin/cc   -DCHECK_FUNCTION_EXISTS=isnand -o CMakeFiles/cmTC_c1ab6.dir/CheckFunctionExists.c.o -c /usr/share/cmake/Modules/CheckFunctionExists.c
Linking C executable cmTC_c1ab6
/usr/bin/cmake -E cmake_link_script CMakeFiles/cmTC_c1ab6.dir/link.txt --verbose=1
/usr/bin/cc  -DCHECK_FUNCTION_EXISTS=isnand CMakeFiles/cmTC_c1ab6.dir/CheckFunctionExists.c.o -o cmTC_c1ab6  /usr/lib64/liblzma.so /usr/lib64/libz.so 
/usr/bin/ld: CMakeFiles/cmTC_c1ab6.dir/CheckFunctionExists.c.o: in function `main':
CheckFunctionExists.c:(.text+0x10): undefined reference to `isnand'
collect2: error: ld returned 1 exit status
gmake[1]: *** [CMakeFiles/cmTC_c1ab6.dir/build.make:101: cmTC_c1ab6] Error 1
gmake[1]: Leaving directory '/home/code/libxml2-2.9.12/build/CMakeFiles/CMakeTmp'
gmake: *** [Makefile:127: cmTC_c1ab6/fast] Error 2



Determining if the function append_history exists in the history failed with the following output:
Change Dir: /home/code/libxml2-2.9.12/build/CMakeFiles/CMakeTmp

Run Build Command(s):/usr/bin/gmake -f Makefile cmTC_c1ab6/fast && /usr/bin/gmake  -f CMakeFiles/cmTC_c1ab6.dir/build.make CMakeFiles/cmTC_c1ab6.dir/build
gmake[1]: Entering directory '/home/code/libxml2-2.9.12/build/CMakeFiles/CMakeTmp'
Building C object CMakeFiles/cmTC_c1ab6.dir/CheckFunctionExists.c.o
/usr/bin/cc   -DCHECK_FUNCTION_EXISTS=append_history -o CMakeFiles/cmTC_c1ab6.dir/CheckFunctionExists.c.o -c /usr/share/cmake/Modules/CheckFunctionExists.c
Linking C executable cmTC_c1ab6
/usr/bin/cmake -E cmake_link_script CMakeFiles/cmTC_c1ab6.dir/link.txt --verbose=1
/usr/bin/cc  -DCHECK_FUNCTION_EXISTS=append_history CMakeFiles/cmTC_c1ab6.dir/CheckFunctionExists.c.o -o cmTC_c1ab6  -lhistory /usr/lib64/liblzma.so /usr/lib64/libz.so 
/usr/bin/ld: cannot find -lhistory
collect2: error: ld returned 1 exit status
gmake[1]: *** [CMakeFiles/cmTC_c1ab6.dir/build.make:101: cmTC_c1ab6] Error 1
gmake[1]: Leaving directory '/home/code/libxml2-2.9.12/build/CMakeFiles/CMakeTmp'
gmake: *** [Makefile:127: cmTC_c1ab6/fast] Error 2



Determining if the function readline exists in the readline failed with the following output:
Change Dir: /home/code/libxml2-2.9.12/build/CMakeFiles/CMakeTmp

Run Build Command(s):/usr/bin/gmake -f Makefile cmTC_c1ab6/fast && /usr/bin/gmake  -f CMakeFiles/cmTC_c1ab6.dir/build.make CMakeFiles/cmTC_c1ab6.dir/build
gmake[1]: Entering directory '/home/code/libxml2-2.9.12/build/CMakeFiles/CMakeTmp'
Building C object CMakeFiles/cmTC_c1ab6.dir/CheckFunctionExists.c.o
/usr/bin/cc   -DCHECK_FUNCTION_EXISTS=readline -o CMakeFiles/cmTC_c1ab6.dir/CheckFunctionExists.c.o -c /usr/share/cmake/Modules/CheckFunctionExists.c
Linking C executable cmTC_c1ab6
/usr/bin/cmake -E cmake_link_script CMakeFiles/cmTC_c1ab6.dir/link.txt --verbose=1
/usr/bin/cc  -DCHECK_FUNCTION_EXISTS=readline CMakeFiles/cmTC_c1ab6.dir/CheckFunctionExists.c.o -o cmTC_c1ab6  -lreadline /usr/lib64/liblzma.so /usr/lib64/libz.so 
/usr/bin/ld: cannot find -lreadline
collect2: error: ld returned 1 exit status
gmake[1]: *** [CMakeFiles/cmTC_c1ab6.dir/build.make:101: cmTC_c1ab6] Error 1
gmake[1]: Leaving directory '/home/code/libxml2-2.9.12/build/CMakeFiles/CMakeTmp'
gmake: *** [Makefile:127: cmTC_c1ab6/fast] Error 2



Determining if the DIR exist failed with the following output:
Change Dir: /home/code/libxml2-2.9.12/build/CMakeFiles/CMakeTmp

Run Build Command(s):/usr/bin/gmake -f Makefile cmTC_c1ab9/fast && /usr/bin/gmake  -f CMakeFiles/cmTC_c1ab9.dir/build.make CMakeFiles/cmTC_c1ab9.dir/build
gmake[1]: Entering directory '/home/code/libxml2-2.9.12/build/CMakeFiles/CMakeTmp'
Building C object CMakeFiles/cmTC_c1ab9.dir/CheckSymbolExists.c.o
/usr/bin/cc    -o CMakeFiles/cmTC_c1ab9.dir/CheckSymbolExists.c.o -c /home/code/libxml2-2.9.12/build/CMakeFiles/CMakeTmp/CheckSymbolExists.c
/home/code/libxml2-2.9.12/build/CMakeFiles/CMakeTmp/CheckSymbolExists.c:2:10: fatal error: ndir.h: No such file or directory
    2 | #include <ndir.h>
      |          ^~~~~~~~
compilation terminated.
gmake[1]: *** [CMakeFiles/cmTC_c1ab9.dir/build.make:78: CMakeFiles/cmTC_c1ab9.dir/CheckSymbolExists.c.o] Error 1
gmake[1]: Leaving directory '/home/code/libxml2-2.9.12/build/CMakeFiles/CMakeTmp'
gmake: *** [Makefile:127: cmTC_c1ab9/fast] Error 2


File /home/code/libxml2-2.9.12/build/CMakeFiles/CMakeTmp/CheckSymbolExists.c:
/* */
#include <ndir.h>

int main(int argc, char** argv)
{
  (void)argv;
#ifndef DIR
  return ((int*)(&DIR))[argc];
#else
  (void)argc;
  return 0;
#endif
}
Determining if the function shl_load exists in the dld failed with the following output:
Change Dir: /home/code/libxml2-2.9.12/build/CMakeFiles/CMakeTmp

Run Build Command(s):/usr/bin/gmake -f Makefile cmTC_c1ab8/fast && /usr/bin/gmake  -f CMakeFiles/cmTC_c1ab8.dir/build.make CMakeFiles/cmTC_c1ab8.dir/build
gmake[1]: Entering directory '/home/code/libxml2-2.9.12/build/CMakeFiles/CMakeTmp'
Building C object CMakeFiles/cmTC_c1ab8.dir/CheckFunctionExists.c.o
/usr/bin/cc   -DCHECK_FUNCTION_EXISTS=shl_load -o CMakeFiles/cmTC_c1ab8.dir/CheckFunctionExists.c.o -c /usr/share/cmake/Modules/CheckFunctionExists.c
Linking C executable cmTC_c1ab8
/usr/bin/cmake -E cmake_link_script CMakeFiles/cmTC_c1ab8.dir/link.txt --verbose=1
/usr/bin/cc  -DCHECK_FUNCTION_EXISTS=shl_load CMakeFiles/cmTC_c1ab8.dir/CheckFunctionExists.c.o -o cmTC_c1ab8  -ldld /usr/lib64/liblzma.so /usr/lib64/libz.so 
/usr/bin/ld: cannot find -ldld
collect2: error: ld returned 1 exit status
gmake[1]: *** [CMakeFiles/cmTC_c1ab8.dir/build.make:101: cmTC_c1ab8] Error 1
gmake[1]: Leaving directory '/home/code/libxml2-2.9.12/build/CMakeFiles/CMakeTmp'
gmake: *** [Makefile:127: cmTC_c1ab8/fast] Error 2



Determining if the DIR exist failed with the following output:
Change Dir: /home/code/libxml2-2.9.12/build/CMakeFiles/CMakeTmp

Run Build Command(s):/usr/bin/gmake -f Makefile cmTC_c1abb/fast && /usr/bin/gmake  -f CMakeFiles/cmTC_c1abb.dir/build.make CMakeFiles/cmTC_c1abb.dir/build
gmake[1]: Entering directory '/home/code/libxml2-2.9.12/build/CMakeFiles/CMakeTmp'
Building C object CMakeFiles/cmTC_c1abb.dir/CheckSymbolExists.c.o
/usr/bin/cc    -o CMakeFiles/cmTC_c1abb.dir/CheckSymbolExists.c.o -c /home/code/libxml2-2.9.12/build/CMakeFiles/CMakeTmp/CheckSymbolExists.c
/home/code/libxml2-2.9.12/build/CMakeFiles/CMakeTmp/CheckSymbolExists.c: In function ‘main’:
/home/code/libxml2-2.9.12/build/CMakeFiles/CMakeTmp/CheckSymbolExists.c:8:19: error: expected expression before ‘DIR’
    8 |   return ((int*)(&DIR))[argc];
      |                   ^~~
gmake[1]: *** [CMakeFiles/cmTC_c1abb.dir/build.make:78: CMakeFiles/cmTC_c1abb.dir/CheckSymbolExists.c.o] Error 1
gmake[1]: Leaving directory '/home/code/libxml2-2.9.12/build/CMakeFiles/CMakeTmp'
gmake: *** [Makefile:127: cmTC_c1abb/fast] Error 2


File /home/code/libxml2-2.9.12/build/CMakeFiles/CMakeTmp/CheckSymbolExists.c:
/* */
#include <sys/dir.h>

int main(int argc, char** argv)
{
  (void)argv;
#ifndef DIR
  return ((int*)(&DIR))[argc];
#else
  (void)argc;
  return 0;
#endif
}
Determining if the DIR exist failed with the following output:
Change Dir: /home/code/libxml2-2.9.12/build/CMakeFiles/CMakeTmp

Run Build Command(s):/usr/bin/gmake -f Makefile cmTC_c1abb/fast && /usr/bin/gmake  -f CMakeFiles/cmTC_c1abb.dir/build.make CMakeFiles/cmTC_c1abb.dir/build
gmake[1]: Entering directory '/home/code/libxml2-2.9.12/build/CMakeFiles/CMakeTmp'
Building C object CMakeFiles/cmTC_c1abb.dir/CheckSymbolExists.c.o
/usr/bin/cc    -o CMakeFiles/cmTC_c1abb.dir/CheckSymbolExists.c.o -c /home/code/libxml2-2.9.12/build/CMakeFiles/CMakeTmp/CheckSymbolExists.c
/home/code/libxml2-2.9.12/build/CMakeFiles/CMakeTmp/CheckSymbolExists.c:2:10: fatal error: sys/ndir.h: No such file or directory
    2 | #include <sys/ndir.h>
      |          ^~~~~~~~~~~~
compilation terminated.
gmake[1]: *** [CMakeFiles/cmTC_c1abb.dir/build.make:78: CMakeFiles/cmTC_c1abb.dir/CheckSymbolExists.c.o] Error 1
gmake[1]: Leaving directory '/home/code/libxml2-2.9.12/build/CMakeFiles/CMakeTmp'
gmake: *** [Makefile:127: cmTC_c1abb/fast] Error 2


File /home/code/libxml2-2.9.12/build/CMakeFiles/CMakeTmp/CheckSymbolExists.c:
/* */
#include <sys/ndir.h>

int main(int argc, char** argv)
{
  (void)argv;
#ifndef DIR
  return ((int*)(&DIR))[argc];
#else
  (void)argc;
  return 0;
#endif
}
Determining if the function va_copy exists failed with the following output:
Change Dir: /home/code/libxml2-2.9.12/build/CMakeFiles/CMakeTmp

Run Build Command(s):/usr/bin/gmake -f Makefile cmTC_c1aba/fast && /usr/bin/gmake  -f CMakeFiles/cmTC_c1aba.dir/build.make CMakeFiles/cmTC_c1aba.dir/build
gmake[1]: Entering directory '/home/code/libxml2-2.9.12/build/CMakeFiles/CMakeTmp'
Building C object CMakeFiles/cmTC_c1aba.dir/CheckFunctionExists.c.o
/usr/bin/cc   -DCHECK_FUNCTION_EXISTS=va_copy -o CMakeFiles/cmTC_c1aba.dir/CheckFunctionExists.c.o -c /usr/share/cmake/Modules/CheckFunctionExists.c
Linking C executable cmTC_c1aba
/usr/bin/cmake -E cmake_link_script CMakeFiles/cmTC_c1aba.dir/link.txt --verbose=1
/usr/bin/cc  -DCHECK_FUNCTION_EXISTS=va_copy CMakeFiles/cmTC_c1aba.dir/CheckFunctionExists.c.o -o cmTC_c1aba  /usr/lib64/liblzma.so /usr/lib64/libz.so 
/usr/bin/ld: CMakeFiles/cmTC_c1aba.dir/CheckFunctionExists.c.o: in function `main':
CheckFunctionExists.c:(.text+0x10): undefined reference to `va_copy'
collect2: error: ld returned 1 exit status
gmake[1]: *** [CMakeFiles/cmTC_c1aba.dir/build.make:101: cmTC_c1aba] Error 1
gmake[1]: Leaving directory '/home/code/libxml2-2.9.12/build/CMakeFiles/CMakeTmp'
gmake: *** [Makefile:127: cmTC_c1aba/fast] Error 2



Determining if the function __va_copy exists failed with the following output:
Change Dir: /home/code/libxml2-2.9.12/build/CMakeFiles/CMakeTmp

Run Build Command(s):/usr/bin/gmake -f Makefile cmTC_c1aba/fast && /usr/bin/gmake  -f CMakeFiles/cmTC_c1aba.dir/build.make CMakeFiles/cmTC_c1aba.dir/build
gmake[1]: Entering directory '/home/code/libxml2-2.9.12/build/CMakeFiles/CMakeTmp'
Building C object CMakeFiles/cmTC_c1aba.dir/CheckFunctionExists.c.o
/usr/bin/cc   -DCHECK_FUNCTION_EXISTS=__va_copy -o CMakeFiles/cmTC_c1aba.dir/CheckFunctionExists.c.o -c /usr/share/cmake/Modules/CheckFunctionExists.c
Linking C executable cmTC_c1aba
/usr/bin/cmake -E cmake_link_script CMakeFiles/cmTC_c1aba.dir/link.txt --verbose=1
/usr/bin/cc  -DCHECK_FUNCTION_EXISTS=__va_copy CMakeFiles/cmTC_c1aba.dir/CheckFunctionExists.c.o -o cmTC_c1aba  /usr/lib64/liblzma.so /usr/lib64/libz.so 
/usr/bin/ld: CMakeFiles/cmTC_c1aba.dir/CheckFunctionExists.c.o: in function `main':
CheckFunctionExists.c:(.text+0x10): undefined reference to `__va_copy'
collect2: error: ld returned 1 exit status
gmake[1]: *** [CMakeFiles/cmTC_c1aba.dir/build.make:101: cmTC_c1aba] Error 1
gmake[1]: Leaving directory '/home/code/libxml2-2.9.12/build/CMakeFiles/CMakeTmp'
gmake: *** [Makefile:127: cmTC_c1aba/fast] Error 2



Performing C SOURCE FILE Test VA_LIST_IS_ARRAY_TEST failed with the following output:
Change Dir: /home/code/libxml2-2.9.12/build/CMakeFiles/CMakeTmp

Run Build Command(s):/usr/bin/gmake -f Makefile cmTC_c1aba/fast && /usr/bin/gmake  -f CMakeFiles/cmTC_c1aba.dir/build.make CMakeFiles/cmTC_c1aba.dir/build
gmake[1]: Entering directory '/home/code/libxml2-2.9.12/build/CMakeFiles/CMakeTmp'
Building C object CMakeFiles/cmTC_c1aba.dir/src.c.o
/usr/bin/cc -DVA_LIST_IS_ARRAY_TEST   -o CMakeFiles/cmTC_c1aba.dir/src.c.o -c /home/code/libxml2-2.9.12/build/CMakeFiles/CMakeTmp/src.c
/home/code/libxml2-2.9.12/build/CMakeFiles/CMakeTmp/src.c: In function ‘main’:
/home/code/libxml2-2.9.12/build/CMakeFiles/CMakeTmp/src.c:4:49: error: cast specifies array type
    4 |   int main() { va_list ap1, ap2; a(&ap1); ap2 = (va_list) ap1; return 0; }
      |                                                 ^
gmake[1]: *** [CMakeFiles/cmTC_c1aba.dir/build.make:78: CMakeFiles/cmTC_c1aba.dir/src.c.o] Error 1
gmake[1]: Leaving directory '/home/code/libxml2-2.9.12/build/CMakeFiles/CMakeTmp'
gmake: *** [Makefile:127: cmTC_c1aba/fast] Error 2


Source file was:

		#include <stdarg.h>
		void a(va_list* ap) {};
		int main() { va_list ap1, ap2; a(&ap1); ap2 = (va_list) ap1; return 0; }
	
