Performing C SOURCE FILE Test HAVE_BROKEN_SS_FAMILY failed with the following output:
Change Dir: /home/code/libxml2-2.9.12_merge_on_huawei/CMakeFiles/CMakeTmp

Run Build Command(s):/usr/bin/gmake -f Makefile cmTC_dbfaa/fast && /usr/bin/gmake  -f CMakeFiles/cmTC_dbfaa.dir/build.make CMakeFiles/cmTC_dbfaa.dir/build
gmake[1]: Entering directory '/home/code/libxml2-2.9.12_merge_on_huawei/CMakeFiles/CMakeTmp'
Building C object CMakeFiles/cmTC_dbfaa.dir/src.c.o
/usr/bin/cc -DHAVE_BROKEN_SS_FAMILY   -o CMakeFiles/cmTC_dbfaa.dir/src.c.o -c /home/code/libxml2-2.9.12_merge_on_huawei/CMakeFiles/CMakeTmp/src.c
/home/code/libxml2-2.9.12_merge_on_huawei/CMakeFiles/CMakeTmp/src.c: In function ‘main’:
/home/code/libxml2-2.9.12_merge_on_huawei/CMakeFiles/CMakeTmp/src.c:7:48: error: ‘struct sockaddr_storage’ has no member named ‘__ss_family’; did you mean ‘ss_family’?
    7 |   (void)sizeof(((struct sockaddr_storage *)0)->__ss_family);
      |                                                ^~~~~~~~~~~
      |                                                ss_family
gmake[1]: *** [CMakeFiles/cmTC_dbfaa.dir/build.make:78: CMakeFiles/cmTC_dbfaa.dir/src.c.o] Error 1
gmake[1]: Leaving directory '/home/code/libxml2-2.9.12_merge_on_huawei/CMakeFiles/CMakeTmp'
gmake: *** [Makefile:127: cmTC_dbfaa/fast] Error 2


Source file was:

#include <sys/socket.h>
#include <sys/types.h>

int main()
{
  (void)sizeof(((struct sockaddr_storage *)0)->__ss_family);
  return 0;
}

Determining if the function class exists failed with the following output:
Change Dir: /home/code/libxml2-2.9.12_merge_on_huawei/CMakeFiles/CMakeTmp

Run Build Command(s):/usr/bin/gmake -f Makefile cmTC_dbfaa/fast && /usr/bin/gmake  -f CMakeFiles/cmTC_dbfaa.dir/build.make CMakeFiles/cmTC_dbfaa.dir/build
gmake[1]: Entering directory '/home/code/libxml2-2.9.12_merge_on_huawei/CMakeFiles/CMakeTmp'
Building C object CMakeFiles/cmTC_dbfaa.dir/CheckFunctionExists.c.o
/usr/bin/cc   -DCHECK_FUNCTION_EXISTS=class -o CMakeFiles/cmTC_dbfaa.dir/CheckFunctionExists.c.o -c /usr/share/cmake/Modules/CheckFunctionExists.c
Linking C executable cmTC_dbfaa
/usr/bin/cmake -E cmake_link_script CMakeFiles/cmTC_dbfaa.dir/link.txt --verbose=1
/usr/bin/cc  -DCHECK_FUNCTION_EXISTS=class CMakeFiles/cmTC_dbfaa.dir/CheckFunctionExists.c.o -o cmTC_dbfaa  /usr/lib64/liblzma.so /usr/lib64/libz.so 
/usr/bin/ld: CMakeFiles/cmTC_dbfaa.dir/CheckFunctionExists.c.o: in function `main':
CheckFunctionExists.c:(.text+0x10): undefined reference to `class'
collect2: error: ld returned 1 exit status
gmake[1]: *** [CMakeFiles/cmTC_dbfaa.dir/build.make:101: cmTC_dbfaa] Error 1
gmake[1]: Leaving directory '/home/code/libxml2-2.9.12_merge_on_huawei/CMakeFiles/CMakeTmp'
gmake: *** [Makefile:127: cmTC_dbfaa/fast] Error 2



Determining if files dl.h exist failed with the following output:
Change Dir: /home/code/libxml2-2.9.12_merge_on_huawei/CMakeFiles/CMakeTmp

Run Build Command(s):/usr/bin/gmake -f Makefile cmTC_dbfaa/fast && /usr/bin/gmake  -f CMakeFiles/cmTC_dbfaa.dir/build.make CMakeFiles/cmTC_dbfaa.dir/build
gmake[1]: Entering directory '/home/code/libxml2-2.9.12_merge_on_huawei/CMakeFiles/CMakeTmp'
Building C object CMakeFiles/cmTC_dbfaa.dir/HAVE_DL_H.c.o
/usr/bin/cc    -o CMakeFiles/cmTC_dbfaa.dir/HAVE_DL_H.c.o -c /home/code/libxml2-2.9.12_merge_on_huawei/CMakeFiles/CheckIncludeFiles/HAVE_DL_H.c
/home/code/libxml2-2.9.12_merge_on_huawei/CMakeFiles/CheckIncludeFiles/HAVE_DL_H.c:2:10: fatal error: dl.h: No such file or directory
    2 | #include <dl.h>
      |          ^~~~~~
compilation terminated.
gmake[1]: *** [CMakeFiles/cmTC_dbfaa.dir/build.make:78: CMakeFiles/cmTC_dbfaa.dir/HAVE_DL_H.c.o] Error 1
gmake[1]: Leaving directory '/home/code/libxml2-2.9.12_merge_on_huawei/CMakeFiles/CMakeTmp'
gmake: *** [Makefile:127: cmTC_dbfaa/fast] Error 2


Source:
/* */
#include <dl.h>


int main(void){return 0;}

Determining if the function fpclass exists failed with the following output:
Change Dir: /home/code/libxml2-2.9.12_merge_on_huawei/CMakeFiles/CMakeTmp

Run Build Command(s):/usr/bin/gmake -f Makefile cmTC_dbfad/fast && /usr/bin/gmake  -f CMakeFiles/cmTC_dbfad.dir/build.make CMakeFiles/cmTC_dbfad.dir/build
gmake[1]: Entering directory '/home/code/libxml2-2.9.12_merge_on_huawei/CMakeFiles/CMakeTmp'
Building C object CMakeFiles/cmTC_dbfad.dir/CheckFunctionExists.c.o
/usr/bin/cc   -DCHECK_FUNCTION_EXISTS=fpclass -o CMakeFiles/cmTC_dbfad.dir/CheckFunctionExists.c.o -c /usr/share/cmake/Modules/CheckFunctionExists.c
Linking C executable cmTC_dbfad
/usr/bin/cmake -E cmake_link_script CMakeFiles/cmTC_dbfad.dir/link.txt --verbose=1
/usr/bin/cc  -DCHECK_FUNCTION_EXISTS=fpclass CMakeFiles/cmTC_dbfad.dir/CheckFunctionExists.c.o -o cmTC_dbfad  /usr/lib64/liblzma.so /usr/lib64/libz.so 
/usr/bin/ld: CMakeFiles/cmTC_dbfad.dir/CheckFunctionExists.c.o: in function `main':
CheckFunctionExists.c:(.text+0x10): undefined reference to `fpclass'
collect2: error: ld returned 1 exit status
gmake[1]: *** [CMakeFiles/cmTC_dbfad.dir/build.make:101: cmTC_dbfad] Error 1
gmake[1]: Leaving directory '/home/code/libxml2-2.9.12_merge_on_huawei/CMakeFiles/CMakeTmp'
gmake: *** [Makefile:127: cmTC_dbfad/fast] Error 2



Determining if the function fp_class exists failed with the following output:
Change Dir: /home/code/libxml2-2.9.12_merge_on_huawei/CMakeFiles/CMakeTmp

Run Build Command(s):/usr/bin/gmake -f Makefile cmTC_dbfad/fast && /usr/bin/gmake  -f CMakeFiles/cmTC_dbfad.dir/build.make CMakeFiles/cmTC_dbfad.dir/build
gmake[1]: Entering directory '/home/code/libxml2-2.9.12_merge_on_huawei/CMakeFiles/CMakeTmp'
Building C object CMakeFiles/cmTC_dbfad.dir/CheckFunctionExists.c.o
/usr/bin/cc   -DCHECK_FUNCTION_EXISTS=fp_class -o CMakeFiles/cmTC_dbfad.dir/CheckFunctionExists.c.o -c /usr/share/cmake/Modules/CheckFunctionExists.c
Linking C executable cmTC_dbfad
/usr/bin/cmake -E cmake_link_script CMakeFiles/cmTC_dbfad.dir/link.txt --verbose=1
/usr/bin/cc  -DCHECK_FUNCTION_EXISTS=fp_class CMakeFiles/cmTC_dbfad.dir/CheckFunctionExists.c.o -o cmTC_dbfad  /usr/lib64/liblzma.so /usr/lib64/libz.so 
/usr/bin/ld: CMakeFiles/cmTC_dbfad.dir/CheckFunctionExists.c.o: in function `main':
CheckFunctionExists.c:(.text+0x10): undefined reference to `fp_class'
collect2: error: ld returned 1 exit status
gmake[1]: *** [CMakeFiles/cmTC_dbfad.dir/build.make:101: cmTC_dbfad] Error 1
gmake[1]: Leaving directory '/home/code/libxml2-2.9.12_merge_on_huawei/CMakeFiles/CMakeTmp'
gmake: *** [Makefile:127: cmTC_dbfad/fast] Error 2



Determining if the function isnand exists failed with the following output:
Change Dir: /home/code/libxml2-2.9.12_merge_on_huawei/CMakeFiles/CMakeTmp

Run Build Command(s):/usr/bin/gmake -f Makefile cmTC_dbfac/fast && /usr/bin/gmake  -f CMakeFiles/cmTC_dbfac.dir/build.make CMakeFiles/cmTC_dbfac.dir/build
gmake[1]: Entering directory '/home/code/libxml2-2.9.12_merge_on_huawei/CMakeFiles/CMakeTmp'
Building C object CMakeFiles/cmTC_dbfac.dir/CheckFunctionExists.c.o
/usr/bin/cc   -DCHECK_FUNCTION_EXISTS=isnand -o CMakeFiles/cmTC_dbfac.dir/CheckFunctionExists.c.o -c /usr/share/cmake/Modules/CheckFunctionExists.c
Linking C executable cmTC_dbfac
/usr/bin/cmake -E cmake_link_script CMakeFiles/cmTC_dbfac.dir/link.txt --verbose=1
/usr/bin/cc  -DCHECK_FUNCTION_EXISTS=isnand CMakeFiles/cmTC_dbfac.dir/CheckFunctionExists.c.o -o cmTC_dbfac  /usr/lib64/liblzma.so /usr/lib64/libz.so 
/usr/bin/ld: CMakeFiles/cmTC_dbfac.dir/CheckFunctionExists.c.o: in function `main':
CheckFunctionExists.c:(.text+0x10): undefined reference to `isnand'
collect2: error: ld returned 1 exit status
gmake[1]: *** [CMakeFiles/cmTC_dbfac.dir/build.make:101: cmTC_dbfac] Error 1
gmake[1]: Leaving directory '/home/code/libxml2-2.9.12_merge_on_huawei/CMakeFiles/CMakeTmp'
gmake: *** [Makefile:127: cmTC_dbfac/fast] Error 2



Determining if the function append_history exists in the history failed with the following output:
Change Dir: /home/code/libxml2-2.9.12_merge_on_huawei/CMakeFiles/CMakeTmp

Run Build Command(s):/usr/bin/gmake -f Makefile cmTC_dbfac/fast && /usr/bin/gmake  -f CMakeFiles/cmTC_dbfac.dir/build.make CMakeFiles/cmTC_dbfac.dir/build
gmake[1]: Entering directory '/home/code/libxml2-2.9.12_merge_on_huawei/CMakeFiles/CMakeTmp'
Building C object CMakeFiles/cmTC_dbfac.dir/CheckFunctionExists.c.o
/usr/bin/cc   -DCHECK_FUNCTION_EXISTS=append_history -o CMakeFiles/cmTC_dbfac.dir/CheckFunctionExists.c.o -c /usr/share/cmake/Modules/CheckFunctionExists.c
Linking C executable cmTC_dbfac
/usr/bin/cmake -E cmake_link_script CMakeFiles/cmTC_dbfac.dir/link.txt --verbose=1
/usr/bin/cc  -DCHECK_FUNCTION_EXISTS=append_history CMakeFiles/cmTC_dbfac.dir/CheckFunctionExists.c.o -o cmTC_dbfac  -lhistory /usr/lib64/liblzma.so /usr/lib64/libz.so 
/usr/bin/ld: cannot find -lhistory
collect2: error: ld returned 1 exit status
gmake[1]: *** [CMakeFiles/cmTC_dbfac.dir/build.make:101: cmTC_dbfac] Error 1
gmake[1]: Leaving directory '/home/code/libxml2-2.9.12_merge_on_huawei/CMakeFiles/CMakeTmp'
gmake: *** [Makefile:127: cmTC_dbfac/fast] Error 2



Determining if the function readline exists in the readline failed with the following output:
Change Dir: /home/code/libxml2-2.9.12_merge_on_huawei/CMakeFiles/CMakeTmp

Run Build Command(s):/usr/bin/gmake -f Makefile cmTC_dbfac/fast && /usr/bin/gmake  -f CMakeFiles/cmTC_dbfac.dir/build.make CMakeFiles/cmTC_dbfac.dir/build
gmake[1]: Entering directory '/home/code/libxml2-2.9.12_merge_on_huawei/CMakeFiles/CMakeTmp'
Building C object CMakeFiles/cmTC_dbfac.dir/CheckFunctionExists.c.o
/usr/bin/cc   -DCHECK_FUNCTION_EXISTS=readline -o CMakeFiles/cmTC_dbfac.dir/CheckFunctionExists.c.o -c /usr/share/cmake/Modules/CheckFunctionExists.c
Linking C executable cmTC_dbfac
/usr/bin/cmake -E cmake_link_script CMakeFiles/cmTC_dbfac.dir/link.txt --verbose=1
/usr/bin/cc  -DCHECK_FUNCTION_EXISTS=readline CMakeFiles/cmTC_dbfac.dir/CheckFunctionExists.c.o -o cmTC_dbfac  -lreadline /usr/lib64/liblzma.so /usr/lib64/libz.so 
/usr/bin/ld: cannot find -lreadline
collect2: error: ld returned 1 exit status
gmake[1]: *** [CMakeFiles/cmTC_dbfac.dir/build.make:101: cmTC_dbfac] Error 1
gmake[1]: Leaving directory '/home/code/libxml2-2.9.12_merge_on_huawei/CMakeFiles/CMakeTmp'
gmake: *** [Makefile:127: cmTC_dbfac/fast] Error 2



Determining if the DIR exist failed with the following output:
Change Dir: /home/code/libxml2-2.9.12_merge_on_huawei/CMakeFiles/CMakeTmp

Run Build Command(s):/usr/bin/gmake -f Makefile cmTC_dbfaf/fast && /usr/bin/gmake  -f CMakeFiles/cmTC_dbfaf.dir/build.make CMakeFiles/cmTC_dbfaf.dir/build
gmake[1]: Entering directory '/home/code/libxml2-2.9.12_merge_on_huawei/CMakeFiles/CMakeTmp'
Building C object CMakeFiles/cmTC_dbfaf.dir/CheckSymbolExists.c.o
/usr/bin/cc    -o CMakeFiles/cmTC_dbfaf.dir/CheckSymbolExists.c.o -c /home/code/libxml2-2.9.12_merge_on_huawei/CMakeFiles/CMakeTmp/CheckSymbolExists.c
/home/code/libxml2-2.9.12_merge_on_huawei/CMakeFiles/CMakeTmp/CheckSymbolExists.c:2:10: fatal error: ndir.h: No such file or directory
    2 | #include <ndir.h>
      |          ^~~~~~~~
compilation terminated.
gmake[1]: *** [CMakeFiles/cmTC_dbfaf.dir/build.make:78: CMakeFiles/cmTC_dbfaf.dir/CheckSymbolExists.c.o] Error 1
gmake[1]: Leaving directory '/home/code/libxml2-2.9.12_merge_on_huawei/CMakeFiles/CMakeTmp'
gmake: *** [Makefile:127: cmTC_dbfaf/fast] Error 2


File /home/code/libxml2-2.9.12_merge_on_huawei/CMakeFiles/CMakeTmp/CheckSymbolExists.c:
/* */
#include <ndir.h>

int main(int argc, char** argv)
{
  (void)argv;
#ifndef DIR
  return ((int*)(&DIR))[argc];
#else
  (void)argc;
  return 0;
#endif
}
Determining if the function shl_load exists in the dld failed with the following output:
Change Dir: /home/code/libxml2-2.9.12_merge_on_huawei/CMakeFiles/CMakeTmp

Run Build Command(s):/usr/bin/gmake -f Makefile cmTC_dbfae/fast && /usr/bin/gmake  -f CMakeFiles/cmTC_dbfae.dir/build.make CMakeFiles/cmTC_dbfae.dir/build
gmake[1]: Entering directory '/home/code/libxml2-2.9.12_merge_on_huawei/CMakeFiles/CMakeTmp'
Building C object CMakeFiles/cmTC_dbfae.dir/CheckFunctionExists.c.o
/usr/bin/cc   -DCHECK_FUNCTION_EXISTS=shl_load -o CMakeFiles/cmTC_dbfae.dir/CheckFunctionExists.c.o -c /usr/share/cmake/Modules/CheckFunctionExists.c
Linking C executable cmTC_dbfae
/usr/bin/cmake -E cmake_link_script CMakeFiles/cmTC_dbfae.dir/link.txt --verbose=1
/usr/bin/cc  -DCHECK_FUNCTION_EXISTS=shl_load CMakeFiles/cmTC_dbfae.dir/CheckFunctionExists.c.o -o cmTC_dbfae  -ldld /usr/lib64/liblzma.so /usr/lib64/libz.so 
/usr/bin/ld: cannot find -ldld
collect2: error: ld returned 1 exit status
gmake[1]: *** [CMakeFiles/cmTC_dbfae.dir/build.make:101: cmTC_dbfae] Error 1
gmake[1]: Leaving directory '/home/code/libxml2-2.9.12_merge_on_huawei/CMakeFiles/CMakeTmp'
gmake: *** [Makefile:127: cmTC_dbfae/fast] Error 2



Determining if the DIR exist failed with the following output:
Change Dir: /home/code/libxml2-2.9.12_merge_on_huawei/CMakeFiles/CMakeTmp

Run Build Command(s):/usr/bin/gmake -f Makefile cmTC_dbfb1/fast && /usr/bin/gmake  -f CMakeFiles/cmTC_dbfb1.dir/build.make CMakeFiles/cmTC_dbfb1.dir/build
gmake[1]: Entering directory '/home/code/libxml2-2.9.12_merge_on_huawei/CMakeFiles/CMakeTmp'
Building C object CMakeFiles/cmTC_dbfb1.dir/CheckSymbolExists.c.o
/usr/bin/cc    -o CMakeFiles/cmTC_dbfb1.dir/CheckSymbolExists.c.o -c /home/code/libxml2-2.9.12_merge_on_huawei/CMakeFiles/CMakeTmp/CheckSymbolExists.c
/home/code/libxml2-2.9.12_merge_on_huawei/CMakeFiles/CMakeTmp/CheckSymbolExists.c: In function ‘main’:
/home/code/libxml2-2.9.12_merge_on_huawei/CMakeFiles/CMakeTmp/CheckSymbolExists.c:8:19: error: expected expression before ‘DIR’
    8 |   return ((int*)(&DIR))[argc];
      |                   ^~~
gmake[1]: *** [CMakeFiles/cmTC_dbfb1.dir/build.make:78: CMakeFiles/cmTC_dbfb1.dir/CheckSymbolExists.c.o] Error 1
gmake[1]: Leaving directory '/home/code/libxml2-2.9.12_merge_on_huawei/CMakeFiles/CMakeTmp'
gmake: *** [Makefile:127: cmTC_dbfb1/fast] Error 2


File /home/code/libxml2-2.9.12_merge_on_huawei/CMakeFiles/CMakeTmp/CheckSymbolExists.c:
/* */
#include <sys/dir.h>

int main(int argc, char** argv)
{
  (void)argv;
#ifndef DIR
  return ((int*)(&DIR))[argc];
#else
  (void)argc;
  return 0;
#endif
}
Determining if the DIR exist failed with the following output:
Change Dir: /home/code/libxml2-2.9.12_merge_on_huawei/CMakeFiles/CMakeTmp

Run Build Command(s):/usr/bin/gmake -f Makefile cmTC_dbfb1/fast && /usr/bin/gmake  -f CMakeFiles/cmTC_dbfb1.dir/build.make CMakeFiles/cmTC_dbfb1.dir/build
gmake[1]: Entering directory '/home/code/libxml2-2.9.12_merge_on_huawei/CMakeFiles/CMakeTmp'
Building C object CMakeFiles/cmTC_dbfb1.dir/CheckSymbolExists.c.o
/usr/bin/cc    -o CMakeFiles/cmTC_dbfb1.dir/CheckSymbolExists.c.o -c /home/code/libxml2-2.9.12_merge_on_huawei/CMakeFiles/CMakeTmp/CheckSymbolExists.c
/home/code/libxml2-2.9.12_merge_on_huawei/CMakeFiles/CMakeTmp/CheckSymbolExists.c:2:10: fatal error: sys/ndir.h: No such file or directory
    2 | #include <sys/ndir.h>
      |          ^~~~~~~~~~~~
compilation terminated.
gmake[1]: *** [CMakeFiles/cmTC_dbfb1.dir/build.make:78: CMakeFiles/cmTC_dbfb1.dir/CheckSymbolExists.c.o] Error 1
gmake[1]: Leaving directory '/home/code/libxml2-2.9.12_merge_on_huawei/CMakeFiles/CMakeTmp'
gmake: *** [Makefile:127: cmTC_dbfb1/fast] Error 2


File /home/code/libxml2-2.9.12_merge_on_huawei/CMakeFiles/CMakeTmp/CheckSymbolExists.c:
/* */
#include <sys/ndir.h>

int main(int argc, char** argv)
{
  (void)argv;
#ifndef DIR
  return ((int*)(&DIR))[argc];
#else
  (void)argc;
  return 0;
#endif
}
Determining if the function va_copy exists failed with the following output:
Change Dir: /home/code/libxml2-2.9.12_merge_on_huawei/CMakeFiles/CMakeTmp

Run Build Command(s):/usr/bin/gmake -f Makefile cmTC_dbfb1/fast && /usr/bin/gmake  -f CMakeFiles/cmTC_dbfb1.dir/build.make CMakeFiles/cmTC_dbfb1.dir/build
gmake[1]: Entering directory '/home/code/libxml2-2.9.12_merge_on_huawei/CMakeFiles/CMakeTmp'
Building C object CMakeFiles/cmTC_dbfb1.dir/CheckFunctionExists.c.o
/usr/bin/cc   -DCHECK_FUNCTION_EXISTS=va_copy -o CMakeFiles/cmTC_dbfb1.dir/CheckFunctionExists.c.o -c /usr/share/cmake/Modules/CheckFunctionExists.c
Linking C executable cmTC_dbfb1
/usr/bin/cmake -E cmake_link_script CMakeFiles/cmTC_dbfb1.dir/link.txt --verbose=1
/usr/bin/cc  -DCHECK_FUNCTION_EXISTS=va_copy CMakeFiles/cmTC_dbfb1.dir/CheckFunctionExists.c.o -o cmTC_dbfb1  /usr/lib64/liblzma.so /usr/lib64/libz.so 
/usr/bin/ld: CMakeFiles/cmTC_dbfb1.dir/CheckFunctionExists.c.o: in function `main':
CheckFunctionExists.c:(.text+0x10): undefined reference to `va_copy'
collect2: error: ld returned 1 exit status
gmake[1]: *** [CMakeFiles/cmTC_dbfb1.dir/build.make:101: cmTC_dbfb1] Error 1
gmake[1]: Leaving directory '/home/code/libxml2-2.9.12_merge_on_huawei/CMakeFiles/CMakeTmp'
gmake: *** [Makefile:127: cmTC_dbfb1/fast] Error 2



Determining if the function __va_copy exists failed with the following output:
Change Dir: /home/code/libxml2-2.9.12_merge_on_huawei/CMakeFiles/CMakeTmp

Run Build Command(s):/usr/bin/gmake -f Makefile cmTC_dbfb0/fast && /usr/bin/gmake  -f CMakeFiles/cmTC_dbfb0.dir/build.make CMakeFiles/cmTC_dbfb0.dir/build
gmake[1]: Entering directory '/home/code/libxml2-2.9.12_merge_on_huawei/CMakeFiles/CMakeTmp'
Building C object CMakeFiles/cmTC_dbfb0.dir/CheckFunctionExists.c.o
/usr/bin/cc   -DCHECK_FUNCTION_EXISTS=__va_copy -o CMakeFiles/cmTC_dbfb0.dir/CheckFunctionExists.c.o -c /usr/share/cmake/Modules/CheckFunctionExists.c
Linking C executable cmTC_dbfb0
/usr/bin/cmake -E cmake_link_script CMakeFiles/cmTC_dbfb0.dir/link.txt --verbose=1
/usr/bin/cc  -DCHECK_FUNCTION_EXISTS=__va_copy CMakeFiles/cmTC_dbfb0.dir/CheckFunctionExists.c.o -o cmTC_dbfb0  /usr/lib64/liblzma.so /usr/lib64/libz.so 
/usr/bin/ld: CMakeFiles/cmTC_dbfb0.dir/CheckFunctionExists.c.o: in function `main':
CheckFunctionExists.c:(.text+0x10): undefined reference to `__va_copy'
collect2: error: ld returned 1 exit status
gmake[1]: *** [CMakeFiles/cmTC_dbfb0.dir/build.make:101: cmTC_dbfb0] Error 1
gmake[1]: Leaving directory '/home/code/libxml2-2.9.12_merge_on_huawei/CMakeFiles/CMakeTmp'
gmake: *** [Makefile:127: cmTC_dbfb0/fast] Error 2



Performing C SOURCE FILE Test VA_LIST_IS_ARRAY_TEST failed with the following output:
Change Dir: /home/code/libxml2-2.9.12_merge_on_huawei/CMakeFiles/CMakeTmp

Run Build Command(s):/usr/bin/gmake -f Makefile cmTC_dbfb0/fast && /usr/bin/gmake  -f CMakeFiles/cmTC_dbfb0.dir/build.make CMakeFiles/cmTC_dbfb0.dir/build
gmake[1]: Entering directory '/home/code/libxml2-2.9.12_merge_on_huawei/CMakeFiles/CMakeTmp'
Building C object CMakeFiles/cmTC_dbfb0.dir/src.c.o
/usr/bin/cc -DVA_LIST_IS_ARRAY_TEST   -o CMakeFiles/cmTC_dbfb0.dir/src.c.o -c /home/code/libxml2-2.9.12_merge_on_huawei/CMakeFiles/CMakeTmp/src.c
/home/code/libxml2-2.9.12_merge_on_huawei/CMakeFiles/CMakeTmp/src.c: In function ‘main’:
/home/code/libxml2-2.9.12_merge_on_huawei/CMakeFiles/CMakeTmp/src.c:4:49: error: cast specifies array type
    4 |   int main() { va_list ap1, ap2; a(&ap1); ap2 = (va_list) ap1; return 0; }
      |                                                 ^
gmake[1]: *** [CMakeFiles/cmTC_dbfb0.dir/build.make:78: CMakeFiles/cmTC_dbfb0.dir/src.c.o] Error 1
gmake[1]: Leaving directory '/home/code/libxml2-2.9.12_merge_on_huawei/CMakeFiles/CMakeTmp'
gmake: *** [Makefile:127: cmTC_dbfb0/fast] Error 2


Source file was:

		#include <stdarg.h>
		void a(va_list* ap) {};
		int main() { va_list ap1, ap2; a(&ap1); ap2 = (va_list) ap1; return 0; }
	
