The system is: Linux - 4.18.0-348.7.1.el8_5.x86_64 - x86_64
Compiling the C compiler identification source file "CMakeCCompilerId.c" succeeded.
Compiler: /usr/bin/cc 
Build flags: 
Id flags:  

The output was:
0


Compilation of the C compiler identification source "CMakeCCompilerId.c" produced "a.out"

The C compiler identification is GNU, found in "/root/code/01/10/libxml2-rust/CMakeFiles/3.20.2/CompilerIdC/a.out"

Detecting C compiler ABI info compiled with the following output:
Change Dir: /root/code/01/10/libxml2-rust/CMakeFiles/CMakeTmp

Run Build Command(s):/usr/bin/gmake -f Makefile cmTC_722e0/fast && /usr/bin/gmake  -f CMakeFiles/cmTC_722e0.dir/build.make CMakeFiles/cmTC_722e0.dir/build
gmake[1]: Entering directory '/root/code/01/10/libxml2-rust/CMakeFiles/CMakeTmp'
Building C object CMakeFiles/cmTC_722e0.dir/CMakeCCompilerABI.c.o
/usr/bin/cc   -v -o CMakeFiles/cmTC_722e0.dir/CMakeCCompilerABI.c.o -c /usr/share/cmake/Modules/CMakeCCompilerABI.c
Using built-in specs.
COLLECT_GCC=/usr/bin/cc
OFFLOAD_TARGET_NAMES=nvptx-none
OFFLOAD_TARGET_DEFAULT=1
Target: x86_64-redhat-linux
Configured with: ../configure --enable-bootstrap --enable-languages=c,c++,fortran,lto --prefix=/usr --mandir=/usr/share/man --infodir=/usr/share/info --with-bugurl=http://bugzilla.redhat.com/bugzilla --enable-shared --enable-threads=posix --enable-checking=release --enable-multilib --with-system-zlib --enable-__cxa_atexit --disable-libunwind-exceptions --enable-gnu-unique-object --enable-linker-build-id --with-gcc-major-version-only --with-linker-hash-style=gnu --enable-plugin --enable-initfini-array --with-isl --disable-libmpx --enable-offload-targets=nvptx-none --without-cuda-driver --enable-gnu-indirect-function --enable-cet --with-tune=generic --with-arch_32=x86-64 --build=x86_64-redhat-linux
Thread model: posix
gcc version 8.5.0 20210514 (Red Hat 8.5.0-4) (GCC) 
COLLECT_GCC_OPTIONS='-v' '-o' 'CMakeFiles/cmTC_722e0.dir/CMakeCCompilerABI.c.o' '-c' '-mtune=generic' '-march=x86-64'
 /usr/libexec/gcc/x86_64-redhat-linux/8/cc1 -quiet -v /usr/share/cmake/Modules/CMakeCCompilerABI.c -quiet -dumpbase CMakeCCompilerABI.c -mtune=generic -march=x86-64 -auxbase-strip CMakeFiles/cmTC_722e0.dir/CMakeCCompilerABI.c.o -version -o /tmp/cc87nUfA.s
GNU C17 (GCC) version 8.5.0 20210514 (Red Hat 8.5.0-4) (x86_64-redhat-linux)
	compiled by GNU C version 8.5.0 20210514 (Red Hat 8.5.0-4), GMP version 6.1.2, MPFR version 3.1.6-p2, MPC version 1.1.0, isl version isl-0.16.1-GMP

GGC heuristics: --param ggc-min-expand=100 --param ggc-min-heapsize=131072
ignoring nonexistent directory "/usr/lib/gcc/x86_64-redhat-linux/8/include-fixed"
ignoring nonexistent directory "/usr/lib/gcc/x86_64-redhat-linux/8/../../../../x86_64-redhat-linux/include"
#include "..." search starts here:
#include <...> search starts here:
 /usr/lib/gcc/x86_64-redhat-linux/8/include
 /usr/local/include
 /usr/include
End of search list.
GNU C17 (GCC) version 8.5.0 20210514 (Red Hat 8.5.0-4) (x86_64-redhat-linux)
	compiled by GNU C version 8.5.0 20210514 (Red Hat 8.5.0-4), GMP version 6.1.2, MPFR version 3.1.6-p2, MPC version 1.1.0, isl version isl-0.16.1-GMP

GGC heuristics: --param ggc-min-expand=100 --param ggc-min-heapsize=131072
Compiler executable checksum: 28dc17f098e3832ac20df76fcd24b1a5
COLLECT_GCC_OPTIONS='-v' '-o' 'CMakeFiles/cmTC_722e0.dir/CMakeCCompilerABI.c.o' '-c' '-mtune=generic' '-march=x86-64'
 as -v --64 -o CMakeFiles/cmTC_722e0.dir/CMakeCCompilerABI.c.o /tmp/cc87nUfA.s
GNU assembler version 2.30 (x86_64-redhat-linux) using BFD version version 2.30-108.el8_5.1
COMPILER_PATH=/usr/libexec/gcc/x86_64-redhat-linux/8/:/usr/libexec/gcc/x86_64-redhat-linux/8/:/usr/libexec/gcc/x86_64-redhat-linux/:/usr/lib/gcc/x86_64-redhat-linux/8/:/usr/lib/gcc/x86_64-redhat-linux/
LIBRARY_PATH=/usr/lib/gcc/x86_64-redhat-linux/8/:/usr/lib/gcc/x86_64-redhat-linux/8/../../../../lib64/:/lib/../lib64/:/usr/lib/../lib64/:/usr/lib/gcc/x86_64-redhat-linux/8/../../../:/lib/:/usr/lib/
COLLECT_GCC_OPTIONS='-v' '-o' 'CMakeFiles/cmTC_722e0.dir/CMakeCCompilerABI.c.o' '-c' '-mtune=generic' '-march=x86-64'
Linking C executable cmTC_722e0
/usr/bin/cmake -E cmake_link_script CMakeFiles/cmTC_722e0.dir/link.txt --verbose=1
/usr/bin/cc  -v CMakeFiles/cmTC_722e0.dir/CMakeCCompilerABI.c.o -o cmTC_722e0 
Using built-in specs.
COLLECT_GCC=/usr/bin/cc
COLLECT_LTO_WRAPPER=/usr/libexec/gcc/x86_64-redhat-linux/8/lto-wrapper
OFFLOAD_TARGET_NAMES=nvptx-none
OFFLOAD_TARGET_DEFAULT=1
Target: x86_64-redhat-linux
Configured with: ../configure --enable-bootstrap --enable-languages=c,c++,fortran,lto --prefix=/usr --mandir=/usr/share/man --infodir=/usr/share/info --with-bugurl=http://bugzilla.redhat.com/bugzilla --enable-shared --enable-threads=posix --enable-checking=release --enable-multilib --with-system-zlib --enable-__cxa_atexit --disable-libunwind-exceptions --enable-gnu-unique-object --enable-linker-build-id --with-gcc-major-version-only --with-linker-hash-style=gnu --enable-plugin --enable-initfini-array --with-isl --disable-libmpx --enable-offload-targets=nvptx-none --without-cuda-driver --enable-gnu-indirect-function --enable-cet --with-tune=generic --with-arch_32=x86-64 --build=x86_64-redhat-linux
Thread model: posix
gcc version 8.5.0 20210514 (Red Hat 8.5.0-4) (GCC) 
COMPILER_PATH=/usr/libexec/gcc/x86_64-redhat-linux/8/:/usr/libexec/gcc/x86_64-redhat-linux/8/:/usr/libexec/gcc/x86_64-redhat-linux/:/usr/lib/gcc/x86_64-redhat-linux/8/:/usr/lib/gcc/x86_64-redhat-linux/
LIBRARY_PATH=/usr/lib/gcc/x86_64-redhat-linux/8/:/usr/lib/gcc/x86_64-redhat-linux/8/../../../../lib64/:/lib/../lib64/:/usr/lib/../lib64/:/usr/lib/gcc/x86_64-redhat-linux/8/../../../:/lib/:/usr/lib/
COLLECT_GCC_OPTIONS='-v' '-o' 'cmTC_722e0' '-mtune=generic' '-march=x86-64'
 /usr/libexec/gcc/x86_64-redhat-linux/8/collect2 -plugin /usr/libexec/gcc/x86_64-redhat-linux/8/liblto_plugin.so -plugin-opt=/usr/libexec/gcc/x86_64-redhat-linux/8/lto-wrapper -plugin-opt=-fresolution=/tmp/ccGda4QX.res -plugin-opt=-pass-through=-lgcc -plugin-opt=-pass-through=-lgcc_s -plugin-opt=-pass-through=-lc -plugin-opt=-pass-through=-lgcc -plugin-opt=-pass-through=-lgcc_s --build-id --no-add-needed --eh-frame-hdr --hash-style=gnu -m elf_x86_64 -dynamic-linker /lib64/ld-linux-x86-64.so.2 -o cmTC_722e0 /usr/lib/gcc/x86_64-redhat-linux/8/../../../../lib64/crt1.o /usr/lib/gcc/x86_64-redhat-linux/8/../../../../lib64/crti.o /usr/lib/gcc/x86_64-redhat-linux/8/crtbegin.o -L/usr/lib/gcc/x86_64-redhat-linux/8 -L/usr/lib/gcc/x86_64-redhat-linux/8/../../../../lib64 -L/lib/../lib64 -L/usr/lib/../lib64 -L/usr/lib/gcc/x86_64-redhat-linux/8/../../.. CMakeFiles/cmTC_722e0.dir/CMakeCCompilerABI.c.o -lgcc --as-needed -lgcc_s --no-as-needed -lc -lgcc --as-needed -lgcc_s --no-as-needed /usr/lib/gcc/x86_64-redhat-linux/8/crtend.o /usr/lib/gcc/x86_64-redhat-linux/8/../../../../lib64/crtn.o
COLLECT_GCC_OPTIONS='-v' '-o' 'cmTC_722e0' '-mtune=generic' '-march=x86-64'
gmake[1]: Leaving directory '/root/code/01/10/libxml2-rust/CMakeFiles/CMakeTmp'



Parsed C implicit include dir info from above output: rv=done
  found start of include info
  found start of implicit include info
    add: [/usr/lib/gcc/x86_64-redhat-linux/8/include]
    add: [/usr/local/include]
    add: [/usr/include]
  end of search list found
  collapse include dir [/usr/lib/gcc/x86_64-redhat-linux/8/include] ==> [/usr/lib/gcc/x86_64-redhat-linux/8/include]
  collapse include dir [/usr/local/include] ==> [/usr/local/include]
  collapse include dir [/usr/include] ==> [/usr/include]
  implicit include dirs: [/usr/lib/gcc/x86_64-redhat-linux/8/include;/usr/local/include;/usr/include]


Parsed C implicit link information from above output:
  link line regex: [^( *|.*[/\])(ld|CMAKE_LINK_STARTFILE-NOTFOUND|([^/\]+-)?ld|collect2)[^/\]*( |$)]
  ignore line: [Change Dir: /root/code/01/10/libxml2-rust/CMakeFiles/CMakeTmp]
  ignore line: []
  ignore line: [Run Build Command(s):/usr/bin/gmake -f Makefile cmTC_722e0/fast && /usr/bin/gmake  -f CMakeFiles/cmTC_722e0.dir/build.make CMakeFiles/cmTC_722e0.dir/build]
  ignore line: [gmake[1]: Entering directory '/root/code/01/10/libxml2-rust/CMakeFiles/CMakeTmp']
  ignore line: [Building C object CMakeFiles/cmTC_722e0.dir/CMakeCCompilerABI.c.o]
  ignore line: [/usr/bin/cc   -v -o CMakeFiles/cmTC_722e0.dir/CMakeCCompilerABI.c.o -c /usr/share/cmake/Modules/CMakeCCompilerABI.c]
  ignore line: [Using built-in specs.]
  ignore line: [COLLECT_GCC=/usr/bin/cc]
  ignore line: [OFFLOAD_TARGET_NAMES=nvptx-none]
  ignore line: [OFFLOAD_TARGET_DEFAULT=1]
  ignore line: [Target: x86_64-redhat-linux]
  ignore line: [Configured with: ../configure --enable-bootstrap --enable-languages=c c++ fortran lto --prefix=/usr --mandir=/usr/share/man --infodir=/usr/share/info --with-bugurl=http://bugzilla.redhat.com/bugzilla --enable-shared --enable-threads=posix --enable-checking=release --enable-multilib --with-system-zlib --enable-__cxa_atexit --disable-libunwind-exceptions --enable-gnu-unique-object --enable-linker-build-id --with-gcc-major-version-only --with-linker-hash-style=gnu --enable-plugin --enable-initfini-array --with-isl --disable-libmpx --enable-offload-targets=nvptx-none --without-cuda-driver --enable-gnu-indirect-function --enable-cet --with-tune=generic --with-arch_32=x86-64 --build=x86_64-redhat-linux]
  ignore line: [Thread model: posix]
  ignore line: [gcc version 8.5.0 20210514 (Red Hat 8.5.0-4) (GCC) ]
  ignore line: [COLLECT_GCC_OPTIONS='-v' '-o' 'CMakeFiles/cmTC_722e0.dir/CMakeCCompilerABI.c.o' '-c' '-mtune=generic' '-march=x86-64']
  ignore line: [ /usr/libexec/gcc/x86_64-redhat-linux/8/cc1 -quiet -v /usr/share/cmake/Modules/CMakeCCompilerABI.c -quiet -dumpbase CMakeCCompilerABI.c -mtune=generic -march=x86-64 -auxbase-strip CMakeFiles/cmTC_722e0.dir/CMakeCCompilerABI.c.o -version -o /tmp/cc87nUfA.s]
  ignore line: [GNU C17 (GCC) version 8.5.0 20210514 (Red Hat 8.5.0-4) (x86_64-redhat-linux)]
  ignore line: [	compiled by GNU C version 8.5.0 20210514 (Red Hat 8.5.0-4)  GMP version 6.1.2  MPFR version 3.1.6-p2  MPC version 1.1.0  isl version isl-0.16.1-GMP]
  ignore line: []
  ignore line: [GGC heuristics: --param ggc-min-expand=100 --param ggc-min-heapsize=131072]
  ignore line: [ignoring nonexistent directory "/usr/lib/gcc/x86_64-redhat-linux/8/include-fixed"]
  ignore line: [ignoring nonexistent directory "/usr/lib/gcc/x86_64-redhat-linux/8/../../../../x86_64-redhat-linux/include"]
  ignore line: [#include "..." search starts here:]
  ignore line: [#include <...> search starts here:]
  ignore line: [ /usr/lib/gcc/x86_64-redhat-linux/8/include]
  ignore line: [ /usr/local/include]
  ignore line: [ /usr/include]
  ignore line: [End of search list.]
  ignore line: [GNU C17 (GCC) version 8.5.0 20210514 (Red Hat 8.5.0-4) (x86_64-redhat-linux)]
  ignore line: [	compiled by GNU C version 8.5.0 20210514 (Red Hat 8.5.0-4)  GMP version 6.1.2  MPFR version 3.1.6-p2  MPC version 1.1.0  isl version isl-0.16.1-GMP]
  ignore line: []
  ignore line: [GGC heuristics: --param ggc-min-expand=100 --param ggc-min-heapsize=131072]
  ignore line: [Compiler executable checksum: 28dc17f098e3832ac20df76fcd24b1a5]
  ignore line: [COLLECT_GCC_OPTIONS='-v' '-o' 'CMakeFiles/cmTC_722e0.dir/CMakeCCompilerABI.c.o' '-c' '-mtune=generic' '-march=x86-64']
  ignore line: [ as -v --64 -o CMakeFiles/cmTC_722e0.dir/CMakeCCompilerABI.c.o /tmp/cc87nUfA.s]
  ignore line: [GNU assembler version 2.30 (x86_64-redhat-linux) using BFD version version 2.30-108.el8_5.1]
  ignore line: [COMPILER_PATH=/usr/libexec/gcc/x86_64-redhat-linux/8/:/usr/libexec/gcc/x86_64-redhat-linux/8/:/usr/libexec/gcc/x86_64-redhat-linux/:/usr/lib/gcc/x86_64-redhat-linux/8/:/usr/lib/gcc/x86_64-redhat-linux/]
  ignore line: [LIBRARY_PATH=/usr/lib/gcc/x86_64-redhat-linux/8/:/usr/lib/gcc/x86_64-redhat-linux/8/../../../../lib64/:/lib/../lib64/:/usr/lib/../lib64/:/usr/lib/gcc/x86_64-redhat-linux/8/../../../:/lib/:/usr/lib/]
  ignore line: [COLLECT_GCC_OPTIONS='-v' '-o' 'CMakeFiles/cmTC_722e0.dir/CMakeCCompilerABI.c.o' '-c' '-mtune=generic' '-march=x86-64']
  ignore line: [Linking C executable cmTC_722e0]
  ignore line: [/usr/bin/cmake -E cmake_link_script CMakeFiles/cmTC_722e0.dir/link.txt --verbose=1]
  ignore line: [/usr/bin/cc  -v CMakeFiles/cmTC_722e0.dir/CMakeCCompilerABI.c.o -o cmTC_722e0 ]
  ignore line: [Using built-in specs.]
  ignore line: [COLLECT_GCC=/usr/bin/cc]
  ignore line: [COLLECT_LTO_WRAPPER=/usr/libexec/gcc/x86_64-redhat-linux/8/lto-wrapper]
  ignore line: [OFFLOAD_TARGET_NAMES=nvptx-none]
  ignore line: [OFFLOAD_TARGET_DEFAULT=1]
  ignore line: [Target: x86_64-redhat-linux]
  ignore line: [Configured with: ../configure --enable-bootstrap --enable-languages=c c++ fortran lto --prefix=/usr --mandir=/usr/share/man --infodir=/usr/share/info --with-bugurl=http://bugzilla.redhat.com/bugzilla --enable-shared --enable-threads=posix --enable-checking=release --enable-multilib --with-system-zlib --enable-__cxa_atexit --disable-libunwind-exceptions --enable-gnu-unique-object --enable-linker-build-id --with-gcc-major-version-only --with-linker-hash-style=gnu --enable-plugin --enable-initfini-array --with-isl --disable-libmpx --enable-offload-targets=nvptx-none --without-cuda-driver --enable-gnu-indirect-function --enable-cet --with-tune=generic --with-arch_32=x86-64 --build=x86_64-redhat-linux]
  ignore line: [Thread model: posix]
  ignore line: [gcc version 8.5.0 20210514 (Red Hat 8.5.0-4) (GCC) ]
  ignore line: [COMPILER_PATH=/usr/libexec/gcc/x86_64-redhat-linux/8/:/usr/libexec/gcc/x86_64-redhat-linux/8/:/usr/libexec/gcc/x86_64-redhat-linux/:/usr/lib/gcc/x86_64-redhat-linux/8/:/usr/lib/gcc/x86_64-redhat-linux/]
  ignore line: [LIBRARY_PATH=/usr/lib/gcc/x86_64-redhat-linux/8/:/usr/lib/gcc/x86_64-redhat-linux/8/../../../../lib64/:/lib/../lib64/:/usr/lib/../lib64/:/usr/lib/gcc/x86_64-redhat-linux/8/../../../:/lib/:/usr/lib/]
  ignore line: [COLLECT_GCC_OPTIONS='-v' '-o' 'cmTC_722e0' '-mtune=generic' '-march=x86-64']
  link line: [ /usr/libexec/gcc/x86_64-redhat-linux/8/collect2 -plugin /usr/libexec/gcc/x86_64-redhat-linux/8/liblto_plugin.so -plugin-opt=/usr/libexec/gcc/x86_64-redhat-linux/8/lto-wrapper -plugin-opt=-fresolution=/tmp/ccGda4QX.res -plugin-opt=-pass-through=-lgcc -plugin-opt=-pass-through=-lgcc_s -plugin-opt=-pass-through=-lc -plugin-opt=-pass-through=-lgcc -plugin-opt=-pass-through=-lgcc_s --build-id --no-add-needed --eh-frame-hdr --hash-style=gnu -m elf_x86_64 -dynamic-linker /lib64/ld-linux-x86-64.so.2 -o cmTC_722e0 /usr/lib/gcc/x86_64-redhat-linux/8/../../../../lib64/crt1.o /usr/lib/gcc/x86_64-redhat-linux/8/../../../../lib64/crti.o /usr/lib/gcc/x86_64-redhat-linux/8/crtbegin.o -L/usr/lib/gcc/x86_64-redhat-linux/8 -L/usr/lib/gcc/x86_64-redhat-linux/8/../../../../lib64 -L/lib/../lib64 -L/usr/lib/../lib64 -L/usr/lib/gcc/x86_64-redhat-linux/8/../../.. CMakeFiles/cmTC_722e0.dir/CMakeCCompilerABI.c.o -lgcc --as-needed -lgcc_s --no-as-needed -lc -lgcc --as-needed -lgcc_s --no-as-needed /usr/lib/gcc/x86_64-redhat-linux/8/crtend.o /usr/lib/gcc/x86_64-redhat-linux/8/../../../../lib64/crtn.o]
    arg [/usr/libexec/gcc/x86_64-redhat-linux/8/collect2] ==> ignore
    arg [-plugin] ==> ignore
    arg [/usr/libexec/gcc/x86_64-redhat-linux/8/liblto_plugin.so] ==> ignore
    arg [-plugin-opt=/usr/libexec/gcc/x86_64-redhat-linux/8/lto-wrapper] ==> ignore
    arg [-plugin-opt=-fresolution=/tmp/ccGda4QX.res] ==> ignore
    arg [-plugin-opt=-pass-through=-lgcc] ==> ignore
    arg [-plugin-opt=-pass-through=-lgcc_s] ==> ignore
    arg [-plugin-opt=-pass-through=-lc] ==> ignore
    arg [-plugin-opt=-pass-through=-lgcc] ==> ignore
    arg [-plugin-opt=-pass-through=-lgcc_s] ==> ignore
    arg [--build-id] ==> ignore
    arg [--no-add-needed] ==> ignore
    arg [--eh-frame-hdr] ==> ignore
    arg [--hash-style=gnu] ==> ignore
    arg [-m] ==> ignore
    arg [elf_x86_64] ==> ignore
    arg [-dynamic-linker] ==> ignore
    arg [/lib64/ld-linux-x86-64.so.2] ==> ignore
    arg [-o] ==> ignore
    arg [cmTC_722e0] ==> ignore
    arg [/usr/lib/gcc/x86_64-redhat-linux/8/../../../../lib64/crt1.o] ==> obj [/usr/lib/gcc/x86_64-redhat-linux/8/../../../../lib64/crt1.o]
    arg [/usr/lib/gcc/x86_64-redhat-linux/8/../../../../lib64/crti.o] ==> obj [/usr/lib/gcc/x86_64-redhat-linux/8/../../../../lib64/crti.o]
    arg [/usr/lib/gcc/x86_64-redhat-linux/8/crtbegin.o] ==> obj [/usr/lib/gcc/x86_64-redhat-linux/8/crtbegin.o]
    arg [-L/usr/lib/gcc/x86_64-redhat-linux/8] ==> dir [/usr/lib/gcc/x86_64-redhat-linux/8]
    arg [-L/usr/lib/gcc/x86_64-redhat-linux/8/../../../../lib64] ==> dir [/usr/lib/gcc/x86_64-redhat-linux/8/../../../../lib64]
    arg [-L/lib/../lib64] ==> dir [/lib/../lib64]
    arg [-L/usr/lib/../lib64] ==> dir [/usr/lib/../lib64]
    arg [-L/usr/lib/gcc/x86_64-redhat-linux/8/../../..] ==> dir [/usr/lib/gcc/x86_64-redhat-linux/8/../../..]
    arg [CMakeFiles/cmTC_722e0.dir/CMakeCCompilerABI.c.o] ==> ignore
    arg [-lgcc] ==> lib [gcc]
    arg [--as-needed] ==> ignore
    arg [-lgcc_s] ==> lib [gcc_s]
    arg [--no-as-needed] ==> ignore
    arg [-lc] ==> lib [c]
    arg [-lgcc] ==> lib [gcc]
    arg [--as-needed] ==> ignore
    arg [-lgcc_s] ==> lib [gcc_s]
    arg [--no-as-needed] ==> ignore
    arg [/usr/lib/gcc/x86_64-redhat-linux/8/crtend.o] ==> obj [/usr/lib/gcc/x86_64-redhat-linux/8/crtend.o]
    arg [/usr/lib/gcc/x86_64-redhat-linux/8/../../../../lib64/crtn.o] ==> obj [/usr/lib/gcc/x86_64-redhat-linux/8/../../../../lib64/crtn.o]
  collapse obj [/usr/lib/gcc/x86_64-redhat-linux/8/../../../../lib64/crt1.o] ==> [/usr/lib64/crt1.o]
  collapse obj [/usr/lib/gcc/x86_64-redhat-linux/8/../../../../lib64/crti.o] ==> [/usr/lib64/crti.o]
  collapse obj [/usr/lib/gcc/x86_64-redhat-linux/8/../../../../lib64/crtn.o] ==> [/usr/lib64/crtn.o]
  collapse library dir [/usr/lib/gcc/x86_64-redhat-linux/8] ==> [/usr/lib/gcc/x86_64-redhat-linux/8]
  collapse library dir [/usr/lib/gcc/x86_64-redhat-linux/8/../../../../lib64] ==> [/usr/lib64]
  collapse library dir [/lib/../lib64] ==> [/lib64]
  collapse library dir [/usr/lib/../lib64] ==> [/usr/lib64]
  collapse library dir [/usr/lib/gcc/x86_64-redhat-linux/8/../../..] ==> [/usr/lib]
  implicit libs: [gcc;gcc_s;c;gcc;gcc_s]
  implicit objs: [/usr/lib64/crt1.o;/usr/lib64/crti.o;/usr/lib/gcc/x86_64-redhat-linux/8/crtbegin.o;/usr/lib/gcc/x86_64-redhat-linux/8/crtend.o;/usr/lib64/crtn.o]
  implicit dirs: [/usr/lib/gcc/x86_64-redhat-linux/8;/usr/lib64;/lib64;/usr/lib]
  implicit fwks: []


Performing C SOURCE FILE Test Iconv_IS_BUILT_IN succeeded with the following output:
Change Dir: /root/code/01/10/libxml2-rust/CMakeFiles/CMakeTmp

Run Build Command(s):/usr/bin/gmake -f Makefile cmTC_eaf00/fast && /usr/bin/gmake  -f CMakeFiles/cmTC_eaf00.dir/build.make CMakeFiles/cmTC_eaf00.dir/build
gmake[1]: Entering directory '/root/code/01/10/libxml2-rust/CMakeFiles/CMakeTmp'
Building C object CMakeFiles/cmTC_eaf00.dir/src.c.o
/usr/bin/cc -DIconv_IS_BUILT_IN   -o CMakeFiles/cmTC_eaf00.dir/src.c.o -c /root/code/01/10/libxml2-rust/CMakeFiles/CMakeTmp/src.c
Linking C executable cmTC_eaf00
/usr/bin/cmake -E cmake_link_script CMakeFiles/cmTC_eaf00.dir/link.txt --verbose=1
/usr/bin/cc CMakeFiles/cmTC_eaf00.dir/src.c.o -o cmTC_eaf00 
gmake[1]: Leaving directory '/root/code/01/10/libxml2-rust/CMakeFiles/CMakeTmp'


Source file was:

      #include <stddef.h>
      #include <iconv.h>
      int main() {
        char *a, *b;
        size_t i, j;
        iconv_t ic;
        ic = iconv_open("to", "from");
        iconv(ic, &a, &i, &b, &j);
        iconv_close(ic);
      }
      
Determining if the function lzma_auto_decoder exists in the /usr/lib64/liblzma.so passed with the following output:
Change Dir: /root/code/01/10/libxml2-rust/CMakeFiles/CMakeTmp

Run Build Command(s):/usr/bin/gmake -f Makefile cmTC_9b1c2/fast && /usr/bin/gmake  -f CMakeFiles/cmTC_9b1c2.dir/build.make CMakeFiles/cmTC_9b1c2.dir/build
gmake[1]: Entering directory '/root/code/01/10/libxml2-rust/CMakeFiles/CMakeTmp'
Building C object CMakeFiles/cmTC_9b1c2.dir/CheckFunctionExists.c.o
/usr/bin/cc   -DCHECK_FUNCTION_EXISTS=lzma_auto_decoder -o CMakeFiles/cmTC_9b1c2.dir/CheckFunctionExists.c.o -c /usr/share/cmake/Modules/CheckFunctionExists.c
Linking C executable cmTC_9b1c2
/usr/bin/cmake -E cmake_link_script CMakeFiles/cmTC_9b1c2.dir/link.txt --verbose=1
/usr/bin/cc  -DCHECK_FUNCTION_EXISTS=lzma_auto_decoder CMakeFiles/cmTC_9b1c2.dir/CheckFunctionExists.c.o -o cmTC_9b1c2  /usr/lib64/liblzma.so 
gmake[1]: Leaving directory '/root/code/01/10/libxml2-rust/CMakeFiles/CMakeTmp'



Determining if the function lzma_easy_encoder exists in the /usr/lib64/liblzma.so passed with the following output:
Change Dir: /root/code/01/10/libxml2-rust/CMakeFiles/CMakeTmp

Run Build Command(s):/usr/bin/gmake -f Makefile cmTC_b33b2/fast && /usr/bin/gmake  -f CMakeFiles/cmTC_b33b2.dir/build.make CMakeFiles/cmTC_b33b2.dir/build
gmake[1]: Entering directory '/root/code/01/10/libxml2-rust/CMakeFiles/CMakeTmp'
Building C object CMakeFiles/cmTC_b33b2.dir/CheckFunctionExists.c.o
/usr/bin/cc   -DCHECK_FUNCTION_EXISTS=lzma_easy_encoder -o CMakeFiles/cmTC_b33b2.dir/CheckFunctionExists.c.o -c /usr/share/cmake/Modules/CheckFunctionExists.c
Linking C executable cmTC_b33b2
/usr/bin/cmake -E cmake_link_script CMakeFiles/cmTC_b33b2.dir/link.txt --verbose=1
/usr/bin/cc  -DCHECK_FUNCTION_EXISTS=lzma_easy_encoder CMakeFiles/cmTC_b33b2.dir/CheckFunctionExists.c.o -o cmTC_b33b2  /usr/lib64/liblzma.so 
gmake[1]: Leaving directory '/root/code/01/10/libxml2-rust/CMakeFiles/CMakeTmp'



Determining if the function lzma_lzma_preset exists in the /usr/lib64/liblzma.so passed with the following output:
Change Dir: /root/code/01/10/libxml2-rust/CMakeFiles/CMakeTmp

Run Build Command(s):/usr/bin/gmake -f Makefile cmTC_ded1f/fast && /usr/bin/gmake  -f CMakeFiles/cmTC_ded1f.dir/build.make CMakeFiles/cmTC_ded1f.dir/build
gmake[1]: Entering directory '/root/code/01/10/libxml2-rust/CMakeFiles/CMakeTmp'
Building C object CMakeFiles/cmTC_ded1f.dir/CheckFunctionExists.c.o
/usr/bin/cc   -DCHECK_FUNCTION_EXISTS=lzma_lzma_preset -o CMakeFiles/cmTC_ded1f.dir/CheckFunctionExists.c.o -c /usr/share/cmake/Modules/CheckFunctionExists.c
Linking C executable cmTC_ded1f
/usr/bin/cmake -E cmake_link_script CMakeFiles/cmTC_ded1f.dir/link.txt --verbose=1
/usr/bin/cc  -DCHECK_FUNCTION_EXISTS=lzma_lzma_preset CMakeFiles/cmTC_ded1f.dir/CheckFunctionExists.c.o -o cmTC_ded1f  /usr/lib64/liblzma.so 
gmake[1]: Leaving directory '/root/code/01/10/libxml2-rust/CMakeFiles/CMakeTmp'



Determining if files unistd.h exist passed with the following output:
Change Dir: /root/code/01/10/libxml2-rust/CMakeFiles/CMakeTmp

Run Build Command(s):/usr/bin/gmake -f Makefile cmTC_61754/fast && /usr/bin/gmake  -f CMakeFiles/cmTC_61754.dir/build.make CMakeFiles/cmTC_61754.dir/build
gmake[1]: Entering directory '/root/code/01/10/libxml2-rust/CMakeFiles/CMakeTmp'
Building C object CMakeFiles/cmTC_61754.dir/HAVE_UNISTD_H.c.o
/usr/bin/cc    -o CMakeFiles/cmTC_61754.dir/HAVE_UNISTD_H.c.o -c /root/code/01/10/libxml2-rust/CMakeFiles/CheckIncludeFiles/HAVE_UNISTD_H.c
Linking C executable cmTC_61754
/usr/bin/cmake -E cmake_link_script CMakeFiles/cmTC_61754.dir/link.txt --verbose=1
/usr/bin/cc CMakeFiles/cmTC_61754.dir/HAVE_UNISTD_H.c.o -o cmTC_61754 
gmake[1]: Leaving directory '/root/code/01/10/libxml2-rust/CMakeFiles/CMakeTmp'



Determining if the F_GETFL exist passed with the following output:
Change Dir: /root/code/01/10/libxml2-rust/CMakeFiles/CMakeTmp

Run Build Command(s):/usr/bin/gmake -f Makefile cmTC_0ba21/fast && /usr/bin/gmake  -f CMakeFiles/cmTC_0ba21.dir/build.make CMakeFiles/cmTC_0ba21.dir/build
gmake[1]: Entering directory '/root/code/01/10/libxml2-rust/CMakeFiles/CMakeTmp'
Building C object CMakeFiles/cmTC_0ba21.dir/CheckSymbolExists.c.o
/usr/bin/cc    -o CMakeFiles/cmTC_0ba21.dir/CheckSymbolExists.c.o -c /root/code/01/10/libxml2-rust/CMakeFiles/CMakeTmp/CheckSymbolExists.c
Linking C executable cmTC_0ba21
/usr/bin/cmake -E cmake_link_script CMakeFiles/cmTC_0ba21.dir/link.txt --verbose=1
/usr/bin/cc CMakeFiles/cmTC_0ba21.dir/CheckSymbolExists.c.o -o cmTC_0ba21 
gmake[1]: Leaving directory '/root/code/01/10/libxml2-rust/CMakeFiles/CMakeTmp'


File /root/code/01/10/libxml2-rust/CMakeFiles/CMakeTmp/CheckSymbolExists.c:
/* */
#include <fcntl.h>

int main(int argc, char** argv)
{
  (void)argv;
#ifndef F_GETFL
  return ((int*)(&F_GETFL))[argc];
#else
  (void)argc;
  return 0;
#endif
}
Determining if the include file pthread.h exists passed with the following output:
Change Dir: /root/code/01/10/libxml2-rust/CMakeFiles/CMakeTmp

Run Build Command(s):/usr/bin/gmake -f Makefile cmTC_6cca8/fast && /usr/bin/gmake  -f CMakeFiles/cmTC_6cca8.dir/build.make CMakeFiles/cmTC_6cca8.dir/build
gmake[1]: Entering directory '/root/code/01/10/libxml2-rust/CMakeFiles/CMakeTmp'
Building C object CMakeFiles/cmTC_6cca8.dir/CheckIncludeFile.c.o
/usr/bin/cc    -o CMakeFiles/cmTC_6cca8.dir/CheckIncludeFile.c.o -c /root/code/01/10/libxml2-rust/CMakeFiles/CMakeTmp/CheckIncludeFile.c
Linking C executable cmTC_6cca8
/usr/bin/cmake -E cmake_link_script CMakeFiles/cmTC_6cca8.dir/link.txt --verbose=1
/usr/bin/cc CMakeFiles/cmTC_6cca8.dir/CheckIncludeFile.c.o -o cmTC_6cca8 
gmake[1]: Leaving directory '/root/code/01/10/libxml2-rust/CMakeFiles/CMakeTmp'



Determining if the function pthread_create exists in the pthread passed with the following output:
Change Dir: /root/code/01/10/libxml2-rust/CMakeFiles/CMakeTmp

Run Build Command(s):/usr/bin/gmake -f Makefile cmTC_26547/fast && /usr/bin/gmake  -f CMakeFiles/cmTC_26547.dir/build.make CMakeFiles/cmTC_26547.dir/build
gmake[1]: Entering directory '/root/code/01/10/libxml2-rust/CMakeFiles/CMakeTmp'
Building C object CMakeFiles/cmTC_26547.dir/CheckFunctionExists.c.o
/usr/bin/cc   -DCHECK_FUNCTION_EXISTS=pthread_create -o CMakeFiles/cmTC_26547.dir/CheckFunctionExists.c.o -c /usr/share/cmake/Modules/CheckFunctionExists.c
Linking C executable cmTC_26547
/usr/bin/cmake -E cmake_link_script CMakeFiles/cmTC_26547.dir/link.txt --verbose=1
/usr/bin/cc  -DCHECK_FUNCTION_EXISTS=pthread_create CMakeFiles/cmTC_26547.dir/CheckFunctionExists.c.o -o cmTC_26547  -lpthread 
gmake[1]: Leaving directory '/root/code/01/10/libxml2-rust/CMakeFiles/CMakeTmp'



Performing C SOURCE FILE Test ATTRIBUTE_DESTRUCTOR succeeded with the following output:
Change Dir: /root/code/01/10/libxml2-rust/CMakeFiles/CMakeTmp

Run Build Command(s):/usr/bin/gmake -f Makefile cmTC_679d9/fast && /usr/bin/gmake  -f CMakeFiles/cmTC_679d9.dir/build.make CMakeFiles/cmTC_679d9.dir/build
gmake[1]: Entering directory '/root/code/01/10/libxml2-rust/CMakeFiles/CMakeTmp'
Building C object CMakeFiles/cmTC_679d9.dir/src.c.o
/usr/bin/cc -DATTRIBUTE_DESTRUCTOR   -o CMakeFiles/cmTC_679d9.dir/src.c.o -c /root/code/01/10/libxml2-rust/CMakeFiles/CMakeTmp/src.c
Linking C executable cmTC_679d9
/usr/bin/cmake -E cmake_link_script CMakeFiles/cmTC_679d9.dir/link.txt --verbose=1
/usr/bin/cc CMakeFiles/cmTC_679d9.dir/src.c.o -o cmTC_679d9  /usr/lib64/liblzma.so /usr/lib64/libz.so -lpthread 
gmake[1]: Leaving directory '/root/code/01/10/libxml2-rust/CMakeFiles/CMakeTmp'


Source file was:

		void __attribute__((destructor))
		f(void) {}
		int main(void) { return 0; }
	
Performing C SOURCE FILE Test GETHOSTBYNAME_ARG_CAST_CONST succeeded with the following output:
Change Dir: /root/code/01/10/libxml2-rust/CMakeFiles/CMakeTmp

Run Build Command(s):/usr/bin/gmake -f Makefile cmTC_d13a4/fast && /usr/bin/gmake  -f CMakeFiles/cmTC_d13a4.dir/build.make CMakeFiles/cmTC_d13a4.dir/build
gmake[1]: Entering directory '/root/code/01/10/libxml2-rust/CMakeFiles/CMakeTmp'
Building C object CMakeFiles/cmTC_d13a4.dir/src.c.o
/usr/bin/cc -DGETHOSTBYNAME_ARG_CAST_CONST   -o CMakeFiles/cmTC_d13a4.dir/src.c.o -c /root/code/01/10/libxml2-rust/CMakeFiles/CMakeTmp/src.c
Linking C executable cmTC_d13a4
/usr/bin/cmake -E cmake_link_script CMakeFiles/cmTC_d13a4.dir/link.txt --verbose=1
/usr/bin/cc CMakeFiles/cmTC_d13a4.dir/src.c.o -o cmTC_d13a4  /usr/lib64/liblzma.so /usr/lib64/libz.so -lpthread 
gmake[1]: Leaving directory '/root/code/01/10/libxml2-rust/CMakeFiles/CMakeTmp'


Source file was:

		#include <netdb.h>
		int main() { (void) gethostbyname((const char*) ""); return 0; }
	
Determining if files arpa/inet.h exist passed with the following output:
Change Dir: /root/code/01/10/libxml2-rust/CMakeFiles/CMakeTmp

Run Build Command(s):/usr/bin/gmake -f Makefile cmTC_ca288/fast && /usr/bin/gmake  -f CMakeFiles/cmTC_ca288.dir/build.make CMakeFiles/cmTC_ca288.dir/build
gmake[1]: Entering directory '/root/code/01/10/libxml2-rust/CMakeFiles/CMakeTmp'
Building C object CMakeFiles/cmTC_ca288.dir/HAVE_ARPA_INET_H.c.o
/usr/bin/cc    -o CMakeFiles/cmTC_ca288.dir/HAVE_ARPA_INET_H.c.o -c /root/code/01/10/libxml2-rust/CMakeFiles/CheckIncludeFiles/HAVE_ARPA_INET_H.c
Linking C executable cmTC_ca288
/usr/bin/cmake -E cmake_link_script CMakeFiles/cmTC_ca288.dir/link.txt --verbose=1
/usr/bin/cc CMakeFiles/cmTC_ca288.dir/HAVE_ARPA_INET_H.c.o -o cmTC_ca288  /usr/lib64/liblzma.so /usr/lib64/libz.so -lpthread 
gmake[1]: Leaving directory '/root/code/01/10/libxml2-rust/CMakeFiles/CMakeTmp'



Determining if files arpa/nameser.h exist passed with the following output:
Change Dir: /root/code/01/10/libxml2-rust/CMakeFiles/CMakeTmp

Run Build Command(s):/usr/bin/gmake -f Makefile cmTC_c27e3/fast && /usr/bin/gmake  -f CMakeFiles/cmTC_c27e3.dir/build.make CMakeFiles/cmTC_c27e3.dir/build
gmake[1]: Entering directory '/root/code/01/10/libxml2-rust/CMakeFiles/CMakeTmp'
Building C object CMakeFiles/cmTC_c27e3.dir/HAVE_ARPA_NAMESER_H.c.o
/usr/bin/cc    -o CMakeFiles/cmTC_c27e3.dir/HAVE_ARPA_NAMESER_H.c.o -c /root/code/01/10/libxml2-rust/CMakeFiles/CheckIncludeFiles/HAVE_ARPA_NAMESER_H.c
Linking C executable cmTC_c27e3
/usr/bin/cmake -E cmake_link_script CMakeFiles/cmTC_c27e3.dir/link.txt --verbose=1
/usr/bin/cc CMakeFiles/cmTC_c27e3.dir/HAVE_ARPA_NAMESER_H.c.o -o cmTC_c27e3  /usr/lib64/liblzma.so /usr/lib64/libz.so -lpthread 
gmake[1]: Leaving directory '/root/code/01/10/libxml2-rust/CMakeFiles/CMakeTmp'



Performing C SOURCE FILE Test HAVE_SS_FAMILY succeeded with the following output:
Change Dir: /root/code/01/10/libxml2-rust/CMakeFiles/CMakeTmp

Run Build Command(s):/usr/bin/gmake -f Makefile cmTC_5c59f/fast && /usr/bin/gmake  -f CMakeFiles/cmTC_5c59f.dir/build.make CMakeFiles/cmTC_5c59f.dir/build
gmake[1]: Entering directory '/root/code/01/10/libxml2-rust/CMakeFiles/CMakeTmp'
Building C object CMakeFiles/cmTC_5c59f.dir/src.c.o
/usr/bin/cc -DHAVE_SS_FAMILY   -o CMakeFiles/cmTC_5c59f.dir/src.c.o -c /root/code/01/10/libxml2-rust/CMakeFiles/CMakeTmp/src.c
Linking C executable cmTC_5c59f
/usr/bin/cmake -E cmake_link_script CMakeFiles/cmTC_5c59f.dir/link.txt --verbose=1
/usr/bin/cc CMakeFiles/cmTC_5c59f.dir/src.c.o -o cmTC_5c59f  /usr/lib64/liblzma.so /usr/lib64/libz.so -lpthread 
gmake[1]: Leaving directory '/root/code/01/10/libxml2-rust/CMakeFiles/CMakeTmp'


Source file was:

#include <sys/socket.h>
#include <sys/types.h>

int main()
{
  (void)sizeof(((struct sockaddr_storage *)0)->ss_family);
  return 0;
}

Determining if files ctype.h exist passed with the following output:
Change Dir: /root/code/01/10/libxml2-rust/CMakeFiles/CMakeTmp

Run Build Command(s):/usr/bin/gmake -f Makefile cmTC_14a91/fast && /usr/bin/gmake  -f CMakeFiles/cmTC_14a91.dir/build.make CMakeFiles/cmTC_14a91.dir/build
gmake[1]: Entering directory '/root/code/01/10/libxml2-rust/CMakeFiles/CMakeTmp'
Building C object CMakeFiles/cmTC_14a91.dir/HAVE_CTYPE_H.c.o
/usr/bin/cc    -o CMakeFiles/cmTC_14a91.dir/HAVE_CTYPE_H.c.o -c /root/code/01/10/libxml2-rust/CMakeFiles/CheckIncludeFiles/HAVE_CTYPE_H.c
Linking C executable cmTC_14a91
/usr/bin/cmake -E cmake_link_script CMakeFiles/cmTC_14a91.dir/link.txt --verbose=1
/usr/bin/cc CMakeFiles/cmTC_14a91.dir/HAVE_CTYPE_H.c.o -o cmTC_14a91  /usr/lib64/liblzma.so /usr/lib64/libz.so -lpthread 
gmake[1]: Leaving directory '/root/code/01/10/libxml2-rust/CMakeFiles/CMakeTmp'



Determining if files dirent.h exist passed with the following output:
Change Dir: /root/code/01/10/libxml2-rust/CMakeFiles/CMakeTmp

Run Build Command(s):/usr/bin/gmake -f Makefile cmTC_1015a/fast && /usr/bin/gmake  -f CMakeFiles/cmTC_1015a.dir/build.make CMakeFiles/cmTC_1015a.dir/build
gmake[1]: Entering directory '/root/code/01/10/libxml2-rust/CMakeFiles/CMakeTmp'
Building C object CMakeFiles/cmTC_1015a.dir/HAVE_DIRENT_H.c.o
/usr/bin/cc    -o CMakeFiles/cmTC_1015a.dir/HAVE_DIRENT_H.c.o -c /root/code/01/10/libxml2-rust/CMakeFiles/CheckIncludeFiles/HAVE_DIRENT_H.c
Linking C executable cmTC_1015a
/usr/bin/cmake -E cmake_link_script CMakeFiles/cmTC_1015a.dir/link.txt --verbose=1
/usr/bin/cc CMakeFiles/cmTC_1015a.dir/HAVE_DIRENT_H.c.o -o cmTC_1015a  /usr/lib64/liblzma.so /usr/lib64/libz.so -lpthread 
gmake[1]: Leaving directory '/root/code/01/10/libxml2-rust/CMakeFiles/CMakeTmp'



Determining if files dlfcn.h exist passed with the following output:
Change Dir: /root/code/01/10/libxml2-rust/CMakeFiles/CMakeTmp

Run Build Command(s):/usr/bin/gmake -f Makefile cmTC_96bf2/fast && /usr/bin/gmake  -f CMakeFiles/cmTC_96bf2.dir/build.make CMakeFiles/cmTC_96bf2.dir/build
gmake[1]: Entering directory '/root/code/01/10/libxml2-rust/CMakeFiles/CMakeTmp'
Building C object CMakeFiles/cmTC_96bf2.dir/HAVE_DLFCN_H.c.o
/usr/bin/cc    -o CMakeFiles/cmTC_96bf2.dir/HAVE_DLFCN_H.c.o -c /root/code/01/10/libxml2-rust/CMakeFiles/CheckIncludeFiles/HAVE_DLFCN_H.c
Linking C executable cmTC_96bf2
/usr/bin/cmake -E cmake_link_script CMakeFiles/cmTC_96bf2.dir/link.txt --verbose=1
/usr/bin/cc CMakeFiles/cmTC_96bf2.dir/HAVE_DLFCN_H.c.o -o cmTC_96bf2  /usr/lib64/liblzma.so /usr/lib64/libz.so -lpthread 
gmake[1]: Leaving directory '/root/code/01/10/libxml2-rust/CMakeFiles/CMakeTmp'



Determining if the function dlopen exists in the dl passed with the following output:
Change Dir: /root/code/01/10/libxml2-rust/CMakeFiles/CMakeTmp

Run Build Command(s):/usr/bin/gmake -f Makefile cmTC_ea3e0/fast && /usr/bin/gmake  -f CMakeFiles/cmTC_ea3e0.dir/build.make CMakeFiles/cmTC_ea3e0.dir/build
gmake[1]: Entering directory '/root/code/01/10/libxml2-rust/CMakeFiles/CMakeTmp'
Building C object CMakeFiles/cmTC_ea3e0.dir/CheckFunctionExists.c.o
/usr/bin/cc   -DCHECK_FUNCTION_EXISTS=dlopen -o CMakeFiles/cmTC_ea3e0.dir/CheckFunctionExists.c.o -c /usr/share/cmake/Modules/CheckFunctionExists.c
Linking C executable cmTC_ea3e0
/usr/bin/cmake -E cmake_link_script CMakeFiles/cmTC_ea3e0.dir/link.txt --verbose=1
/usr/bin/cc  -DCHECK_FUNCTION_EXISTS=dlopen CMakeFiles/cmTC_ea3e0.dir/CheckFunctionExists.c.o -o cmTC_ea3e0  -ldl /usr/lib64/liblzma.so /usr/lib64/libz.so -lpthread 
gmake[1]: Leaving directory '/root/code/01/10/libxml2-rust/CMakeFiles/CMakeTmp'



Determining if files errno.h exist passed with the following output:
Change Dir: /root/code/01/10/libxml2-rust/CMakeFiles/CMakeTmp

Run Build Command(s):/usr/bin/gmake -f Makefile cmTC_ed0e8/fast && /usr/bin/gmake  -f CMakeFiles/cmTC_ed0e8.dir/build.make CMakeFiles/cmTC_ed0e8.dir/build
gmake[1]: Entering directory '/root/code/01/10/libxml2-rust/CMakeFiles/CMakeTmp'
Building C object CMakeFiles/cmTC_ed0e8.dir/HAVE_ERRNO_H.c.o
/usr/bin/cc    -o CMakeFiles/cmTC_ed0e8.dir/HAVE_ERRNO_H.c.o -c /root/code/01/10/libxml2-rust/CMakeFiles/CheckIncludeFiles/HAVE_ERRNO_H.c
Linking C executable cmTC_ed0e8
/usr/bin/cmake -E cmake_link_script CMakeFiles/cmTC_ed0e8.dir/link.txt --verbose=1
/usr/bin/cc CMakeFiles/cmTC_ed0e8.dir/HAVE_ERRNO_H.c.o -o cmTC_ed0e8  /usr/lib64/liblzma.so /usr/lib64/libz.so -lpthread 
gmake[1]: Leaving directory '/root/code/01/10/libxml2-rust/CMakeFiles/CMakeTmp'



Determining if files fcntl.h exist passed with the following output:
Change Dir: /root/code/01/10/libxml2-rust/CMakeFiles/CMakeTmp

Run Build Command(s):/usr/bin/gmake -f Makefile cmTC_ba093/fast && /usr/bin/gmake  -f CMakeFiles/cmTC_ba093.dir/build.make CMakeFiles/cmTC_ba093.dir/build
gmake[1]: Entering directory '/root/code/01/10/libxml2-rust/CMakeFiles/CMakeTmp'
Building C object CMakeFiles/cmTC_ba093.dir/HAVE_FCNTL_H.c.o
/usr/bin/cc    -o CMakeFiles/cmTC_ba093.dir/HAVE_FCNTL_H.c.o -c /root/code/01/10/libxml2-rust/CMakeFiles/CheckIncludeFiles/HAVE_FCNTL_H.c
Linking C executable cmTC_ba093
/usr/bin/cmake -E cmake_link_script CMakeFiles/cmTC_ba093.dir/link.txt --verbose=1
/usr/bin/cc CMakeFiles/cmTC_ba093.dir/HAVE_FCNTL_H.c.o -o cmTC_ba093  /usr/lib64/liblzma.so /usr/lib64/libz.so -lpthread 
gmake[1]: Leaving directory '/root/code/01/10/libxml2-rust/CMakeFiles/CMakeTmp'



Determining if the function finite exists passed with the following output:
Change Dir: /root/code/01/10/libxml2-rust/CMakeFiles/CMakeTmp

Run Build Command(s):/usr/bin/gmake -f Makefile cmTC_6a61f/fast && /usr/bin/gmake  -f CMakeFiles/cmTC_6a61f.dir/build.make CMakeFiles/cmTC_6a61f.dir/build
gmake[1]: Entering directory '/root/code/01/10/libxml2-rust/CMakeFiles/CMakeTmp'
Building C object CMakeFiles/cmTC_6a61f.dir/CheckFunctionExists.c.o
/usr/bin/cc   -DCHECK_FUNCTION_EXISTS=finite -o CMakeFiles/cmTC_6a61f.dir/CheckFunctionExists.c.o -c /usr/share/cmake/Modules/CheckFunctionExists.c
<command-line>: warning: conflicting types for built-in function ‘finite’ [-Wbuiltin-declaration-mismatch]
/usr/share/cmake/Modules/CheckFunctionExists.c:7:3: note: in expansion of macro ‘CHECK_FUNCTION_EXISTS’
   CHECK_FUNCTION_EXISTS(void);
   ^~~~~~~~~~~~~~~~~~~~~
Linking C executable cmTC_6a61f
/usr/bin/cmake -E cmake_link_script CMakeFiles/cmTC_6a61f.dir/link.txt --verbose=1
/usr/bin/cc  -DCHECK_FUNCTION_EXISTS=finite CMakeFiles/cmTC_6a61f.dir/CheckFunctionExists.c.o -o cmTC_6a61f  /usr/lib64/liblzma.so /usr/lib64/libz.so -lpthread 
gmake[1]: Leaving directory '/root/code/01/10/libxml2-rust/CMakeFiles/CMakeTmp'



Determining if files float.h exist passed with the following output:
Change Dir: /root/code/01/10/libxml2-rust/CMakeFiles/CMakeTmp

Run Build Command(s):/usr/bin/gmake -f Makefile cmTC_5febe/fast && /usr/bin/gmake  -f CMakeFiles/cmTC_5febe.dir/build.make CMakeFiles/cmTC_5febe.dir/build
gmake[1]: Entering directory '/root/code/01/10/libxml2-rust/CMakeFiles/CMakeTmp'
Building C object CMakeFiles/cmTC_5febe.dir/HAVE_FLOAT_H.c.o
/usr/bin/cc    -o CMakeFiles/cmTC_5febe.dir/HAVE_FLOAT_H.c.o -c /root/code/01/10/libxml2-rust/CMakeFiles/CheckIncludeFiles/HAVE_FLOAT_H.c
Linking C executable cmTC_5febe
/usr/bin/cmake -E cmake_link_script CMakeFiles/cmTC_5febe.dir/link.txt --verbose=1
/usr/bin/cc CMakeFiles/cmTC_5febe.dir/HAVE_FLOAT_H.c.o -o cmTC_5febe  /usr/lib64/liblzma.so /usr/lib64/libz.so -lpthread 
gmake[1]: Leaving directory '/root/code/01/10/libxml2-rust/CMakeFiles/CMakeTmp'



Determining if the function fprintf exists passed with the following output:
Change Dir: /root/code/01/10/libxml2-rust/CMakeFiles/CMakeTmp

Run Build Command(s):/usr/bin/gmake -f Makefile cmTC_0abf9/fast && /usr/bin/gmake  -f CMakeFiles/cmTC_0abf9.dir/build.make CMakeFiles/cmTC_0abf9.dir/build
gmake[1]: Entering directory '/root/code/01/10/libxml2-rust/CMakeFiles/CMakeTmp'
Building C object CMakeFiles/cmTC_0abf9.dir/CheckFunctionExists.c.o
/usr/bin/cc   -DCHECK_FUNCTION_EXISTS=fprintf -o CMakeFiles/cmTC_0abf9.dir/CheckFunctionExists.c.o -c /usr/share/cmake/Modules/CheckFunctionExists.c
<command-line>: warning: conflicting types for built-in function ‘fprintf’ [-Wbuiltin-declaration-mismatch]
/usr/share/cmake/Modules/CheckFunctionExists.c:7:3: note: in expansion of macro ‘CHECK_FUNCTION_EXISTS’
   CHECK_FUNCTION_EXISTS(void);
   ^~~~~~~~~~~~~~~~~~~~~
Linking C executable cmTC_0abf9
/usr/bin/cmake -E cmake_link_script CMakeFiles/cmTC_0abf9.dir/link.txt --verbose=1
/usr/bin/cc  -DCHECK_FUNCTION_EXISTS=fprintf CMakeFiles/cmTC_0abf9.dir/CheckFunctionExists.c.o -o cmTC_0abf9  /usr/lib64/liblzma.so /usr/lib64/libz.so -lpthread 
gmake[1]: Leaving directory '/root/code/01/10/libxml2-rust/CMakeFiles/CMakeTmp'



Determining if the function ftime exists passed with the following output:
Change Dir: /root/code/01/10/libxml2-rust/CMakeFiles/CMakeTmp

Run Build Command(s):/usr/bin/gmake -f Makefile cmTC_27eb5/fast && /usr/bin/gmake  -f CMakeFiles/cmTC_27eb5.dir/build.make CMakeFiles/cmTC_27eb5.dir/build
gmake[1]: Entering directory '/root/code/01/10/libxml2-rust/CMakeFiles/CMakeTmp'
Building C object CMakeFiles/cmTC_27eb5.dir/CheckFunctionExists.c.o
/usr/bin/cc   -DCHECK_FUNCTION_EXISTS=ftime -o CMakeFiles/cmTC_27eb5.dir/CheckFunctionExists.c.o -c /usr/share/cmake/Modules/CheckFunctionExists.c
Linking C executable cmTC_27eb5
/usr/bin/cmake -E cmake_link_script CMakeFiles/cmTC_27eb5.dir/link.txt --verbose=1
/usr/bin/cc  -DCHECK_FUNCTION_EXISTS=ftime CMakeFiles/cmTC_27eb5.dir/CheckFunctionExists.c.o -o cmTC_27eb5  /usr/lib64/liblzma.so /usr/lib64/libz.so -lpthread 
gmake[1]: Leaving directory '/root/code/01/10/libxml2-rust/CMakeFiles/CMakeTmp'



Determining if the function getaddrinfo exists passed with the following output:
Change Dir: /root/code/01/10/libxml2-rust/CMakeFiles/CMakeTmp

Run Build Command(s):/usr/bin/gmake -f Makefile cmTC_7c177/fast && /usr/bin/gmake  -f CMakeFiles/cmTC_7c177.dir/build.make CMakeFiles/cmTC_7c177.dir/build
gmake[1]: Entering directory '/root/code/01/10/libxml2-rust/CMakeFiles/CMakeTmp'
Building C object CMakeFiles/cmTC_7c177.dir/CheckFunctionExists.c.o
/usr/bin/cc   -DCHECK_FUNCTION_EXISTS=getaddrinfo -o CMakeFiles/cmTC_7c177.dir/CheckFunctionExists.c.o -c /usr/share/cmake/Modules/CheckFunctionExists.c
Linking C executable cmTC_7c177
/usr/bin/cmake -E cmake_link_script CMakeFiles/cmTC_7c177.dir/link.txt --verbose=1
/usr/bin/cc  -DCHECK_FUNCTION_EXISTS=getaddrinfo CMakeFiles/cmTC_7c177.dir/CheckFunctionExists.c.o -o cmTC_7c177  /usr/lib64/liblzma.so /usr/lib64/libz.so -lpthread 
gmake[1]: Leaving directory '/root/code/01/10/libxml2-rust/CMakeFiles/CMakeTmp'



Determining if the function gettimeofday exists passed with the following output:
Change Dir: /root/code/01/10/libxml2-rust/CMakeFiles/CMakeTmp

Run Build Command(s):/usr/bin/gmake -f Makefile cmTC_0e660/fast && /usr/bin/gmake  -f CMakeFiles/cmTC_0e660.dir/build.make CMakeFiles/cmTC_0e660.dir/build
gmake[1]: Entering directory '/root/code/01/10/libxml2-rust/CMakeFiles/CMakeTmp'
Building C object CMakeFiles/cmTC_0e660.dir/CheckFunctionExists.c.o
/usr/bin/cc   -DCHECK_FUNCTION_EXISTS=gettimeofday -o CMakeFiles/cmTC_0e660.dir/CheckFunctionExists.c.o -c /usr/share/cmake/Modules/CheckFunctionExists.c
Linking C executable cmTC_0e660
/usr/bin/cmake -E cmake_link_script CMakeFiles/cmTC_0e660.dir/link.txt --verbose=1
/usr/bin/cc  -DCHECK_FUNCTION_EXISTS=gettimeofday CMakeFiles/cmTC_0e660.dir/CheckFunctionExists.c.o -o cmTC_0e660  /usr/lib64/liblzma.so /usr/lib64/libz.so -lpthread 
gmake[1]: Leaving directory '/root/code/01/10/libxml2-rust/CMakeFiles/CMakeTmp'



Determining if files inttypes.h exist passed with the following output:
Change Dir: /root/code/01/10/libxml2-rust/CMakeFiles/CMakeTmp

Run Build Command(s):/usr/bin/gmake -f Makefile cmTC_a246c/fast && /usr/bin/gmake  -f CMakeFiles/cmTC_a246c.dir/build.make CMakeFiles/cmTC_a246c.dir/build
gmake[1]: Entering directory '/root/code/01/10/libxml2-rust/CMakeFiles/CMakeTmp'
Building C object CMakeFiles/cmTC_a246c.dir/HAVE_INTTYPES_H.c.o
/usr/bin/cc    -o CMakeFiles/cmTC_a246c.dir/HAVE_INTTYPES_H.c.o -c /root/code/01/10/libxml2-rust/CMakeFiles/CheckIncludeFiles/HAVE_INTTYPES_H.c
Linking C executable cmTC_a246c
/usr/bin/cmake -E cmake_link_script CMakeFiles/cmTC_a246c.dir/link.txt --verbose=1
/usr/bin/cc CMakeFiles/cmTC_a246c.dir/HAVE_INTTYPES_H.c.o -o cmTC_a246c  /usr/lib64/liblzma.so /usr/lib64/libz.so -lpthread 
gmake[1]: Leaving directory '/root/code/01/10/libxml2-rust/CMakeFiles/CMakeTmp'



Determining if the function isascii exists passed with the following output:
Change Dir: /root/code/01/10/libxml2-rust/CMakeFiles/CMakeTmp

Run Build Command(s):/usr/bin/gmake -f Makefile cmTC_073b6/fast && /usr/bin/gmake  -f CMakeFiles/cmTC_073b6.dir/build.make CMakeFiles/cmTC_073b6.dir/build
gmake[1]: Entering directory '/root/code/01/10/libxml2-rust/CMakeFiles/CMakeTmp'
Building C object CMakeFiles/cmTC_073b6.dir/CheckFunctionExists.c.o
/usr/bin/cc   -DCHECK_FUNCTION_EXISTS=isascii -o CMakeFiles/cmTC_073b6.dir/CheckFunctionExists.c.o -c /usr/share/cmake/Modules/CheckFunctionExists.c
<command-line>: warning: conflicting types for built-in function ‘isascii’ [-Wbuiltin-declaration-mismatch]
/usr/share/cmake/Modules/CheckFunctionExists.c:7:3: note: in expansion of macro ‘CHECK_FUNCTION_EXISTS’
   CHECK_FUNCTION_EXISTS(void);
   ^~~~~~~~~~~~~~~~~~~~~
Linking C executable cmTC_073b6
/usr/bin/cmake -E cmake_link_script CMakeFiles/cmTC_073b6.dir/link.txt --verbose=1
/usr/bin/cc  -DCHECK_FUNCTION_EXISTS=isascii CMakeFiles/cmTC_073b6.dir/CheckFunctionExists.c.o -o cmTC_073b6  /usr/lib64/liblzma.so /usr/lib64/libz.so -lpthread 
gmake[1]: Leaving directory '/root/code/01/10/libxml2-rust/CMakeFiles/CMakeTmp'



Determining if the function isinf exists passed with the following output:
Change Dir: /root/code/01/10/libxml2-rust/CMakeFiles/CMakeTmp

Run Build Command(s):/usr/bin/gmake -f Makefile cmTC_bcf01/fast && /usr/bin/gmake  -f CMakeFiles/cmTC_bcf01.dir/build.make CMakeFiles/cmTC_bcf01.dir/build
gmake[1]: Entering directory '/root/code/01/10/libxml2-rust/CMakeFiles/CMakeTmp'
Building C object CMakeFiles/cmTC_bcf01.dir/CheckFunctionExists.c.o
/usr/bin/cc   -DCHECK_FUNCTION_EXISTS=isinf -o CMakeFiles/cmTC_bcf01.dir/CheckFunctionExists.c.o -c /usr/share/cmake/Modules/CheckFunctionExists.c
<command-line>: warning: conflicting types for built-in function ‘isinf’ [-Wbuiltin-declaration-mismatch]
/usr/share/cmake/Modules/CheckFunctionExists.c:7:3: note: in expansion of macro ‘CHECK_FUNCTION_EXISTS’
   CHECK_FUNCTION_EXISTS(void);
   ^~~~~~~~~~~~~~~~~~~~~
Linking C executable cmTC_bcf01
/usr/bin/cmake -E cmake_link_script CMakeFiles/cmTC_bcf01.dir/link.txt --verbose=1
/usr/bin/cc  -DCHECK_FUNCTION_EXISTS=isinf CMakeFiles/cmTC_bcf01.dir/CheckFunctionExists.c.o -o cmTC_bcf01  /usr/lib64/liblzma.so /usr/lib64/libz.so -lpthread 
gmake[1]: Leaving directory '/root/code/01/10/libxml2-rust/CMakeFiles/CMakeTmp'



Determining if the function isnan exists passed with the following output:
Change Dir: /root/code/01/10/libxml2-rust/CMakeFiles/CMakeTmp

Run Build Command(s):/usr/bin/gmake -f Makefile cmTC_3a3aa/fast && /usr/bin/gmake  -f CMakeFiles/cmTC_3a3aa.dir/build.make CMakeFiles/cmTC_3a3aa.dir/build
gmake[1]: Entering directory '/root/code/01/10/libxml2-rust/CMakeFiles/CMakeTmp'
Building C object CMakeFiles/cmTC_3a3aa.dir/CheckFunctionExists.c.o
/usr/bin/cc   -DCHECK_FUNCTION_EXISTS=isnan -o CMakeFiles/cmTC_3a3aa.dir/CheckFunctionExists.c.o -c /usr/share/cmake/Modules/CheckFunctionExists.c
<command-line>: warning: conflicting types for built-in function ‘isnan’ [-Wbuiltin-declaration-mismatch]
/usr/share/cmake/Modules/CheckFunctionExists.c:7:3: note: in expansion of macro ‘CHECK_FUNCTION_EXISTS’
   CHECK_FUNCTION_EXISTS(void);
   ^~~~~~~~~~~~~~~~~~~~~
Linking C executable cmTC_3a3aa
/usr/bin/cmake -E cmake_link_script CMakeFiles/cmTC_3a3aa.dir/link.txt --verbose=1
/usr/bin/cc  -DCHECK_FUNCTION_EXISTS=isnan CMakeFiles/cmTC_3a3aa.dir/CheckFunctionExists.c.o -o cmTC_3a3aa  /usr/lib64/liblzma.so /usr/lib64/libz.so -lpthread 
gmake[1]: Leaving directory '/root/code/01/10/libxml2-rust/CMakeFiles/CMakeTmp'



Determining if the function lzma_code exists in the lzma passed with the following output:
Change Dir: /root/code/01/10/libxml2-rust/CMakeFiles/CMakeTmp

Run Build Command(s):/usr/bin/gmake -f Makefile cmTC_32044/fast && /usr/bin/gmake  -f CMakeFiles/cmTC_32044.dir/build.make CMakeFiles/cmTC_32044.dir/build
gmake[1]: Entering directory '/root/code/01/10/libxml2-rust/CMakeFiles/CMakeTmp'
Building C object CMakeFiles/cmTC_32044.dir/CheckFunctionExists.c.o
/usr/bin/cc   -DCHECK_FUNCTION_EXISTS=lzma_code -o CMakeFiles/cmTC_32044.dir/CheckFunctionExists.c.o -c /usr/share/cmake/Modules/CheckFunctionExists.c
Linking C executable cmTC_32044
/usr/bin/cmake -E cmake_link_script CMakeFiles/cmTC_32044.dir/link.txt --verbose=1
/usr/bin/cc  -DCHECK_FUNCTION_EXISTS=lzma_code CMakeFiles/cmTC_32044.dir/CheckFunctionExists.c.o -o cmTC_32044  -llzma /usr/lib64/liblzma.so /usr/lib64/libz.so -lpthread 
gmake[1]: Leaving directory '/root/code/01/10/libxml2-rust/CMakeFiles/CMakeTmp'



Determining if the function pthread_join exists in the pthread passed with the following output:
Change Dir: /root/code/01/10/libxml2-rust/CMakeFiles/CMakeTmp

Run Build Command(s):/usr/bin/gmake -f Makefile cmTC_9fc5f/fast && /usr/bin/gmake  -f CMakeFiles/cmTC_9fc5f.dir/build.make CMakeFiles/cmTC_9fc5f.dir/build
gmake[1]: Entering directory '/root/code/01/10/libxml2-rust/CMakeFiles/CMakeTmp'
Building C object CMakeFiles/cmTC_9fc5f.dir/CheckFunctionExists.c.o
/usr/bin/cc   -DCHECK_FUNCTION_EXISTS=pthread_join -o CMakeFiles/cmTC_9fc5f.dir/CheckFunctionExists.c.o -c /usr/share/cmake/Modules/CheckFunctionExists.c
Linking C executable cmTC_9fc5f
/usr/bin/cmake -E cmake_link_script CMakeFiles/cmTC_9fc5f.dir/link.txt --verbose=1
/usr/bin/cc  -DCHECK_FUNCTION_EXISTS=pthread_join CMakeFiles/cmTC_9fc5f.dir/CheckFunctionExists.c.o -o cmTC_9fc5f  -lpthread /usr/lib64/liblzma.so /usr/lib64/libz.so -lpthread 
gmake[1]: Leaving directory '/root/code/01/10/libxml2-rust/CMakeFiles/CMakeTmp'



Determining if the function gzread exists in the z passed with the following output:
Change Dir: /root/code/01/10/libxml2-rust/CMakeFiles/CMakeTmp

Run Build Command(s):/usr/bin/gmake -f Makefile cmTC_1c0e0/fast && /usr/bin/gmake  -f CMakeFiles/cmTC_1c0e0.dir/build.make CMakeFiles/cmTC_1c0e0.dir/build
gmake[1]: Entering directory '/root/code/01/10/libxml2-rust/CMakeFiles/CMakeTmp'
Building C object CMakeFiles/cmTC_1c0e0.dir/CheckFunctionExists.c.o
/usr/bin/cc   -DCHECK_FUNCTION_EXISTS=gzread -o CMakeFiles/cmTC_1c0e0.dir/CheckFunctionExists.c.o -c /usr/share/cmake/Modules/CheckFunctionExists.c
Linking C executable cmTC_1c0e0
/usr/bin/cmake -E cmake_link_script CMakeFiles/cmTC_1c0e0.dir/link.txt --verbose=1
/usr/bin/cc  -DCHECK_FUNCTION_EXISTS=gzread CMakeFiles/cmTC_1c0e0.dir/CheckFunctionExists.c.o -o cmTC_1c0e0  -lz /usr/lib64/liblzma.so /usr/lib64/libz.so -lpthread 
gmake[1]: Leaving directory '/root/code/01/10/libxml2-rust/CMakeFiles/CMakeTmp'



Determining if files limits.h exist passed with the following output:
Change Dir: /root/code/01/10/libxml2-rust/CMakeFiles/CMakeTmp

Run Build Command(s):/usr/bin/gmake -f Makefile cmTC_e626f/fast && /usr/bin/gmake  -f CMakeFiles/cmTC_e626f.dir/build.make CMakeFiles/cmTC_e626f.dir/build
gmake[1]: Entering directory '/root/code/01/10/libxml2-rust/CMakeFiles/CMakeTmp'
Building C object CMakeFiles/cmTC_e626f.dir/HAVE_LIMITS_H.c.o
/usr/bin/cc    -o CMakeFiles/cmTC_e626f.dir/HAVE_LIMITS_H.c.o -c /root/code/01/10/libxml2-rust/CMakeFiles/CheckIncludeFiles/HAVE_LIMITS_H.c
Linking C executable cmTC_e626f
/usr/bin/cmake -E cmake_link_script CMakeFiles/cmTC_e626f.dir/link.txt --verbose=1
/usr/bin/cc CMakeFiles/cmTC_e626f.dir/HAVE_LIMITS_H.c.o -o cmTC_e626f  /usr/lib64/liblzma.so /usr/lib64/libz.so -lpthread 
gmake[1]: Leaving directory '/root/code/01/10/libxml2-rust/CMakeFiles/CMakeTmp'



Determining if the function localtime exists passed with the following output:
Change Dir: /root/code/01/10/libxml2-rust/CMakeFiles/CMakeTmp

Run Build Command(s):/usr/bin/gmake -f Makefile cmTC_11c6e/fast && /usr/bin/gmake  -f CMakeFiles/cmTC_11c6e.dir/build.make CMakeFiles/cmTC_11c6e.dir/build
gmake[1]: Entering directory '/root/code/01/10/libxml2-rust/CMakeFiles/CMakeTmp'
Building C object CMakeFiles/cmTC_11c6e.dir/CheckFunctionExists.c.o
/usr/bin/cc   -DCHECK_FUNCTION_EXISTS=localtime -o CMakeFiles/cmTC_11c6e.dir/CheckFunctionExists.c.o -c /usr/share/cmake/Modules/CheckFunctionExists.c
Linking C executable cmTC_11c6e
/usr/bin/cmake -E cmake_link_script CMakeFiles/cmTC_11c6e.dir/link.txt --verbose=1
/usr/bin/cc  -DCHECK_FUNCTION_EXISTS=localtime CMakeFiles/cmTC_11c6e.dir/CheckFunctionExists.c.o -o cmTC_11c6e  /usr/lib64/liblzma.so /usr/lib64/libz.so -lpthread 
gmake[1]: Leaving directory '/root/code/01/10/libxml2-rust/CMakeFiles/CMakeTmp'



Determining if files lzma.h exist passed with the following output:
Change Dir: /root/code/01/10/libxml2-rust/CMakeFiles/CMakeTmp

Run Build Command(s):/usr/bin/gmake -f Makefile cmTC_35220/fast && /usr/bin/gmake  -f CMakeFiles/cmTC_35220.dir/build.make CMakeFiles/cmTC_35220.dir/build
gmake[1]: Entering directory '/root/code/01/10/libxml2-rust/CMakeFiles/CMakeTmp'
Building C object CMakeFiles/cmTC_35220.dir/HAVE_LZMA_H.c.o
/usr/bin/cc    -o CMakeFiles/cmTC_35220.dir/HAVE_LZMA_H.c.o -c /root/code/01/10/libxml2-rust/CMakeFiles/CheckIncludeFiles/HAVE_LZMA_H.c
Linking C executable cmTC_35220
/usr/bin/cmake -E cmake_link_script CMakeFiles/cmTC_35220.dir/link.txt --verbose=1
/usr/bin/cc CMakeFiles/cmTC_35220.dir/HAVE_LZMA_H.c.o -o cmTC_35220  /usr/lib64/liblzma.so /usr/lib64/libz.so -lpthread 
gmake[1]: Leaving directory '/root/code/01/10/libxml2-rust/CMakeFiles/CMakeTmp'



Determining if files malloc.h exist passed with the following output:
Change Dir: /root/code/01/10/libxml2-rust/CMakeFiles/CMakeTmp

Run Build Command(s):/usr/bin/gmake -f Makefile cmTC_24d2e/fast && /usr/bin/gmake  -f CMakeFiles/cmTC_24d2e.dir/build.make CMakeFiles/cmTC_24d2e.dir/build
gmake[1]: Entering directory '/root/code/01/10/libxml2-rust/CMakeFiles/CMakeTmp'
Building C object CMakeFiles/cmTC_24d2e.dir/HAVE_MALLOC_H.c.o
/usr/bin/cc    -o CMakeFiles/cmTC_24d2e.dir/HAVE_MALLOC_H.c.o -c /root/code/01/10/libxml2-rust/CMakeFiles/CheckIncludeFiles/HAVE_MALLOC_H.c
Linking C executable cmTC_24d2e
/usr/bin/cmake -E cmake_link_script CMakeFiles/cmTC_24d2e.dir/link.txt --verbose=1
/usr/bin/cc CMakeFiles/cmTC_24d2e.dir/HAVE_MALLOC_H.c.o -o cmTC_24d2e  /usr/lib64/liblzma.so /usr/lib64/libz.so -lpthread 
gmake[1]: Leaving directory '/root/code/01/10/libxml2-rust/CMakeFiles/CMakeTmp'



Determining if files math.h exist passed with the following output:
Change Dir: /root/code/01/10/libxml2-rust/CMakeFiles/CMakeTmp

Run Build Command(s):/usr/bin/gmake -f Makefile cmTC_0e7ce/fast && /usr/bin/gmake  -f CMakeFiles/cmTC_0e7ce.dir/build.make CMakeFiles/cmTC_0e7ce.dir/build
gmake[1]: Entering directory '/root/code/01/10/libxml2-rust/CMakeFiles/CMakeTmp'
Building C object CMakeFiles/cmTC_0e7ce.dir/HAVE_MATH_H.c.o
/usr/bin/cc    -o CMakeFiles/cmTC_0e7ce.dir/HAVE_MATH_H.c.o -c /root/code/01/10/libxml2-rust/CMakeFiles/CheckIncludeFiles/HAVE_MATH_H.c
Linking C executable cmTC_0e7ce
/usr/bin/cmake -E cmake_link_script CMakeFiles/cmTC_0e7ce.dir/link.txt --verbose=1
/usr/bin/cc CMakeFiles/cmTC_0e7ce.dir/HAVE_MATH_H.c.o -o cmTC_0e7ce  /usr/lib64/liblzma.so /usr/lib64/libz.so -lpthread 
gmake[1]: Leaving directory '/root/code/01/10/libxml2-rust/CMakeFiles/CMakeTmp'



Determining if files memory.h exist passed with the following output:
Change Dir: /root/code/01/10/libxml2-rust/CMakeFiles/CMakeTmp

Run Build Command(s):/usr/bin/gmake -f Makefile cmTC_1fe68/fast && /usr/bin/gmake  -f CMakeFiles/cmTC_1fe68.dir/build.make CMakeFiles/cmTC_1fe68.dir/build
gmake[1]: Entering directory '/root/code/01/10/libxml2-rust/CMakeFiles/CMakeTmp'
Building C object CMakeFiles/cmTC_1fe68.dir/HAVE_MEMORY_H.c.o
/usr/bin/cc    -o CMakeFiles/cmTC_1fe68.dir/HAVE_MEMORY_H.c.o -c /root/code/01/10/libxml2-rust/CMakeFiles/CheckIncludeFiles/HAVE_MEMORY_H.c
Linking C executable cmTC_1fe68
/usr/bin/cmake -E cmake_link_script CMakeFiles/cmTC_1fe68.dir/link.txt --verbose=1
/usr/bin/cc CMakeFiles/cmTC_1fe68.dir/HAVE_MEMORY_H.c.o -o cmTC_1fe68  /usr/lib64/liblzma.so /usr/lib64/libz.so -lpthread 
gmake[1]: Leaving directory '/root/code/01/10/libxml2-rust/CMakeFiles/CMakeTmp'



Determining if the function mmap exists passed with the following output:
Change Dir: /root/code/01/10/libxml2-rust/CMakeFiles/CMakeTmp

Run Build Command(s):/usr/bin/gmake -f Makefile cmTC_1a1eb/fast && /usr/bin/gmake  -f CMakeFiles/cmTC_1a1eb.dir/build.make CMakeFiles/cmTC_1a1eb.dir/build
gmake[1]: Entering directory '/root/code/01/10/libxml2-rust/CMakeFiles/CMakeTmp'
Building C object CMakeFiles/cmTC_1a1eb.dir/CheckFunctionExists.c.o
/usr/bin/cc   -DCHECK_FUNCTION_EXISTS=mmap -o CMakeFiles/cmTC_1a1eb.dir/CheckFunctionExists.c.o -c /usr/share/cmake/Modules/CheckFunctionExists.c
Linking C executable cmTC_1a1eb
/usr/bin/cmake -E cmake_link_script CMakeFiles/cmTC_1a1eb.dir/link.txt --verbose=1
/usr/bin/cc  -DCHECK_FUNCTION_EXISTS=mmap CMakeFiles/cmTC_1a1eb.dir/CheckFunctionExists.c.o -o cmTC_1a1eb  /usr/lib64/liblzma.so /usr/lib64/libz.so -lpthread 
gmake[1]: Leaving directory '/root/code/01/10/libxml2-rust/CMakeFiles/CMakeTmp'



Determining if the function munmap exists passed with the following output:
Change Dir: /root/code/01/10/libxml2-rust/CMakeFiles/CMakeTmp

Run Build Command(s):/usr/bin/gmake -f Makefile cmTC_e0e75/fast && /usr/bin/gmake  -f CMakeFiles/cmTC_e0e75.dir/build.make CMakeFiles/cmTC_e0e75.dir/build
gmake[1]: Entering directory '/root/code/01/10/libxml2-rust/CMakeFiles/CMakeTmp'
Building C object CMakeFiles/cmTC_e0e75.dir/CheckFunctionExists.c.o
/usr/bin/cc   -DCHECK_FUNCTION_EXISTS=munmap -o CMakeFiles/cmTC_e0e75.dir/CheckFunctionExists.c.o -c /usr/share/cmake/Modules/CheckFunctionExists.c
Linking C executable cmTC_e0e75
/usr/bin/cmake -E cmake_link_script CMakeFiles/cmTC_e0e75.dir/link.txt --verbose=1
/usr/bin/cc  -DCHECK_FUNCTION_EXISTS=munmap CMakeFiles/cmTC_e0e75.dir/CheckFunctionExists.c.o -o cmTC_e0e75  /usr/lib64/liblzma.so /usr/lib64/libz.so -lpthread 
gmake[1]: Leaving directory '/root/code/01/10/libxml2-rust/CMakeFiles/CMakeTmp'



Determining if files netdb.h exist passed with the following output:
Change Dir: /root/code/01/10/libxml2-rust/CMakeFiles/CMakeTmp

Run Build Command(s):/usr/bin/gmake -f Makefile cmTC_ef01d/fast && /usr/bin/gmake  -f CMakeFiles/cmTC_ef01d.dir/build.make CMakeFiles/cmTC_ef01d.dir/build
gmake[1]: Entering directory '/root/code/01/10/libxml2-rust/CMakeFiles/CMakeTmp'
Building C object CMakeFiles/cmTC_ef01d.dir/HAVE_NETDB_H.c.o
/usr/bin/cc    -o CMakeFiles/cmTC_ef01d.dir/HAVE_NETDB_H.c.o -c /root/code/01/10/libxml2-rust/CMakeFiles/CheckIncludeFiles/HAVE_NETDB_H.c
Linking C executable cmTC_ef01d
/usr/bin/cmake -E cmake_link_script CMakeFiles/cmTC_ef01d.dir/link.txt --verbose=1
/usr/bin/cc CMakeFiles/cmTC_ef01d.dir/HAVE_NETDB_H.c.o -o cmTC_ef01d  /usr/lib64/liblzma.so /usr/lib64/libz.so -lpthread 
gmake[1]: Leaving directory '/root/code/01/10/libxml2-rust/CMakeFiles/CMakeTmp'



Determining if files netinet/in.h exist passed with the following output:
Change Dir: /root/code/01/10/libxml2-rust/CMakeFiles/CMakeTmp

Run Build Command(s):/usr/bin/gmake -f Makefile cmTC_a6d77/fast && /usr/bin/gmake  -f CMakeFiles/cmTC_a6d77.dir/build.make CMakeFiles/cmTC_a6d77.dir/build
gmake[1]: Entering directory '/root/code/01/10/libxml2-rust/CMakeFiles/CMakeTmp'
Building C object CMakeFiles/cmTC_a6d77.dir/HAVE_NETINET_IN_H.c.o
/usr/bin/cc    -o CMakeFiles/cmTC_a6d77.dir/HAVE_NETINET_IN_H.c.o -c /root/code/01/10/libxml2-rust/CMakeFiles/CheckIncludeFiles/HAVE_NETINET_IN_H.c
Linking C executable cmTC_a6d77
/usr/bin/cmake -E cmake_link_script CMakeFiles/cmTC_a6d77.dir/link.txt --verbose=1
/usr/bin/cc CMakeFiles/cmTC_a6d77.dir/HAVE_NETINET_IN_H.c.o -o cmTC_a6d77  /usr/lib64/liblzma.so /usr/lib64/libz.so -lpthread 
gmake[1]: Leaving directory '/root/code/01/10/libxml2-rust/CMakeFiles/CMakeTmp'



Determining if files poll.h exist passed with the following output:
Change Dir: /root/code/01/10/libxml2-rust/CMakeFiles/CMakeTmp

Run Build Command(s):/usr/bin/gmake -f Makefile cmTC_a52d1/fast && /usr/bin/gmake  -f CMakeFiles/cmTC_a52d1.dir/build.make CMakeFiles/cmTC_a52d1.dir/build
gmake[1]: Entering directory '/root/code/01/10/libxml2-rust/CMakeFiles/CMakeTmp'
Building C object CMakeFiles/cmTC_a52d1.dir/HAVE_POLL_H.c.o
/usr/bin/cc    -o CMakeFiles/cmTC_a52d1.dir/HAVE_POLL_H.c.o -c /root/code/01/10/libxml2-rust/CMakeFiles/CheckIncludeFiles/HAVE_POLL_H.c
Linking C executable cmTC_a52d1
/usr/bin/cmake -E cmake_link_script CMakeFiles/cmTC_a52d1.dir/link.txt --verbose=1
/usr/bin/cc CMakeFiles/cmTC_a52d1.dir/HAVE_POLL_H.c.o -o cmTC_a52d1  /usr/lib64/liblzma.so /usr/lib64/libz.so -lpthread 
gmake[1]: Leaving directory '/root/code/01/10/libxml2-rust/CMakeFiles/CMakeTmp'



Determining if the function printf exists passed with the following output:
Change Dir: /root/code/01/10/libxml2-rust/CMakeFiles/CMakeTmp

Run Build Command(s):/usr/bin/gmake -f Makefile cmTC_18b99/fast && /usr/bin/gmake  -f CMakeFiles/cmTC_18b99.dir/build.make CMakeFiles/cmTC_18b99.dir/build
gmake[1]: Entering directory '/root/code/01/10/libxml2-rust/CMakeFiles/CMakeTmp'
Building C object CMakeFiles/cmTC_18b99.dir/CheckFunctionExists.c.o
/usr/bin/cc   -DCHECK_FUNCTION_EXISTS=printf -o CMakeFiles/cmTC_18b99.dir/CheckFunctionExists.c.o -c /usr/share/cmake/Modules/CheckFunctionExists.c
<command-line>: warning: conflicting types for built-in function ‘printf’ [-Wbuiltin-declaration-mismatch]
/usr/share/cmake/Modules/CheckFunctionExists.c:7:3: note: in expansion of macro ‘CHECK_FUNCTION_EXISTS’
   CHECK_FUNCTION_EXISTS(void);
   ^~~~~~~~~~~~~~~~~~~~~
Linking C executable cmTC_18b99
/usr/bin/cmake -E cmake_link_script CMakeFiles/cmTC_18b99.dir/link.txt --verbose=1
/usr/bin/cc  -DCHECK_FUNCTION_EXISTS=printf CMakeFiles/cmTC_18b99.dir/CheckFunctionExists.c.o -o cmTC_18b99  /usr/lib64/liblzma.so /usr/lib64/libz.so -lpthread 
gmake[1]: Leaving directory '/root/code/01/10/libxml2-rust/CMakeFiles/CMakeTmp'



Determining if files pthread.h exist passed with the following output:
Change Dir: /root/code/01/10/libxml2-rust/CMakeFiles/CMakeTmp

Run Build Command(s):/usr/bin/gmake -f Makefile cmTC_1939d/fast && /usr/bin/gmake  -f CMakeFiles/cmTC_1939d.dir/build.make CMakeFiles/cmTC_1939d.dir/build
gmake[1]: Entering directory '/root/code/01/10/libxml2-rust/CMakeFiles/CMakeTmp'
Building C object CMakeFiles/cmTC_1939d.dir/HAVE_PTHREAD_H.c.o
/usr/bin/cc    -o CMakeFiles/cmTC_1939d.dir/HAVE_PTHREAD_H.c.o -c /root/code/01/10/libxml2-rust/CMakeFiles/CheckIncludeFiles/HAVE_PTHREAD_H.c
Linking C executable cmTC_1939d
/usr/bin/cmake -E cmake_link_script CMakeFiles/cmTC_1939d.dir/link.txt --verbose=1
/usr/bin/cc CMakeFiles/cmTC_1939d.dir/HAVE_PTHREAD_H.c.o -o cmTC_1939d  /usr/lib64/liblzma.so /usr/lib64/libz.so -lpthread 
gmake[1]: Leaving directory '/root/code/01/10/libxml2-rust/CMakeFiles/CMakeTmp'



Determining if the function putenv exists passed with the following output:
Change Dir: /root/code/01/10/libxml2-rust/CMakeFiles/CMakeTmp

Run Build Command(s):/usr/bin/gmake -f Makefile cmTC_197e6/fast && /usr/bin/gmake  -f CMakeFiles/cmTC_197e6.dir/build.make CMakeFiles/cmTC_197e6.dir/build
gmake[1]: Entering directory '/root/code/01/10/libxml2-rust/CMakeFiles/CMakeTmp'
Building C object CMakeFiles/cmTC_197e6.dir/CheckFunctionExists.c.o
/usr/bin/cc   -DCHECK_FUNCTION_EXISTS=putenv -o CMakeFiles/cmTC_197e6.dir/CheckFunctionExists.c.o -c /usr/share/cmake/Modules/CheckFunctionExists.c
Linking C executable cmTC_197e6
/usr/bin/cmake -E cmake_link_script CMakeFiles/cmTC_197e6.dir/link.txt --verbose=1
/usr/bin/cc  -DCHECK_FUNCTION_EXISTS=putenv CMakeFiles/cmTC_197e6.dir/CheckFunctionExists.c.o -o cmTC_197e6  /usr/lib64/liblzma.so /usr/lib64/libz.so -lpthread 
gmake[1]: Leaving directory '/root/code/01/10/libxml2-rust/CMakeFiles/CMakeTmp'



Determining if the function rand exists passed with the following output:
Change Dir: /root/code/01/10/libxml2-rust/CMakeFiles/CMakeTmp

Run Build Command(s):/usr/bin/gmake -f Makefile cmTC_df8a9/fast && /usr/bin/gmake  -f CMakeFiles/cmTC_df8a9.dir/build.make CMakeFiles/cmTC_df8a9.dir/build
gmake[1]: Entering directory '/root/code/01/10/libxml2-rust/CMakeFiles/CMakeTmp'
Building C object CMakeFiles/cmTC_df8a9.dir/CheckFunctionExists.c.o
/usr/bin/cc   -DCHECK_FUNCTION_EXISTS=rand -o CMakeFiles/cmTC_df8a9.dir/CheckFunctionExists.c.o -c /usr/share/cmake/Modules/CheckFunctionExists.c
Linking C executable cmTC_df8a9
/usr/bin/cmake -E cmake_link_script CMakeFiles/cmTC_df8a9.dir/link.txt --verbose=1
/usr/bin/cc  -DCHECK_FUNCTION_EXISTS=rand CMakeFiles/cmTC_df8a9.dir/CheckFunctionExists.c.o -o cmTC_df8a9  /usr/lib64/liblzma.so /usr/lib64/libz.so -lpthread 
gmake[1]: Leaving directory '/root/code/01/10/libxml2-rust/CMakeFiles/CMakeTmp'



Determining if the function rand_r exists passed with the following output:
Change Dir: /root/code/01/10/libxml2-rust/CMakeFiles/CMakeTmp

Run Build Command(s):/usr/bin/gmake -f Makefile cmTC_c4166/fast && /usr/bin/gmake  -f CMakeFiles/cmTC_c4166.dir/build.make CMakeFiles/cmTC_c4166.dir/build
gmake[1]: Entering directory '/root/code/01/10/libxml2-rust/CMakeFiles/CMakeTmp'
Building C object CMakeFiles/cmTC_c4166.dir/CheckFunctionExists.c.o
/usr/bin/cc   -DCHECK_FUNCTION_EXISTS=rand_r -o CMakeFiles/cmTC_c4166.dir/CheckFunctionExists.c.o -c /usr/share/cmake/Modules/CheckFunctionExists.c
Linking C executable cmTC_c4166
/usr/bin/cmake -E cmake_link_script CMakeFiles/cmTC_c4166.dir/link.txt --verbose=1
/usr/bin/cc  -DCHECK_FUNCTION_EXISTS=rand_r CMakeFiles/cmTC_c4166.dir/CheckFunctionExists.c.o -o cmTC_c4166  /usr/lib64/liblzma.so /usr/lib64/libz.so -lpthread 
gmake[1]: Leaving directory '/root/code/01/10/libxml2-rust/CMakeFiles/CMakeTmp'



Determining if files resolv.h exist passed with the following output:
Change Dir: /root/code/01/10/libxml2-rust/CMakeFiles/CMakeTmp

Run Build Command(s):/usr/bin/gmake -f Makefile cmTC_2b1ca/fast && /usr/bin/gmake  -f CMakeFiles/cmTC_2b1ca.dir/build.make CMakeFiles/cmTC_2b1ca.dir/build
gmake[1]: Entering directory '/root/code/01/10/libxml2-rust/CMakeFiles/CMakeTmp'
Building C object CMakeFiles/cmTC_2b1ca.dir/HAVE_RESOLV_H.c.o
/usr/bin/cc    -o CMakeFiles/cmTC_2b1ca.dir/HAVE_RESOLV_H.c.o -c /root/code/01/10/libxml2-rust/CMakeFiles/CheckIncludeFiles/HAVE_RESOLV_H.c
Linking C executable cmTC_2b1ca
/usr/bin/cmake -E cmake_link_script CMakeFiles/cmTC_2b1ca.dir/link.txt --verbose=1
/usr/bin/cc CMakeFiles/cmTC_2b1ca.dir/HAVE_RESOLV_H.c.o -o cmTC_2b1ca  /usr/lib64/liblzma.so /usr/lib64/libz.so -lpthread 
gmake[1]: Leaving directory '/root/code/01/10/libxml2-rust/CMakeFiles/CMakeTmp'



Determining if the function signal exists passed with the following output:
Change Dir: /root/code/01/10/libxml2-rust/CMakeFiles/CMakeTmp

Run Build Command(s):/usr/bin/gmake -f Makefile cmTC_11127/fast && /usr/bin/gmake  -f CMakeFiles/cmTC_11127.dir/build.make CMakeFiles/cmTC_11127.dir/build
gmake[1]: Entering directory '/root/code/01/10/libxml2-rust/CMakeFiles/CMakeTmp'
Building C object CMakeFiles/cmTC_11127.dir/CheckFunctionExists.c.o
/usr/bin/cc   -DCHECK_FUNCTION_EXISTS=signal -o CMakeFiles/cmTC_11127.dir/CheckFunctionExists.c.o -c /usr/share/cmake/Modules/CheckFunctionExists.c
Linking C executable cmTC_11127
/usr/bin/cmake -E cmake_link_script CMakeFiles/cmTC_11127.dir/link.txt --verbose=1
/usr/bin/cc  -DCHECK_FUNCTION_EXISTS=signal CMakeFiles/cmTC_11127.dir/CheckFunctionExists.c.o -o cmTC_11127  /usr/lib64/liblzma.so /usr/lib64/libz.so -lpthread 
gmake[1]: Leaving directory '/root/code/01/10/libxml2-rust/CMakeFiles/CMakeTmp'



Determining if files signal.h exist passed with the following output:
Change Dir: /root/code/01/10/libxml2-rust/CMakeFiles/CMakeTmp

Run Build Command(s):/usr/bin/gmake -f Makefile cmTC_256b7/fast && /usr/bin/gmake  -f CMakeFiles/cmTC_256b7.dir/build.make CMakeFiles/cmTC_256b7.dir/build
gmake[1]: Entering directory '/root/code/01/10/libxml2-rust/CMakeFiles/CMakeTmp'
Building C object CMakeFiles/cmTC_256b7.dir/HAVE_SIGNAL_H.c.o
/usr/bin/cc    -o CMakeFiles/cmTC_256b7.dir/HAVE_SIGNAL_H.c.o -c /root/code/01/10/libxml2-rust/CMakeFiles/CheckIncludeFiles/HAVE_SIGNAL_H.c
Linking C executable cmTC_256b7
/usr/bin/cmake -E cmake_link_script CMakeFiles/cmTC_256b7.dir/link.txt --verbose=1
/usr/bin/cc CMakeFiles/cmTC_256b7.dir/HAVE_SIGNAL_H.c.o -o cmTC_256b7  /usr/lib64/liblzma.so /usr/lib64/libz.so -lpthread 
gmake[1]: Leaving directory '/root/code/01/10/libxml2-rust/CMakeFiles/CMakeTmp'



Determining if the function snprintf exists passed with the following output:
Change Dir: /root/code/01/10/libxml2-rust/CMakeFiles/CMakeTmp

Run Build Command(s):/usr/bin/gmake -f Makefile cmTC_3805e/fast && /usr/bin/gmake  -f CMakeFiles/cmTC_3805e.dir/build.make CMakeFiles/cmTC_3805e.dir/build
gmake[1]: Entering directory '/root/code/01/10/libxml2-rust/CMakeFiles/CMakeTmp'
Building C object CMakeFiles/cmTC_3805e.dir/CheckFunctionExists.c.o
/usr/bin/cc   -DCHECK_FUNCTION_EXISTS=snprintf -o CMakeFiles/cmTC_3805e.dir/CheckFunctionExists.c.o -c /usr/share/cmake/Modules/CheckFunctionExists.c
<command-line>: warning: conflicting types for built-in function ‘snprintf’ [-Wbuiltin-declaration-mismatch]
/usr/share/cmake/Modules/CheckFunctionExists.c:7:3: note: in expansion of macro ‘CHECK_FUNCTION_EXISTS’
   CHECK_FUNCTION_EXISTS(void);
   ^~~~~~~~~~~~~~~~~~~~~
Linking C executable cmTC_3805e
/usr/bin/cmake -E cmake_link_script CMakeFiles/cmTC_3805e.dir/link.txt --verbose=1
/usr/bin/cc  -DCHECK_FUNCTION_EXISTS=snprintf CMakeFiles/cmTC_3805e.dir/CheckFunctionExists.c.o -o cmTC_3805e  /usr/lib64/liblzma.so /usr/lib64/libz.so -lpthread 
gmake[1]: Leaving directory '/root/code/01/10/libxml2-rust/CMakeFiles/CMakeTmp'



Determining if the function sprintf exists passed with the following output:
Change Dir: /root/code/01/10/libxml2-rust/CMakeFiles/CMakeTmp

Run Build Command(s):/usr/bin/gmake -f Makefile cmTC_bc176/fast && /usr/bin/gmake  -f CMakeFiles/cmTC_bc176.dir/build.make CMakeFiles/cmTC_bc176.dir/build
gmake[1]: Entering directory '/root/code/01/10/libxml2-rust/CMakeFiles/CMakeTmp'
Building C object CMakeFiles/cmTC_bc176.dir/CheckFunctionExists.c.o
/usr/bin/cc   -DCHECK_FUNCTION_EXISTS=sprintf -o CMakeFiles/cmTC_bc176.dir/CheckFunctionExists.c.o -c /usr/share/cmake/Modules/CheckFunctionExists.c
<command-line>: warning: conflicting types for built-in function ‘sprintf’ [-Wbuiltin-declaration-mismatch]
/usr/share/cmake/Modules/CheckFunctionExists.c:7:3: note: in expansion of macro ‘CHECK_FUNCTION_EXISTS’
   CHECK_FUNCTION_EXISTS(void);
   ^~~~~~~~~~~~~~~~~~~~~
Linking C executable cmTC_bc176
/usr/bin/cmake -E cmake_link_script CMakeFiles/cmTC_bc176.dir/link.txt --verbose=1
/usr/bin/cc  -DCHECK_FUNCTION_EXISTS=sprintf CMakeFiles/cmTC_bc176.dir/CheckFunctionExists.c.o -o cmTC_bc176  /usr/lib64/liblzma.so /usr/lib64/libz.so -lpthread 
gmake[1]: Leaving directory '/root/code/01/10/libxml2-rust/CMakeFiles/CMakeTmp'



Determining if the function srand exists passed with the following output:
Change Dir: /root/code/01/10/libxml2-rust/CMakeFiles/CMakeTmp

Run Build Command(s):/usr/bin/gmake -f Makefile cmTC_a9829/fast && /usr/bin/gmake  -f CMakeFiles/cmTC_a9829.dir/build.make CMakeFiles/cmTC_a9829.dir/build
gmake[1]: Entering directory '/root/code/01/10/libxml2-rust/CMakeFiles/CMakeTmp'
Building C object CMakeFiles/cmTC_a9829.dir/CheckFunctionExists.c.o
/usr/bin/cc   -DCHECK_FUNCTION_EXISTS=srand -o CMakeFiles/cmTC_a9829.dir/CheckFunctionExists.c.o -c /usr/share/cmake/Modules/CheckFunctionExists.c
Linking C executable cmTC_a9829
/usr/bin/cmake -E cmake_link_script CMakeFiles/cmTC_a9829.dir/link.txt --verbose=1
/usr/bin/cc  -DCHECK_FUNCTION_EXISTS=srand CMakeFiles/cmTC_a9829.dir/CheckFunctionExists.c.o -o cmTC_a9829  /usr/lib64/liblzma.so /usr/lib64/libz.so -lpthread 
gmake[1]: Leaving directory '/root/code/01/10/libxml2-rust/CMakeFiles/CMakeTmp'



Determining if the function sscanf exists passed with the following output:
Change Dir: /root/code/01/10/libxml2-rust/CMakeFiles/CMakeTmp

Run Build Command(s):/usr/bin/gmake -f Makefile cmTC_18a8b/fast && /usr/bin/gmake  -f CMakeFiles/cmTC_18a8b.dir/build.make CMakeFiles/cmTC_18a8b.dir/build
gmake[1]: Entering directory '/root/code/01/10/libxml2-rust/CMakeFiles/CMakeTmp'
Building C object CMakeFiles/cmTC_18a8b.dir/CheckFunctionExists.c.o
/usr/bin/cc   -DCHECK_FUNCTION_EXISTS=sscanf -o CMakeFiles/cmTC_18a8b.dir/CheckFunctionExists.c.o -c /usr/share/cmake/Modules/CheckFunctionExists.c
<command-line>: warning: conflicting types for built-in function ‘sscanf’ [-Wbuiltin-declaration-mismatch]
/usr/share/cmake/Modules/CheckFunctionExists.c:7:3: note: in expansion of macro ‘CHECK_FUNCTION_EXISTS’
   CHECK_FUNCTION_EXISTS(void);
   ^~~~~~~~~~~~~~~~~~~~~
Linking C executable cmTC_18a8b
/usr/bin/cmake -E cmake_link_script CMakeFiles/cmTC_18a8b.dir/link.txt --verbose=1
/usr/bin/cc  -DCHECK_FUNCTION_EXISTS=sscanf CMakeFiles/cmTC_18a8b.dir/CheckFunctionExists.c.o -o cmTC_18a8b  /usr/lib64/liblzma.so /usr/lib64/libz.so -lpthread 
gmake[1]: Leaving directory '/root/code/01/10/libxml2-rust/CMakeFiles/CMakeTmp'



Determining if the function stat exists passed with the following output:
Change Dir: /root/code/01/10/libxml2-rust/CMakeFiles/CMakeTmp

Run Build Command(s):/usr/bin/gmake -f Makefile cmTC_c761a/fast && /usr/bin/gmake  -f CMakeFiles/cmTC_c761a.dir/build.make CMakeFiles/cmTC_c761a.dir/build
gmake[1]: Entering directory '/root/code/01/10/libxml2-rust/CMakeFiles/CMakeTmp'
Building C object CMakeFiles/cmTC_c761a.dir/CheckFunctionExists.c.o
/usr/bin/cc   -DCHECK_FUNCTION_EXISTS=stat -o CMakeFiles/cmTC_c761a.dir/CheckFunctionExists.c.o -c /usr/share/cmake/Modules/CheckFunctionExists.c
Linking C executable cmTC_c761a
/usr/bin/cmake -E cmake_link_script CMakeFiles/cmTC_c761a.dir/link.txt --verbose=1
/usr/bin/cc  -DCHECK_FUNCTION_EXISTS=stat CMakeFiles/cmTC_c761a.dir/CheckFunctionExists.c.o -o cmTC_c761a  /usr/lib64/liblzma.so /usr/lib64/libz.so -lpthread 
gmake[1]: Leaving directory '/root/code/01/10/libxml2-rust/CMakeFiles/CMakeTmp'



Determining if files stdarg.h exist passed with the following output:
Change Dir: /root/code/01/10/libxml2-rust/CMakeFiles/CMakeTmp

Run Build Command(s):/usr/bin/gmake -f Makefile cmTC_cf9ef/fast && /usr/bin/gmake  -f CMakeFiles/cmTC_cf9ef.dir/build.make CMakeFiles/cmTC_cf9ef.dir/build
gmake[1]: Entering directory '/root/code/01/10/libxml2-rust/CMakeFiles/CMakeTmp'
Building C object CMakeFiles/cmTC_cf9ef.dir/HAVE_STDARG_H.c.o
/usr/bin/cc    -o CMakeFiles/cmTC_cf9ef.dir/HAVE_STDARG_H.c.o -c /root/code/01/10/libxml2-rust/CMakeFiles/CheckIncludeFiles/HAVE_STDARG_H.c
Linking C executable cmTC_cf9ef
/usr/bin/cmake -E cmake_link_script CMakeFiles/cmTC_cf9ef.dir/link.txt --verbose=1
/usr/bin/cc CMakeFiles/cmTC_cf9ef.dir/HAVE_STDARG_H.c.o -o cmTC_cf9ef  /usr/lib64/liblzma.so /usr/lib64/libz.so -lpthread 
gmake[1]: Leaving directory '/root/code/01/10/libxml2-rust/CMakeFiles/CMakeTmp'



Determining if files stdint.h exist passed with the following output:
Change Dir: /root/code/01/10/libxml2-rust/CMakeFiles/CMakeTmp

Run Build Command(s):/usr/bin/gmake -f Makefile cmTC_53296/fast && /usr/bin/gmake  -f CMakeFiles/cmTC_53296.dir/build.make CMakeFiles/cmTC_53296.dir/build
gmake[1]: Entering directory '/root/code/01/10/libxml2-rust/CMakeFiles/CMakeTmp'
Building C object CMakeFiles/cmTC_53296.dir/HAVE_STDINT_H.c.o
/usr/bin/cc    -o CMakeFiles/cmTC_53296.dir/HAVE_STDINT_H.c.o -c /root/code/01/10/libxml2-rust/CMakeFiles/CheckIncludeFiles/HAVE_STDINT_H.c
Linking C executable cmTC_53296
/usr/bin/cmake -E cmake_link_script CMakeFiles/cmTC_53296.dir/link.txt --verbose=1
/usr/bin/cc CMakeFiles/cmTC_53296.dir/HAVE_STDINT_H.c.o -o cmTC_53296  /usr/lib64/liblzma.so /usr/lib64/libz.so -lpthread 
gmake[1]: Leaving directory '/root/code/01/10/libxml2-rust/CMakeFiles/CMakeTmp'



Determining if files stdlib.h exist passed with the following output:
Change Dir: /root/code/01/10/libxml2-rust/CMakeFiles/CMakeTmp

Run Build Command(s):/usr/bin/gmake -f Makefile cmTC_dc57d/fast && /usr/bin/gmake  -f CMakeFiles/cmTC_dc57d.dir/build.make CMakeFiles/cmTC_dc57d.dir/build
gmake[1]: Entering directory '/root/code/01/10/libxml2-rust/CMakeFiles/CMakeTmp'
Building C object CMakeFiles/cmTC_dc57d.dir/HAVE_STDLIB_H.c.o
/usr/bin/cc    -o CMakeFiles/cmTC_dc57d.dir/HAVE_STDLIB_H.c.o -c /root/code/01/10/libxml2-rust/CMakeFiles/CheckIncludeFiles/HAVE_STDLIB_H.c
Linking C executable cmTC_dc57d
/usr/bin/cmake -E cmake_link_script CMakeFiles/cmTC_dc57d.dir/link.txt --verbose=1
/usr/bin/cc CMakeFiles/cmTC_dc57d.dir/HAVE_STDLIB_H.c.o -o cmTC_dc57d  /usr/lib64/liblzma.so /usr/lib64/libz.so -lpthread 
gmake[1]: Leaving directory '/root/code/01/10/libxml2-rust/CMakeFiles/CMakeTmp'



Determining if the function strftime exists passed with the following output:
Change Dir: /root/code/01/10/libxml2-rust/CMakeFiles/CMakeTmp

Run Build Command(s):/usr/bin/gmake -f Makefile cmTC_a58cc/fast && /usr/bin/gmake  -f CMakeFiles/cmTC_a58cc.dir/build.make CMakeFiles/cmTC_a58cc.dir/build
gmake[1]: Entering directory '/root/code/01/10/libxml2-rust/CMakeFiles/CMakeTmp'
Building C object CMakeFiles/cmTC_a58cc.dir/CheckFunctionExists.c.o
/usr/bin/cc   -DCHECK_FUNCTION_EXISTS=strftime -o CMakeFiles/cmTC_a58cc.dir/CheckFunctionExists.c.o -c /usr/share/cmake/Modules/CheckFunctionExists.c
<command-line>: warning: conflicting types for built-in function ‘strftime’ [-Wbuiltin-declaration-mismatch]
/usr/share/cmake/Modules/CheckFunctionExists.c:7:3: note: in expansion of macro ‘CHECK_FUNCTION_EXISTS’
   CHECK_FUNCTION_EXISTS(void);
   ^~~~~~~~~~~~~~~~~~~~~
Linking C executable cmTC_a58cc
/usr/bin/cmake -E cmake_link_script CMakeFiles/cmTC_a58cc.dir/link.txt --verbose=1
/usr/bin/cc  -DCHECK_FUNCTION_EXISTS=strftime CMakeFiles/cmTC_a58cc.dir/CheckFunctionExists.c.o -o cmTC_a58cc  /usr/lib64/liblzma.so /usr/lib64/libz.so -lpthread 
gmake[1]: Leaving directory '/root/code/01/10/libxml2-rust/CMakeFiles/CMakeTmp'



Determining if files strings.h exist passed with the following output:
Change Dir: /root/code/01/10/libxml2-rust/CMakeFiles/CMakeTmp

Run Build Command(s):/usr/bin/gmake -f Makefile cmTC_e5910/fast && /usr/bin/gmake  -f CMakeFiles/cmTC_e5910.dir/build.make CMakeFiles/cmTC_e5910.dir/build
gmake[1]: Entering directory '/root/code/01/10/libxml2-rust/CMakeFiles/CMakeTmp'
Building C object CMakeFiles/cmTC_e5910.dir/HAVE_STRINGS_H.c.o
/usr/bin/cc    -o CMakeFiles/cmTC_e5910.dir/HAVE_STRINGS_H.c.o -c /root/code/01/10/libxml2-rust/CMakeFiles/CheckIncludeFiles/HAVE_STRINGS_H.c
Linking C executable cmTC_e5910
/usr/bin/cmake -E cmake_link_script CMakeFiles/cmTC_e5910.dir/link.txt --verbose=1
/usr/bin/cc CMakeFiles/cmTC_e5910.dir/HAVE_STRINGS_H.c.o -o cmTC_e5910  /usr/lib64/liblzma.so /usr/lib64/libz.so -lpthread 
gmake[1]: Leaving directory '/root/code/01/10/libxml2-rust/CMakeFiles/CMakeTmp'



Determining if files string.h exist passed with the following output:
Change Dir: /root/code/01/10/libxml2-rust/CMakeFiles/CMakeTmp

Run Build Command(s):/usr/bin/gmake -f Makefile cmTC_63f7d/fast && /usr/bin/gmake  -f CMakeFiles/cmTC_63f7d.dir/build.make CMakeFiles/cmTC_63f7d.dir/build
gmake[1]: Entering directory '/root/code/01/10/libxml2-rust/CMakeFiles/CMakeTmp'
Building C object CMakeFiles/cmTC_63f7d.dir/HAVE_STRING_H.c.o
/usr/bin/cc    -o CMakeFiles/cmTC_63f7d.dir/HAVE_STRING_H.c.o -c /root/code/01/10/libxml2-rust/CMakeFiles/CheckIncludeFiles/HAVE_STRING_H.c
Linking C executable cmTC_63f7d
/usr/bin/cmake -E cmake_link_script CMakeFiles/cmTC_63f7d.dir/link.txt --verbose=1
/usr/bin/cc CMakeFiles/cmTC_63f7d.dir/HAVE_STRING_H.c.o -o cmTC_63f7d  /usr/lib64/liblzma.so /usr/lib64/libz.so -lpthread 
gmake[1]: Leaving directory '/root/code/01/10/libxml2-rust/CMakeFiles/CMakeTmp'



Determining if files sys/mman.h exist passed with the following output:
Change Dir: /root/code/01/10/libxml2-rust/CMakeFiles/CMakeTmp

Run Build Command(s):/usr/bin/gmake -f Makefile cmTC_6532f/fast && /usr/bin/gmake  -f CMakeFiles/cmTC_6532f.dir/build.make CMakeFiles/cmTC_6532f.dir/build
gmake[1]: Entering directory '/root/code/01/10/libxml2-rust/CMakeFiles/CMakeTmp'
Building C object CMakeFiles/cmTC_6532f.dir/HAVE_SYS_MMAN_H.c.o
/usr/bin/cc    -o CMakeFiles/cmTC_6532f.dir/HAVE_SYS_MMAN_H.c.o -c /root/code/01/10/libxml2-rust/CMakeFiles/CheckIncludeFiles/HAVE_SYS_MMAN_H.c
Linking C executable cmTC_6532f
/usr/bin/cmake -E cmake_link_script CMakeFiles/cmTC_6532f.dir/link.txt --verbose=1
/usr/bin/cc CMakeFiles/cmTC_6532f.dir/HAVE_SYS_MMAN_H.c.o -o cmTC_6532f  /usr/lib64/liblzma.so /usr/lib64/libz.so -lpthread 
gmake[1]: Leaving directory '/root/code/01/10/libxml2-rust/CMakeFiles/CMakeTmp'



Determining if files sys/select.h exist passed with the following output:
Change Dir: /root/code/01/10/libxml2-rust/CMakeFiles/CMakeTmp

Run Build Command(s):/usr/bin/gmake -f Makefile cmTC_a900a/fast && /usr/bin/gmake  -f CMakeFiles/cmTC_a900a.dir/build.make CMakeFiles/cmTC_a900a.dir/build
gmake[1]: Entering directory '/root/code/01/10/libxml2-rust/CMakeFiles/CMakeTmp'
Building C object CMakeFiles/cmTC_a900a.dir/HAVE_SYS_SELECT_H.c.o
/usr/bin/cc    -o CMakeFiles/cmTC_a900a.dir/HAVE_SYS_SELECT_H.c.o -c /root/code/01/10/libxml2-rust/CMakeFiles/CheckIncludeFiles/HAVE_SYS_SELECT_H.c
Linking C executable cmTC_a900a
/usr/bin/cmake -E cmake_link_script CMakeFiles/cmTC_a900a.dir/link.txt --verbose=1
/usr/bin/cc CMakeFiles/cmTC_a900a.dir/HAVE_SYS_SELECT_H.c.o -o cmTC_a900a  /usr/lib64/liblzma.so /usr/lib64/libz.so -lpthread 
gmake[1]: Leaving directory '/root/code/01/10/libxml2-rust/CMakeFiles/CMakeTmp'



Determining if files sys/socket.h exist passed with the following output:
Change Dir: /root/code/01/10/libxml2-rust/CMakeFiles/CMakeTmp

Run Build Command(s):/usr/bin/gmake -f Makefile cmTC_51aeb/fast && /usr/bin/gmake  -f CMakeFiles/cmTC_51aeb.dir/build.make CMakeFiles/cmTC_51aeb.dir/build
gmake[1]: Entering directory '/root/code/01/10/libxml2-rust/CMakeFiles/CMakeTmp'
Building C object CMakeFiles/cmTC_51aeb.dir/HAVE_SYS_SOCKET_H.c.o
/usr/bin/cc    -o CMakeFiles/cmTC_51aeb.dir/HAVE_SYS_SOCKET_H.c.o -c /root/code/01/10/libxml2-rust/CMakeFiles/CheckIncludeFiles/HAVE_SYS_SOCKET_H.c
Linking C executable cmTC_51aeb
/usr/bin/cmake -E cmake_link_script CMakeFiles/cmTC_51aeb.dir/link.txt --verbose=1
/usr/bin/cc CMakeFiles/cmTC_51aeb.dir/HAVE_SYS_SOCKET_H.c.o -o cmTC_51aeb  /usr/lib64/liblzma.so /usr/lib64/libz.so -lpthread 
gmake[1]: Leaving directory '/root/code/01/10/libxml2-rust/CMakeFiles/CMakeTmp'



Determining if files sys/stat.h exist passed with the following output:
Change Dir: /root/code/01/10/libxml2-rust/CMakeFiles/CMakeTmp

Run Build Command(s):/usr/bin/gmake -f Makefile cmTC_d9a25/fast && /usr/bin/gmake  -f CMakeFiles/cmTC_d9a25.dir/build.make CMakeFiles/cmTC_d9a25.dir/build
gmake[1]: Entering directory '/root/code/01/10/libxml2-rust/CMakeFiles/CMakeTmp'
Building C object CMakeFiles/cmTC_d9a25.dir/HAVE_SYS_STAT_H.c.o
/usr/bin/cc    -o CMakeFiles/cmTC_d9a25.dir/HAVE_SYS_STAT_H.c.o -c /root/code/01/10/libxml2-rust/CMakeFiles/CheckIncludeFiles/HAVE_SYS_STAT_H.c
Linking C executable cmTC_d9a25
/usr/bin/cmake -E cmake_link_script CMakeFiles/cmTC_d9a25.dir/link.txt --verbose=1
/usr/bin/cc CMakeFiles/cmTC_d9a25.dir/HAVE_SYS_STAT_H.c.o -o cmTC_d9a25  /usr/lib64/liblzma.so /usr/lib64/libz.so -lpthread 
gmake[1]: Leaving directory '/root/code/01/10/libxml2-rust/CMakeFiles/CMakeTmp'



Determining if files sys/timeb.h exist passed with the following output:
Change Dir: /root/code/01/10/libxml2-rust/CMakeFiles/CMakeTmp

Run Build Command(s):/usr/bin/gmake -f Makefile cmTC_672c0/fast && /usr/bin/gmake  -f CMakeFiles/cmTC_672c0.dir/build.make CMakeFiles/cmTC_672c0.dir/build
gmake[1]: Entering directory '/root/code/01/10/libxml2-rust/CMakeFiles/CMakeTmp'
Building C object CMakeFiles/cmTC_672c0.dir/HAVE_SYS_TIMEB_H.c.o
/usr/bin/cc    -o CMakeFiles/cmTC_672c0.dir/HAVE_SYS_TIMEB_H.c.o -c /root/code/01/10/libxml2-rust/CMakeFiles/CheckIncludeFiles/HAVE_SYS_TIMEB_H.c
Linking C executable cmTC_672c0
/usr/bin/cmake -E cmake_link_script CMakeFiles/cmTC_672c0.dir/link.txt --verbose=1
/usr/bin/cc CMakeFiles/cmTC_672c0.dir/HAVE_SYS_TIMEB_H.c.o -o cmTC_672c0  /usr/lib64/liblzma.so /usr/lib64/libz.so -lpthread 
gmake[1]: Leaving directory '/root/code/01/10/libxml2-rust/CMakeFiles/CMakeTmp'



Determining if files sys/time.h exist passed with the following output:
Change Dir: /root/code/01/10/libxml2-rust/CMakeFiles/CMakeTmp

Run Build Command(s):/usr/bin/gmake -f Makefile cmTC_50baa/fast && /usr/bin/gmake  -f CMakeFiles/cmTC_50baa.dir/build.make CMakeFiles/cmTC_50baa.dir/build
gmake[1]: Entering directory '/root/code/01/10/libxml2-rust/CMakeFiles/CMakeTmp'
Building C object CMakeFiles/cmTC_50baa.dir/HAVE_SYS_TIME_H.c.o
/usr/bin/cc    -o CMakeFiles/cmTC_50baa.dir/HAVE_SYS_TIME_H.c.o -c /root/code/01/10/libxml2-rust/CMakeFiles/CheckIncludeFiles/HAVE_SYS_TIME_H.c
Linking C executable cmTC_50baa
/usr/bin/cmake -E cmake_link_script CMakeFiles/cmTC_50baa.dir/link.txt --verbose=1
/usr/bin/cc CMakeFiles/cmTC_50baa.dir/HAVE_SYS_TIME_H.c.o -o cmTC_50baa  /usr/lib64/liblzma.so /usr/lib64/libz.so -lpthread 
gmake[1]: Leaving directory '/root/code/01/10/libxml2-rust/CMakeFiles/CMakeTmp'



Determining if files sys/types.h exist passed with the following output:
Change Dir: /root/code/01/10/libxml2-rust/CMakeFiles/CMakeTmp

Run Build Command(s):/usr/bin/gmake -f Makefile cmTC_9eca5/fast && /usr/bin/gmake  -f CMakeFiles/cmTC_9eca5.dir/build.make CMakeFiles/cmTC_9eca5.dir/build
gmake[1]: Entering directory '/root/code/01/10/libxml2-rust/CMakeFiles/CMakeTmp'
Building C object CMakeFiles/cmTC_9eca5.dir/HAVE_SYS_TYPES_H.c.o
/usr/bin/cc    -o CMakeFiles/cmTC_9eca5.dir/HAVE_SYS_TYPES_H.c.o -c /root/code/01/10/libxml2-rust/CMakeFiles/CheckIncludeFiles/HAVE_SYS_TYPES_H.c
Linking C executable cmTC_9eca5
/usr/bin/cmake -E cmake_link_script CMakeFiles/cmTC_9eca5.dir/link.txt --verbose=1
/usr/bin/cc CMakeFiles/cmTC_9eca5.dir/HAVE_SYS_TYPES_H.c.o -o cmTC_9eca5  /usr/lib64/liblzma.so /usr/lib64/libz.so -lpthread 
gmake[1]: Leaving directory '/root/code/01/10/libxml2-rust/CMakeFiles/CMakeTmp'



Determining if the function time exists passed with the following output:
Change Dir: /root/code/01/10/libxml2-rust/CMakeFiles/CMakeTmp

Run Build Command(s):/usr/bin/gmake -f Makefile cmTC_97f6f/fast && /usr/bin/gmake  -f CMakeFiles/cmTC_97f6f.dir/build.make CMakeFiles/cmTC_97f6f.dir/build
gmake[1]: Entering directory '/root/code/01/10/libxml2-rust/CMakeFiles/CMakeTmp'
Building C object CMakeFiles/cmTC_97f6f.dir/CheckFunctionExists.c.o
/usr/bin/cc   -DCHECK_FUNCTION_EXISTS=time -o CMakeFiles/cmTC_97f6f.dir/CheckFunctionExists.c.o -c /usr/share/cmake/Modules/CheckFunctionExists.c
Linking C executable cmTC_97f6f
/usr/bin/cmake -E cmake_link_script CMakeFiles/cmTC_97f6f.dir/link.txt --verbose=1
/usr/bin/cc  -DCHECK_FUNCTION_EXISTS=time CMakeFiles/cmTC_97f6f.dir/CheckFunctionExists.c.o -o cmTC_97f6f  /usr/lib64/liblzma.so /usr/lib64/libz.so -lpthread 
gmake[1]: Leaving directory '/root/code/01/10/libxml2-rust/CMakeFiles/CMakeTmp'



Determining if files time.h exist passed with the following output:
Change Dir: /root/code/01/10/libxml2-rust/CMakeFiles/CMakeTmp

Run Build Command(s):/usr/bin/gmake -f Makefile cmTC_49aac/fast && /usr/bin/gmake  -f CMakeFiles/cmTC_49aac.dir/build.make CMakeFiles/cmTC_49aac.dir/build
gmake[1]: Entering directory '/root/code/01/10/libxml2-rust/CMakeFiles/CMakeTmp'
Building C object CMakeFiles/cmTC_49aac.dir/HAVE_TIME_H.c.o
/usr/bin/cc    -o CMakeFiles/cmTC_49aac.dir/HAVE_TIME_H.c.o -c /root/code/01/10/libxml2-rust/CMakeFiles/CheckIncludeFiles/HAVE_TIME_H.c
Linking C executable cmTC_49aac
/usr/bin/cmake -E cmake_link_script CMakeFiles/cmTC_49aac.dir/link.txt --verbose=1
/usr/bin/cc CMakeFiles/cmTC_49aac.dir/HAVE_TIME_H.c.o -o cmTC_49aac  /usr/lib64/liblzma.so /usr/lib64/libz.so -lpthread 
gmake[1]: Leaving directory '/root/code/01/10/libxml2-rust/CMakeFiles/CMakeTmp'



Determining if the function vfprintf exists passed with the following output:
Change Dir: /root/code/01/10/libxml2-rust/CMakeFiles/CMakeTmp

Run Build Command(s):/usr/bin/gmake -f Makefile cmTC_c265c/fast && /usr/bin/gmake  -f CMakeFiles/cmTC_c265c.dir/build.make CMakeFiles/cmTC_c265c.dir/build
gmake[1]: Entering directory '/root/code/01/10/libxml2-rust/CMakeFiles/CMakeTmp'
Building C object CMakeFiles/cmTC_c265c.dir/CheckFunctionExists.c.o
/usr/bin/cc   -DCHECK_FUNCTION_EXISTS=vfprintf -o CMakeFiles/cmTC_c265c.dir/CheckFunctionExists.c.o -c /usr/share/cmake/Modules/CheckFunctionExists.c
<command-line>: warning: conflicting types for built-in function ‘vfprintf’ [-Wbuiltin-declaration-mismatch]
/usr/share/cmake/Modules/CheckFunctionExists.c:7:3: note: in expansion of macro ‘CHECK_FUNCTION_EXISTS’
   CHECK_FUNCTION_EXISTS(void);
   ^~~~~~~~~~~~~~~~~~~~~
Linking C executable cmTC_c265c
/usr/bin/cmake -E cmake_link_script CMakeFiles/cmTC_c265c.dir/link.txt --verbose=1
/usr/bin/cc  -DCHECK_FUNCTION_EXISTS=vfprintf CMakeFiles/cmTC_c265c.dir/CheckFunctionExists.c.o -o cmTC_c265c  /usr/lib64/liblzma.so /usr/lib64/libz.so -lpthread 
gmake[1]: Leaving directory '/root/code/01/10/libxml2-rust/CMakeFiles/CMakeTmp'



Determining if the function vsnprintf exists passed with the following output:
Change Dir: /root/code/01/10/libxml2-rust/CMakeFiles/CMakeTmp

Run Build Command(s):/usr/bin/gmake -f Makefile cmTC_01db3/fast && /usr/bin/gmake  -f CMakeFiles/cmTC_01db3.dir/build.make CMakeFiles/cmTC_01db3.dir/build
gmake[1]: Entering directory '/root/code/01/10/libxml2-rust/CMakeFiles/CMakeTmp'
Building C object CMakeFiles/cmTC_01db3.dir/CheckFunctionExists.c.o
/usr/bin/cc   -DCHECK_FUNCTION_EXISTS=vsnprintf -o CMakeFiles/cmTC_01db3.dir/CheckFunctionExists.c.o -c /usr/share/cmake/Modules/CheckFunctionExists.c
<command-line>: warning: conflicting types for built-in function ‘vsnprintf’ [-Wbuiltin-declaration-mismatch]
/usr/share/cmake/Modules/CheckFunctionExists.c:7:3: note: in expansion of macro ‘CHECK_FUNCTION_EXISTS’
   CHECK_FUNCTION_EXISTS(void);
   ^~~~~~~~~~~~~~~~~~~~~
Linking C executable cmTC_01db3
/usr/bin/cmake -E cmake_link_script CMakeFiles/cmTC_01db3.dir/link.txt --verbose=1
/usr/bin/cc  -DCHECK_FUNCTION_EXISTS=vsnprintf CMakeFiles/cmTC_01db3.dir/CheckFunctionExists.c.o -o cmTC_01db3  /usr/lib64/liblzma.so /usr/lib64/libz.so -lpthread 
gmake[1]: Leaving directory '/root/code/01/10/libxml2-rust/CMakeFiles/CMakeTmp'



Determining if the function vsprintf exists passed with the following output:
Change Dir: /root/code/01/10/libxml2-rust/CMakeFiles/CMakeTmp

Run Build Command(s):/usr/bin/gmake -f Makefile cmTC_3b738/fast && /usr/bin/gmake  -f CMakeFiles/cmTC_3b738.dir/build.make CMakeFiles/cmTC_3b738.dir/build
gmake[1]: Entering directory '/root/code/01/10/libxml2-rust/CMakeFiles/CMakeTmp'
Building C object CMakeFiles/cmTC_3b738.dir/CheckFunctionExists.c.o
/usr/bin/cc   -DCHECK_FUNCTION_EXISTS=vsprintf -o CMakeFiles/cmTC_3b738.dir/CheckFunctionExists.c.o -c /usr/share/cmake/Modules/CheckFunctionExists.c
<command-line>: warning: conflicting types for built-in function ‘vsprintf’ [-Wbuiltin-declaration-mismatch]
/usr/share/cmake/Modules/CheckFunctionExists.c:7:3: note: in expansion of macro ‘CHECK_FUNCTION_EXISTS’
   CHECK_FUNCTION_EXISTS(void);
   ^~~~~~~~~~~~~~~~~~~~~
Linking C executable cmTC_3b738
/usr/bin/cmake -E cmake_link_script CMakeFiles/cmTC_3b738.dir/link.txt --verbose=1
/usr/bin/cc  -DCHECK_FUNCTION_EXISTS=vsprintf CMakeFiles/cmTC_3b738.dir/CheckFunctionExists.c.o -o cmTC_3b738  /usr/lib64/liblzma.so /usr/lib64/libz.so -lpthread 
gmake[1]: Leaving directory '/root/code/01/10/libxml2-rust/CMakeFiles/CMakeTmp'



Performing C SOURCE FILE Test ICONV_CONST_TEST succeeded with the following output:
Change Dir: /root/code/01/10/libxml2-rust/CMakeFiles/CMakeTmp

Run Build Command(s):/usr/bin/gmake -f Makefile cmTC_ddc7e/fast && /usr/bin/gmake  -f CMakeFiles/cmTC_ddc7e.dir/build.make CMakeFiles/cmTC_ddc7e.dir/build
gmake[1]: Entering directory '/root/code/01/10/libxml2-rust/CMakeFiles/CMakeTmp'
Building C object CMakeFiles/cmTC_ddc7e.dir/src.c.o
/usr/bin/cc -DICONV_CONST_TEST   -o CMakeFiles/cmTC_ddc7e.dir/src.c.o -c /root/code/01/10/libxml2-rust/CMakeFiles/CMakeTmp/src.c
Linking C executable cmTC_ddc7e
/usr/bin/cmake -E cmake_link_script CMakeFiles/cmTC_ddc7e.dir/link.txt --verbose=1
/usr/bin/cc CMakeFiles/cmTC_ddc7e.dir/src.c.o -o cmTC_ddc7e  /usr/lib64/liblzma.so /usr/lib64/libz.so -lpthread 
gmake[1]: Leaving directory '/root/code/01/10/libxml2-rust/CMakeFiles/CMakeTmp'


Source file was:

		#include <stdlib.h>
		#include <iconv.h>
		extern
		#ifdef __cplusplus
		"C"
		#endif
		#if defined(__STDC__) || defined(__cplusplus)
		size_t iconv(iconv_t cd, char** inbuf, size_t* inbytesleft, char** outbuf, size_t* outbytesleft);
		#else
		size_t iconv();
		#endif
		int main() { return 0; }
	
Performing C SOURCE FILE Test SEND_ARG2_CAST_CONST succeeded with the following output:
Change Dir: /root/code/01/10/libxml2-rust/CMakeFiles/CMakeTmp

Run Build Command(s):/usr/bin/gmake -f Makefile cmTC_d4c18/fast && /usr/bin/gmake  -f CMakeFiles/cmTC_d4c18.dir/build.make CMakeFiles/cmTC_d4c18.dir/build
gmake[1]: Entering directory '/root/code/01/10/libxml2-rust/CMakeFiles/CMakeTmp'
Building C object CMakeFiles/cmTC_d4c18.dir/src.c.o
/usr/bin/cc -DSEND_ARG2_CAST_CONST   -o CMakeFiles/cmTC_d4c18.dir/src.c.o -c /root/code/01/10/libxml2-rust/CMakeFiles/CMakeTmp/src.c
Linking C executable cmTC_d4c18
/usr/bin/cmake -E cmake_link_script CMakeFiles/cmTC_d4c18.dir/link.txt --verbose=1
/usr/bin/cc CMakeFiles/cmTC_d4c18.dir/src.c.o -o cmTC_d4c18  /usr/lib64/liblzma.so /usr/lib64/libz.so -lpthread 
gmake[1]: Leaving directory '/root/code/01/10/libxml2-rust/CMakeFiles/CMakeTmp'


Source file was:

		#include <sys/socket.h>
		#include <sys/types.h>
		int main() { (void) send(1, (const char*) "", 1, 1); return 0; }
	
Determining if files float.h;stdarg.h;stdlib.h;string.h exist passed with the following output:
Change Dir: /root/code/01/10/libxml2-rust/CMakeFiles/CMakeTmp

Run Build Command(s):/usr/bin/gmake -f Makefile cmTC_c5557/fast && /usr/bin/gmake  -f CMakeFiles/cmTC_c5557.dir/build.make CMakeFiles/cmTC_c5557.dir/build
gmake[1]: Entering directory '/root/code/01/10/libxml2-rust/CMakeFiles/CMakeTmp'
Building C object CMakeFiles/cmTC_c5557.dir/STDC_HEADERS.c.o
/usr/bin/cc    -o CMakeFiles/cmTC_c5557.dir/STDC_HEADERS.c.o -c /root/code/01/10/libxml2-rust/CMakeFiles/CheckIncludeFiles/STDC_HEADERS.c
Linking C executable cmTC_c5557
/usr/bin/cmake -E cmake_link_script CMakeFiles/cmTC_c5557.dir/link.txt --verbose=1
/usr/bin/cc CMakeFiles/cmTC_c5557.dir/STDC_HEADERS.c.o -o cmTC_c5557  /usr/lib64/liblzma.so /usr/lib64/libz.so -lpthread 
gmake[1]: Leaving directory '/root/code/01/10/libxml2-rust/CMakeFiles/CMakeTmp'



Performing C SOURCE FILE Test XML_SOCKLEN_T_SOCKLEN_T succeeded with the following output:
Change Dir: /root/code/01/10/libxml2-rust/CMakeFiles/CMakeTmp

Run Build Command(s):/usr/bin/gmake -f Makefile cmTC_25eff/fast && /usr/bin/gmake  -f CMakeFiles/cmTC_25eff.dir/build.make CMakeFiles/cmTC_25eff.dir/build
gmake[1]: Entering directory '/root/code/01/10/libxml2-rust/CMakeFiles/CMakeTmp'
Building C object CMakeFiles/cmTC_25eff.dir/src.c.o
/usr/bin/cc -DXML_SOCKLEN_T_SOCKLEN_T   -o CMakeFiles/cmTC_25eff.dir/src.c.o -c /root/code/01/10/libxml2-rust/CMakeFiles/CMakeTmp/src.c
Linking C executable cmTC_25eff
/usr/bin/cmake -E cmake_link_script CMakeFiles/cmTC_25eff.dir/link.txt --verbose=1
/usr/bin/cc CMakeFiles/cmTC_25eff.dir/src.c.o -o cmTC_25eff  /usr/lib64/liblzma.so /usr/lib64/libz.so -lpthread 
gmake[1]: Leaving directory '/root/code/01/10/libxml2-rust/CMakeFiles/CMakeTmp'


Source file was:

		#include <stddef.h>
		#include <sys/socket.h>
		#include <sys/types.h>
		int main() { (void) getsockopt(1, 1, 1, NULL, (socklen_t*) NULL); return 0; }
	
