Performing C SOURCE FILE Test CMAKE_HAVE_LIBC_PTHREAD failed with the following output:
Change Dir: /root/codes/libxml2-nju-huawei/libxml2-2.9.12_new_version/build/CMakeFiles/CMakeTmp

Run Build Command(s):/usr/bin/make -f Makefile cmTC_0b12e/fast && /usr/bin/make  -f CMakeFiles/cmTC_0b12e.dir/build.make CMakeFiles/cmTC_0b12e.dir/build
make[1]: Entering directory '/root/codes/libxml2-nju-huawei/libxml2-2.9.12_new_version/build/CMakeFiles/CMakeTmp'
Building C object CMakeFiles/cmTC_0b12e.dir/src.c.o
/usr/bin/x86_64-linux-gnu-gcc-7 -DCMAKE_HAVE_LIBC_PTHREAD   -o CMakeFiles/cmTC_0b12e.dir/src.c.o -c /root/codes/libxml2-nju-huawei/libxml2-2.9.12_new_version/build/CMakeFiles/CMakeTmp/src.c
Linking C executable cmTC_0b12e
/snap/cmake/1035/bin/cmake -E cmake_link_script CMakeFiles/cmTC_0b12e.dir/link.txt --verbose=1
/usr/bin/x86_64-linux-gnu-gcc-7 CMakeFiles/cmTC_0b12e.dir/src.c.o -o cmTC_0b12e 
CMakeFiles/cmTC_0b12e.dir/src.c.o: In function `main':
src.c:(.text+0x3e): undefined reference to `pthread_create'
src.c:(.text+0x4a): undefined reference to `pthread_detach'
src.c:(.text+0x56): undefined reference to `pthread_cancel'
src.c:(.text+0x67): undefined reference to `pthread_join'
src.c:(.text+0x7b): undefined reference to `pthread_atfork'
collect2: error: ld returned 1 exit status
CMakeFiles/cmTC_0b12e.dir/build.make:98: recipe for target 'cmTC_0b12e' failed
make[1]: *** [cmTC_0b12e] Error 1
make[1]: Leaving directory '/root/codes/libxml2-nju-huawei/libxml2-2.9.12_new_version/build/CMakeFiles/CMakeTmp'
Makefile:127: recipe for target 'cmTC_0b12e/fast' failed
make: *** [cmTC_0b12e/fast] Error 2


Source file was:
#include <pthread.h>

static void* test_func(void* data)
{
  return data;
}

int main(void)
{
  pthread_t thread;
  pthread_create(&thread, NULL, test_func, NULL);
  pthread_detach(thread);
  pthread_cancel(thread);
  pthread_join(thread, NULL);
  pthread_atfork(NULL, NULL, NULL);
  pthread_exit(NULL);

  return 0;
}

Determining if the function pthread_create exists in the pthreads failed with the following output:
Change Dir: /root/codes/libxml2-nju-huawei/libxml2-2.9.12_new_version/build/CMakeFiles/CMakeTmp

Run Build Command(s):/usr/bin/make -f Makefile cmTC_0e9d2/fast && /usr/bin/make  -f CMakeFiles/cmTC_0e9d2.dir/build.make CMakeFiles/cmTC_0e9d2.dir/build
make[1]: Entering directory '/root/codes/libxml2-nju-huawei/libxml2-2.9.12_new_version/build/CMakeFiles/CMakeTmp'
Building C object CMakeFiles/cmTC_0e9d2.dir/CheckFunctionExists.c.o
/usr/bin/x86_64-linux-gnu-gcc-7   -DCHECK_FUNCTION_EXISTS=pthread_create -o CMakeFiles/cmTC_0e9d2.dir/CheckFunctionExists.c.o -c /snap/cmake/1035/share/cmake-3.22/Modules/CheckFunctionExists.c
Linking C executable cmTC_0e9d2
/snap/cmake/1035/bin/cmake -E cmake_link_script CMakeFiles/cmTC_0e9d2.dir/link.txt --verbose=1
/usr/bin/x86_64-linux-gnu-gcc-7  -DCHECK_FUNCTION_EXISTS=pthread_create CMakeFiles/cmTC_0e9d2.dir/CheckFunctionExists.c.o -o cmTC_0e9d2  -lpthreads 
/usr/bin/ld: cannot find -lpthreads
collect2: error: ld returned 1 exit status
CMakeFiles/cmTC_0e9d2.dir/build.make:98: recipe for target 'cmTC_0e9d2' failed
make[1]: *** [cmTC_0e9d2] Error 1
make[1]: Leaving directory '/root/codes/libxml2-nju-huawei/libxml2-2.9.12_new_version/build/CMakeFiles/CMakeTmp'
Makefile:127: recipe for target 'cmTC_0e9d2/fast' failed
make: *** [cmTC_0e9d2/fast] Error 2



Performing C SOURCE FILE Test HAVE_BROKEN_SS_FAMILY failed with the following output:
Change Dir: /root/codes/libxml2-nju-huawei/libxml2-2.9.12_new_version/build/CMakeFiles/CMakeTmp

Run Build Command(s):/usr/bin/make -f Makefile cmTC_08b4b/fast && /usr/bin/make  -f CMakeFiles/cmTC_08b4b.dir/build.make CMakeFiles/cmTC_08b4b.dir/build
make[1]: Entering directory '/root/codes/libxml2-nju-huawei/libxml2-2.9.12_new_version/build/CMakeFiles/CMakeTmp'
Building C object CMakeFiles/cmTC_08b4b.dir/src.c.o
/usr/bin/x86_64-linux-gnu-gcc-7 -DHAVE_BROKEN_SS_FAMILY   -o CMakeFiles/cmTC_08b4b.dir/src.c.o -c /root/codes/libxml2-nju-huawei/libxml2-2.9.12_new_version/build/CMakeFiles/CMakeTmp/src.c
/root/codes/libxml2-nju-huawei/libxml2-2.9.12_new_version/build/CMakeFiles/CMakeTmp/src.c: In function ‘main’:
/root/codes/libxml2-nju-huawei/libxml2-2.9.12_new_version/build/CMakeFiles/CMakeTmp/src.c:7:48: error: ‘struct sockaddr_storage’ has no member named ‘__ss_family’; did you mean ‘ss_family’?
   (void)sizeof(((struct sockaddr_storage *)0)->__ss_family);
                                                ^~~~~~~~~~~
                                                ss_family
CMakeFiles/cmTC_08b4b.dir/build.make:77: recipe for target 'CMakeFiles/cmTC_08b4b.dir/src.c.o' failed
make[1]: *** [CMakeFiles/cmTC_08b4b.dir/src.c.o] Error 1
make[1]: Leaving directory '/root/codes/libxml2-nju-huawei/libxml2-2.9.12_new_version/build/CMakeFiles/CMakeTmp'
Makefile:127: recipe for target 'cmTC_08b4b/fast' failed
make: *** [cmTC_08b4b/fast] Error 2


Source file was:

#include <sys/socket.h>
#include <sys/types.h>

int main()
{
  (void)sizeof(((struct sockaddr_storage *)0)->__ss_family);
  return 0;
}

Determining if the function class exists failed with the following output:
Change Dir: /root/codes/libxml2-nju-huawei/libxml2-2.9.12_new_version/build/CMakeFiles/CMakeTmp

Run Build Command(s):/usr/bin/make -f Makefile cmTC_17615/fast && /usr/bin/make  -f CMakeFiles/cmTC_17615.dir/build.make CMakeFiles/cmTC_17615.dir/build
make[1]: Entering directory '/root/codes/libxml2-nju-huawei/libxml2-2.9.12_new_version/build/CMakeFiles/CMakeTmp'
Building C object CMakeFiles/cmTC_17615.dir/CheckFunctionExists.c.o
/usr/bin/x86_64-linux-gnu-gcc-7   -DCHECK_FUNCTION_EXISTS=class -o CMakeFiles/cmTC_17615.dir/CheckFunctionExists.c.o -c /snap/cmake/1035/share/cmake-3.22/Modules/CheckFunctionExists.c
Linking C executable cmTC_17615
/snap/cmake/1035/bin/cmake -E cmake_link_script CMakeFiles/cmTC_17615.dir/link.txt --verbose=1
/usr/bin/x86_64-linux-gnu-gcc-7  -DCHECK_FUNCTION_EXISTS=class CMakeFiles/cmTC_17615.dir/CheckFunctionExists.c.o -o cmTC_17615  /usr/lib/x86_64-linux-gnu/liblzma.so /usr/lib/x86_64-linux-gnu/libz.so -lpthread 
CMakeFiles/cmTC_17615.dir/CheckFunctionExists.c.o: In function `main':
CheckFunctionExists.c:(.text+0x10): undefined reference to `class'
collect2: error: ld returned 1 exit status
CMakeFiles/cmTC_17615.dir/build.make:100: recipe for target 'cmTC_17615' failed
make[1]: *** [cmTC_17615] Error 1
make[1]: Leaving directory '/root/codes/libxml2-nju-huawei/libxml2-2.9.12_new_version/build/CMakeFiles/CMakeTmp'
Makefile:127: recipe for target 'cmTC_17615/fast' failed
make: *** [cmTC_17615/fast] Error 2



Determining if files dl.h exist failed with the following output:
Change Dir: /root/codes/libxml2-nju-huawei/libxml2-2.9.12_new_version/build/CMakeFiles/CMakeTmp

Run Build Command(s):/usr/bin/make -f Makefile cmTC_2a304/fast && /usr/bin/make  -f CMakeFiles/cmTC_2a304.dir/build.make CMakeFiles/cmTC_2a304.dir/build
make[1]: Entering directory '/root/codes/libxml2-nju-huawei/libxml2-2.9.12_new_version/build/CMakeFiles/CMakeTmp'
Building C object CMakeFiles/cmTC_2a304.dir/HAVE_DL_H.c.o
/usr/bin/x86_64-linux-gnu-gcc-7    -o CMakeFiles/cmTC_2a304.dir/HAVE_DL_H.c.o -c /root/codes/libxml2-nju-huawei/libxml2-2.9.12_new_version/build/CMakeFiles/CheckIncludeFiles/HAVE_DL_H.c
/root/codes/libxml2-nju-huawei/libxml2-2.9.12_new_version/build/CMakeFiles/CheckIncludeFiles/HAVE_DL_H.c:2:10: fatal error: dl.h: No such file or directory
 #include <dl.h>
          ^~~~~~
compilation terminated.
CMakeFiles/cmTC_2a304.dir/build.make:77: recipe for target 'CMakeFiles/cmTC_2a304.dir/HAVE_DL_H.c.o' failed
make[1]: *** [CMakeFiles/cmTC_2a304.dir/HAVE_DL_H.c.o] Error 1
make[1]: Leaving directory '/root/codes/libxml2-nju-huawei/libxml2-2.9.12_new_version/build/CMakeFiles/CMakeTmp'
Makefile:127: recipe for target 'cmTC_2a304/fast' failed
make: *** [cmTC_2a304/fast] Error 2


Source:
/* */
#include <dl.h>


int main(void){return 0;}

Determining if the function fpclass exists failed with the following output:
Change Dir: /root/codes/libxml2-nju-huawei/libxml2-2.9.12_new_version/build/CMakeFiles/CMakeTmp

Run Build Command(s):/usr/bin/make -f Makefile cmTC_329a4/fast && /usr/bin/make  -f CMakeFiles/cmTC_329a4.dir/build.make CMakeFiles/cmTC_329a4.dir/build
make[1]: Entering directory '/root/codes/libxml2-nju-huawei/libxml2-2.9.12_new_version/build/CMakeFiles/CMakeTmp'
Building C object CMakeFiles/cmTC_329a4.dir/CheckFunctionExists.c.o
/usr/bin/x86_64-linux-gnu-gcc-7   -DCHECK_FUNCTION_EXISTS=fpclass -o CMakeFiles/cmTC_329a4.dir/CheckFunctionExists.c.o -c /snap/cmake/1035/share/cmake-3.22/Modules/CheckFunctionExists.c
Linking C executable cmTC_329a4
/snap/cmake/1035/bin/cmake -E cmake_link_script CMakeFiles/cmTC_329a4.dir/link.txt --verbose=1
/usr/bin/x86_64-linux-gnu-gcc-7  -DCHECK_FUNCTION_EXISTS=fpclass CMakeFiles/cmTC_329a4.dir/CheckFunctionExists.c.o -o cmTC_329a4  /usr/lib/x86_64-linux-gnu/liblzma.so /usr/lib/x86_64-linux-gnu/libz.so -lpthread 
CMakeFiles/cmTC_329a4.dir/CheckFunctionExists.c.o: In function `main':
CheckFunctionExists.c:(.text+0x10): undefined reference to `fpclass'
collect2: error: ld returned 1 exit status
CMakeFiles/cmTC_329a4.dir/build.make:100: recipe for target 'cmTC_329a4' failed
make[1]: *** [cmTC_329a4] Error 1
make[1]: Leaving directory '/root/codes/libxml2-nju-huawei/libxml2-2.9.12_new_version/build/CMakeFiles/CMakeTmp'
Makefile:127: recipe for target 'cmTC_329a4/fast' failed
make: *** [cmTC_329a4/fast] Error 2



Determining if the function fp_class exists failed with the following output:
Change Dir: /root/codes/libxml2-nju-huawei/libxml2-2.9.12_new_version/build/CMakeFiles/CMakeTmp

Run Build Command(s):/usr/bin/make -f Makefile cmTC_739bb/fast && /usr/bin/make  -f CMakeFiles/cmTC_739bb.dir/build.make CMakeFiles/cmTC_739bb.dir/build
make[1]: Entering directory '/root/codes/libxml2-nju-huawei/libxml2-2.9.12_new_version/build/CMakeFiles/CMakeTmp'
Building C object CMakeFiles/cmTC_739bb.dir/CheckFunctionExists.c.o
/usr/bin/x86_64-linux-gnu-gcc-7   -DCHECK_FUNCTION_EXISTS=fp_class -o CMakeFiles/cmTC_739bb.dir/CheckFunctionExists.c.o -c /snap/cmake/1035/share/cmake-3.22/Modules/CheckFunctionExists.c
Linking C executable cmTC_739bb
/snap/cmake/1035/bin/cmake -E cmake_link_script CMakeFiles/cmTC_739bb.dir/link.txt --verbose=1
/usr/bin/x86_64-linux-gnu-gcc-7  -DCHECK_FUNCTION_EXISTS=fp_class CMakeFiles/cmTC_739bb.dir/CheckFunctionExists.c.o -o cmTC_739bb  /usr/lib/x86_64-linux-gnu/liblzma.so /usr/lib/x86_64-linux-gnu/libz.so -lpthread 
CMakeFiles/cmTC_739bb.dir/CheckFunctionExists.c.o: In function `main':
CheckFunctionExists.c:(.text+0x10): undefined reference to `fp_class'
collect2: error: ld returned 1 exit status
CMakeFiles/cmTC_739bb.dir/build.make:100: recipe for target 'cmTC_739bb' failed
make[1]: *** [cmTC_739bb] Error 1
make[1]: Leaving directory '/root/codes/libxml2-nju-huawei/libxml2-2.9.12_new_version/build/CMakeFiles/CMakeTmp'
Makefile:127: recipe for target 'cmTC_739bb/fast' failed
make: *** [cmTC_739bb/fast] Error 2



Determining if the function isnand exists failed with the following output:
Change Dir: /root/codes/libxml2-nju-huawei/libxml2-2.9.12_new_version/build/CMakeFiles/CMakeTmp

Run Build Command(s):/usr/bin/make -f Makefile cmTC_b2c89/fast && /usr/bin/make  -f CMakeFiles/cmTC_b2c89.dir/build.make CMakeFiles/cmTC_b2c89.dir/build
make[1]: Entering directory '/root/codes/libxml2-nju-huawei/libxml2-2.9.12_new_version/build/CMakeFiles/CMakeTmp'
Building C object CMakeFiles/cmTC_b2c89.dir/CheckFunctionExists.c.o
/usr/bin/x86_64-linux-gnu-gcc-7   -DCHECK_FUNCTION_EXISTS=isnand -o CMakeFiles/cmTC_b2c89.dir/CheckFunctionExists.c.o -c /snap/cmake/1035/share/cmake-3.22/Modules/CheckFunctionExists.c
Linking C executable cmTC_b2c89
/snap/cmake/1035/bin/cmake -E cmake_link_script CMakeFiles/cmTC_b2c89.dir/link.txt --verbose=1
/usr/bin/x86_64-linux-gnu-gcc-7  -DCHECK_FUNCTION_EXISTS=isnand CMakeFiles/cmTC_b2c89.dir/CheckFunctionExists.c.o -o cmTC_b2c89  /usr/lib/x86_64-linux-gnu/liblzma.so /usr/lib/x86_64-linux-gnu/libz.so -lpthread 
CMakeFiles/cmTC_b2c89.dir/CheckFunctionExists.c.o: In function `main':
CheckFunctionExists.c:(.text+0x10): undefined reference to `isnand'
collect2: error: ld returned 1 exit status
CMakeFiles/cmTC_b2c89.dir/build.make:100: recipe for target 'cmTC_b2c89' failed
make[1]: *** [cmTC_b2c89] Error 1
make[1]: Leaving directory '/root/codes/libxml2-nju-huawei/libxml2-2.9.12_new_version/build/CMakeFiles/CMakeTmp'
Makefile:127: recipe for target 'cmTC_b2c89/fast' failed
make: *** [cmTC_b2c89/fast] Error 2



Determining if the function append_history exists in the history failed with the following output:
Change Dir: /root/codes/libxml2-nju-huawei/libxml2-2.9.12_new_version/build/CMakeFiles/CMakeTmp

Run Build Command(s):/usr/bin/make -f Makefile cmTC_4b59a/fast && /usr/bin/make  -f CMakeFiles/cmTC_4b59a.dir/build.make CMakeFiles/cmTC_4b59a.dir/build
make[1]: Entering directory '/root/codes/libxml2-nju-huawei/libxml2-2.9.12_new_version/build/CMakeFiles/CMakeTmp'
Building C object CMakeFiles/cmTC_4b59a.dir/CheckFunctionExists.c.o
/usr/bin/x86_64-linux-gnu-gcc-7   -DCHECK_FUNCTION_EXISTS=append_history -o CMakeFiles/cmTC_4b59a.dir/CheckFunctionExists.c.o -c /snap/cmake/1035/share/cmake-3.22/Modules/CheckFunctionExists.c
Linking C executable cmTC_4b59a
/snap/cmake/1035/bin/cmake -E cmake_link_script CMakeFiles/cmTC_4b59a.dir/link.txt --verbose=1
/usr/bin/x86_64-linux-gnu-gcc-7  -DCHECK_FUNCTION_EXISTS=append_history CMakeFiles/cmTC_4b59a.dir/CheckFunctionExists.c.o -o cmTC_4b59a  -lhistory /usr/lib/x86_64-linux-gnu/liblzma.so /usr/lib/x86_64-linux-gnu/libz.so -lpthread 
/usr/bin/ld: cannot find -lhistory
collect2: error: ld returned 1 exit status
CMakeFiles/cmTC_4b59a.dir/build.make:100: recipe for target 'cmTC_4b59a' failed
make[1]: *** [cmTC_4b59a] Error 1
make[1]: Leaving directory '/root/codes/libxml2-nju-huawei/libxml2-2.9.12_new_version/build/CMakeFiles/CMakeTmp'
Makefile:127: recipe for target 'cmTC_4b59a/fast' failed
make: *** [cmTC_4b59a/fast] Error 2



Determining if the function readline exists in the readline failed with the following output:
Change Dir: /root/codes/libxml2-nju-huawei/libxml2-2.9.12_new_version/build/CMakeFiles/CMakeTmp

Run Build Command(s):/usr/bin/make -f Makefile cmTC_30915/fast && /usr/bin/make  -f CMakeFiles/cmTC_30915.dir/build.make CMakeFiles/cmTC_30915.dir/build
make[1]: Entering directory '/root/codes/libxml2-nju-huawei/libxml2-2.9.12_new_version/build/CMakeFiles/CMakeTmp'
Building C object CMakeFiles/cmTC_30915.dir/CheckFunctionExists.c.o
/usr/bin/x86_64-linux-gnu-gcc-7   -DCHECK_FUNCTION_EXISTS=readline -o CMakeFiles/cmTC_30915.dir/CheckFunctionExists.c.o -c /snap/cmake/1035/share/cmake-3.22/Modules/CheckFunctionExists.c
Linking C executable cmTC_30915
/snap/cmake/1035/bin/cmake -E cmake_link_script CMakeFiles/cmTC_30915.dir/link.txt --verbose=1
/usr/bin/x86_64-linux-gnu-gcc-7  -DCHECK_FUNCTION_EXISTS=readline CMakeFiles/cmTC_30915.dir/CheckFunctionExists.c.o -o cmTC_30915  -lreadline /usr/lib/x86_64-linux-gnu/liblzma.so /usr/lib/x86_64-linux-gnu/libz.so -lpthread 
/usr/bin/ld: cannot find -lreadline
collect2: error: ld returned 1 exit status
CMakeFiles/cmTC_30915.dir/build.make:100: recipe for target 'cmTC_30915' failed
make[1]: *** [cmTC_30915] Error 1
make[1]: Leaving directory '/root/codes/libxml2-nju-huawei/libxml2-2.9.12_new_version/build/CMakeFiles/CMakeTmp'
Makefile:127: recipe for target 'cmTC_30915/fast' failed
make: *** [cmTC_30915/fast] Error 2



Determining if the DIR exist failed with the following output:
Change Dir: /root/codes/libxml2-nju-huawei/libxml2-2.9.12_new_version/build/CMakeFiles/CMakeTmp

Run Build Command(s):/usr/bin/make -f Makefile cmTC_fe9b3/fast && /usr/bin/make  -f CMakeFiles/cmTC_fe9b3.dir/build.make CMakeFiles/cmTC_fe9b3.dir/build
make[1]: Entering directory '/root/codes/libxml2-nju-huawei/libxml2-2.9.12_new_version/build/CMakeFiles/CMakeTmp'
Building C object CMakeFiles/cmTC_fe9b3.dir/CheckSymbolExists.c.o
/usr/bin/x86_64-linux-gnu-gcc-7    -o CMakeFiles/cmTC_fe9b3.dir/CheckSymbolExists.c.o -c /root/codes/libxml2-nju-huawei/libxml2-2.9.12_new_version/build/CMakeFiles/CMakeTmp/CheckSymbolExists.c
/root/codes/libxml2-nju-huawei/libxml2-2.9.12_new_version/build/CMakeFiles/CMakeTmp/CheckSymbolExists.c:2:10: fatal error: ndir.h: No such file or directory
 #include <ndir.h>
          ^~~~~~~~
compilation terminated.
CMakeFiles/cmTC_fe9b3.dir/build.make:77: recipe for target 'CMakeFiles/cmTC_fe9b3.dir/CheckSymbolExists.c.o' failed
make[1]: *** [CMakeFiles/cmTC_fe9b3.dir/CheckSymbolExists.c.o] Error 1
make[1]: Leaving directory '/root/codes/libxml2-nju-huawei/libxml2-2.9.12_new_version/build/CMakeFiles/CMakeTmp'
Makefile:127: recipe for target 'cmTC_fe9b3/fast' failed
make: *** [cmTC_fe9b3/fast] Error 2


File /root/codes/libxml2-nju-huawei/libxml2-2.9.12_new_version/build/CMakeFiles/CMakeTmp/CheckSymbolExists.c:
/* */
#include <ndir.h>

int main(int argc, char** argv)
{
  (void)argv;
#ifndef DIR
  return ((int*)(&DIR))[argc];
#else
  (void)argc;
  return 0;
#endif
}
Determining if the function shl_load exists in the dld failed with the following output:
Change Dir: /root/codes/libxml2-nju-huawei/libxml2-2.9.12_new_version/build/CMakeFiles/CMakeTmp

Run Build Command(s):/usr/bin/make -f Makefile cmTC_6c9bc/fast && /usr/bin/make  -f CMakeFiles/cmTC_6c9bc.dir/build.make CMakeFiles/cmTC_6c9bc.dir/build
make[1]: Entering directory '/root/codes/libxml2-nju-huawei/libxml2-2.9.12_new_version/build/CMakeFiles/CMakeTmp'
Building C object CMakeFiles/cmTC_6c9bc.dir/CheckFunctionExists.c.o
/usr/bin/x86_64-linux-gnu-gcc-7   -DCHECK_FUNCTION_EXISTS=shl_load -o CMakeFiles/cmTC_6c9bc.dir/CheckFunctionExists.c.o -c /snap/cmake/1035/share/cmake-3.22/Modules/CheckFunctionExists.c
Linking C executable cmTC_6c9bc
/snap/cmake/1035/bin/cmake -E cmake_link_script CMakeFiles/cmTC_6c9bc.dir/link.txt --verbose=1
/usr/bin/x86_64-linux-gnu-gcc-7  -DCHECK_FUNCTION_EXISTS=shl_load CMakeFiles/cmTC_6c9bc.dir/CheckFunctionExists.c.o -o cmTC_6c9bc  -ldld /usr/lib/x86_64-linux-gnu/liblzma.so /usr/lib/x86_64-linux-gnu/libz.so -lpthread 
/usr/bin/ld: cannot find -ldld
collect2: error: ld returned 1 exit status
CMakeFiles/cmTC_6c9bc.dir/build.make:100: recipe for target 'cmTC_6c9bc' failed
make[1]: *** [cmTC_6c9bc] Error 1
make[1]: Leaving directory '/root/codes/libxml2-nju-huawei/libxml2-2.9.12_new_version/build/CMakeFiles/CMakeTmp'
Makefile:127: recipe for target 'cmTC_6c9bc/fast' failed
make: *** [cmTC_6c9bc/fast] Error 2



Determining if the DIR exist failed with the following output:
Change Dir: /root/codes/libxml2-nju-huawei/libxml2-2.9.12_new_version/build/CMakeFiles/CMakeTmp

Run Build Command(s):/usr/bin/make -f Makefile cmTC_309bf/fast && /usr/bin/make  -f CMakeFiles/cmTC_309bf.dir/build.make CMakeFiles/cmTC_309bf.dir/build
make[1]: Entering directory '/root/codes/libxml2-nju-huawei/libxml2-2.9.12_new_version/build/CMakeFiles/CMakeTmp'
Building C object CMakeFiles/cmTC_309bf.dir/CheckSymbolExists.c.o
/usr/bin/x86_64-linux-gnu-gcc-7    -o CMakeFiles/cmTC_309bf.dir/CheckSymbolExists.c.o -c /root/codes/libxml2-nju-huawei/libxml2-2.9.12_new_version/build/CMakeFiles/CMakeTmp/CheckSymbolExists.c
/root/codes/libxml2-nju-huawei/libxml2-2.9.12_new_version/build/CMakeFiles/CMakeTmp/CheckSymbolExists.c: In function ‘main’:
/root/codes/libxml2-nju-huawei/libxml2-2.9.12_new_version/build/CMakeFiles/CMakeTmp/CheckSymbolExists.c:8:19: error: expected expression before ‘DIR’
   return ((int*)(&DIR))[argc];
                   ^~~
CMakeFiles/cmTC_309bf.dir/build.make:77: recipe for target 'CMakeFiles/cmTC_309bf.dir/CheckSymbolExists.c.o' failed
make[1]: *** [CMakeFiles/cmTC_309bf.dir/CheckSymbolExists.c.o] Error 1
make[1]: Leaving directory '/root/codes/libxml2-nju-huawei/libxml2-2.9.12_new_version/build/CMakeFiles/CMakeTmp'
Makefile:127: recipe for target 'cmTC_309bf/fast' failed
make: *** [cmTC_309bf/fast] Error 2


File /root/codes/libxml2-nju-huawei/libxml2-2.9.12_new_version/build/CMakeFiles/CMakeTmp/CheckSymbolExists.c:
/* */
#include <sys/dir.h>

int main(int argc, char** argv)
{
  (void)argv;
#ifndef DIR
  return ((int*)(&DIR))[argc];
#else
  (void)argc;
  return 0;
#endif
}
Determining if the DIR exist failed with the following output:
Change Dir: /root/codes/libxml2-nju-huawei/libxml2-2.9.12_new_version/build/CMakeFiles/CMakeTmp

Run Build Command(s):/usr/bin/make -f Makefile cmTC_6e936/fast && /usr/bin/make  -f CMakeFiles/cmTC_6e936.dir/build.make CMakeFiles/cmTC_6e936.dir/build
make[1]: Entering directory '/root/codes/libxml2-nju-huawei/libxml2-2.9.12_new_version/build/CMakeFiles/CMakeTmp'
Building C object CMakeFiles/cmTC_6e936.dir/CheckSymbolExists.c.o
/usr/bin/x86_64-linux-gnu-gcc-7    -o CMakeFiles/cmTC_6e936.dir/CheckSymbolExists.c.o -c /root/codes/libxml2-nju-huawei/libxml2-2.9.12_new_version/build/CMakeFiles/CMakeTmp/CheckSymbolExists.c
/root/codes/libxml2-nju-huawei/libxml2-2.9.12_new_version/build/CMakeFiles/CMakeTmp/CheckSymbolExists.c:2:10: fatal error: sys/ndir.h: No such file or directory
 #include <sys/ndir.h>
          ^~~~~~~~~~~~
compilation terminated.
CMakeFiles/cmTC_6e936.dir/build.make:77: recipe for target 'CMakeFiles/cmTC_6e936.dir/CheckSymbolExists.c.o' failed
make[1]: *** [CMakeFiles/cmTC_6e936.dir/CheckSymbolExists.c.o] Error 1
make[1]: Leaving directory '/root/codes/libxml2-nju-huawei/libxml2-2.9.12_new_version/build/CMakeFiles/CMakeTmp'
Makefile:127: recipe for target 'cmTC_6e936/fast' failed
make: *** [cmTC_6e936/fast] Error 2


File /root/codes/libxml2-nju-huawei/libxml2-2.9.12_new_version/build/CMakeFiles/CMakeTmp/CheckSymbolExists.c:
/* */
#include <sys/ndir.h>

int main(int argc, char** argv)
{
  (void)argv;
#ifndef DIR
  return ((int*)(&DIR))[argc];
#else
  (void)argc;
  return 0;
#endif
}
Determining if the function va_copy exists failed with the following output:
Change Dir: /root/codes/libxml2-nju-huawei/libxml2-2.9.12_new_version/build/CMakeFiles/CMakeTmp

Run Build Command(s):/usr/bin/make -f Makefile cmTC_22bfb/fast && /usr/bin/make  -f CMakeFiles/cmTC_22bfb.dir/build.make CMakeFiles/cmTC_22bfb.dir/build
make[1]: Entering directory '/root/codes/libxml2-nju-huawei/libxml2-2.9.12_new_version/build/CMakeFiles/CMakeTmp'
Building C object CMakeFiles/cmTC_22bfb.dir/CheckFunctionExists.c.o
/usr/bin/x86_64-linux-gnu-gcc-7   -DCHECK_FUNCTION_EXISTS=va_copy -o CMakeFiles/cmTC_22bfb.dir/CheckFunctionExists.c.o -c /snap/cmake/1035/share/cmake-3.22/Modules/CheckFunctionExists.c
Linking C executable cmTC_22bfb
/snap/cmake/1035/bin/cmake -E cmake_link_script CMakeFiles/cmTC_22bfb.dir/link.txt --verbose=1
/usr/bin/x86_64-linux-gnu-gcc-7  -DCHECK_FUNCTION_EXISTS=va_copy CMakeFiles/cmTC_22bfb.dir/CheckFunctionExists.c.o -o cmTC_22bfb  /usr/lib/x86_64-linux-gnu/liblzma.so /usr/lib/x86_64-linux-gnu/libz.so -lpthread 
CMakeFiles/cmTC_22bfb.dir/CheckFunctionExists.c.o: In function `main':
CheckFunctionExists.c:(.text+0x10): undefined reference to `va_copy'
collect2: error: ld returned 1 exit status
CMakeFiles/cmTC_22bfb.dir/build.make:100: recipe for target 'cmTC_22bfb' failed
make[1]: *** [cmTC_22bfb] Error 1
make[1]: Leaving directory '/root/codes/libxml2-nju-huawei/libxml2-2.9.12_new_version/build/CMakeFiles/CMakeTmp'
Makefile:127: recipe for target 'cmTC_22bfb/fast' failed
make: *** [cmTC_22bfb/fast] Error 2



Determining if the function __va_copy exists failed with the following output:
Change Dir: /root/codes/libxml2-nju-huawei/libxml2-2.9.12_new_version/build/CMakeFiles/CMakeTmp

Run Build Command(s):/usr/bin/make -f Makefile cmTC_9138b/fast && /usr/bin/make  -f CMakeFiles/cmTC_9138b.dir/build.make CMakeFiles/cmTC_9138b.dir/build
make[1]: Entering directory '/root/codes/libxml2-nju-huawei/libxml2-2.9.12_new_version/build/CMakeFiles/CMakeTmp'
Building C object CMakeFiles/cmTC_9138b.dir/CheckFunctionExists.c.o
/usr/bin/x86_64-linux-gnu-gcc-7   -DCHECK_FUNCTION_EXISTS=__va_copy -o CMakeFiles/cmTC_9138b.dir/CheckFunctionExists.c.o -c /snap/cmake/1035/share/cmake-3.22/Modules/CheckFunctionExists.c
Linking C executable cmTC_9138b
/snap/cmake/1035/bin/cmake -E cmake_link_script CMakeFiles/cmTC_9138b.dir/link.txt --verbose=1
/usr/bin/x86_64-linux-gnu-gcc-7  -DCHECK_FUNCTION_EXISTS=__va_copy CMakeFiles/cmTC_9138b.dir/CheckFunctionExists.c.o -o cmTC_9138b  /usr/lib/x86_64-linux-gnu/liblzma.so /usr/lib/x86_64-linux-gnu/libz.so -lpthread 
CMakeFiles/cmTC_9138b.dir/CheckFunctionExists.c.o: In function `main':
CheckFunctionExists.c:(.text+0x10): undefined reference to `__va_copy'
collect2: error: ld returned 1 exit status
CMakeFiles/cmTC_9138b.dir/build.make:100: recipe for target 'cmTC_9138b' failed
make[1]: *** [cmTC_9138b] Error 1
make[1]: Leaving directory '/root/codes/libxml2-nju-huawei/libxml2-2.9.12_new_version/build/CMakeFiles/CMakeTmp'
Makefile:127: recipe for target 'cmTC_9138b/fast' failed
make: *** [cmTC_9138b/fast] Error 2



Performing C SOURCE FILE Test VA_LIST_IS_ARRAY_TEST failed with the following output:
Change Dir: /root/codes/libxml2-nju-huawei/libxml2-2.9.12_new_version/build/CMakeFiles/CMakeTmp

Run Build Command(s):/usr/bin/make -f Makefile cmTC_2864c/fast && /usr/bin/make  -f CMakeFiles/cmTC_2864c.dir/build.make CMakeFiles/cmTC_2864c.dir/build
make[1]: Entering directory '/root/codes/libxml2-nju-huawei/libxml2-2.9.12_new_version/build/CMakeFiles/CMakeTmp'
Building C object CMakeFiles/cmTC_2864c.dir/src.c.o
/usr/bin/x86_64-linux-gnu-gcc-7 -DVA_LIST_IS_ARRAY_TEST   -o CMakeFiles/cmTC_2864c.dir/src.c.o -c /root/codes/libxml2-nju-huawei/libxml2-2.9.12_new_version/build/CMakeFiles/CMakeTmp/src.c
/root/codes/libxml2-nju-huawei/libxml2-2.9.12_new_version/build/CMakeFiles/CMakeTmp/src.c: In function ‘main’:
/root/codes/libxml2-nju-huawei/libxml2-2.9.12_new_version/build/CMakeFiles/CMakeTmp/src.c:4:49: error: cast specifies array type
   int main() { va_list ap1, ap2; a(&ap1); ap2 = (va_list) ap1; return 0; }
                                                 ^
CMakeFiles/cmTC_2864c.dir/build.make:77: recipe for target 'CMakeFiles/cmTC_2864c.dir/src.c.o' failed
make[1]: *** [CMakeFiles/cmTC_2864c.dir/src.c.o] Error 1
make[1]: Leaving directory '/root/codes/libxml2-nju-huawei/libxml2-2.9.12_new_version/build/CMakeFiles/CMakeTmp'
Makefile:127: recipe for target 'cmTC_2864c/fast' failed
make: *** [cmTC_2864c/fast] Error 2


Source file was:

		#include <stdarg.h>
		void a(va_list* ap) {};
		int main() { va_list ap1, ap2; a(&ap1); ap2 = (va_list) ap1; return 0; }
	
